{"/Users/andeladeveloper/Desktop/more-recipes/More-Recipes/client/constant.js": {"path":"/Users/andeladeveloper/Desktop/more-recipes/More-Recipes/client/constant.js","statementMap":{"0":{"start":{"line":1,"column":18},"end":{"line":39,"column":1}}},"fnMap":{},"branchMap":{},"s":{"0":6},"f":{},"b":{},"_coverageSchema":"332fd63041d2c1bcb487cc26dd0d5f7d97098a6c","hash":"2c80cb10c96697484168581969b27f24ecc47ff8"}
,"/Users/andeladeveloper/Desktop/more-recipes/More-Recipes/client/__tests__/setupTests.js": {"path":"/Users/andeladeveloper/Desktop/more-recipes/More-Recipes/client/__tests__/setupTests.js","statementMap":{"0":{"start":{"line":4,"column":0},"end":{"line":4,"column":38}}},"fnMap":{},"branchMap":{},"s":{"0":7},"f":{},"b":{},"_coverageSchema":"332fd63041d2c1bcb487cc26dd0d5f7d97098a6c","hash":"c9ed052bc56a7f4943b9ec13614d3ee72b8d7f68"}
,"/Users/andeladeveloper/Desktop/more-recipes/More-Recipes/client/actions/actions.js": {"path":"/Users/andeladeveloper/Desktop/more-recipes/More-Recipes/client/actions/actions.js","statementMap":{"0":{"start":{"line":4,"column":13},"end":{"line":5,"column":72}},"1":{"start":{"line":8,"column":25},"end":{"line":34,"column":1}},"2":{"start":{"line":9,"column":2},"end":{"line":33,"column":3}},"3":{"start":{"line":10,"column":21},"end":{"line":10,"column":54}},"4":{"start":{"line":11,"column":22},"end":{"line":11,"column":36}},"5":{"start":{"line":12,"column":21},"end":{"line":17,"column":6}},"6":{"start":{"line":18,"column":4},"end":{"line":18,"column":42}},"7":{"start":{"line":19,"column":4},"end":{"line":22,"column":7}},"8":{"start":{"line":24,"column":4},"end":{"line":32,"column":5}},"9":{"start":{"line":26,"column":6},"end":{"line":26,"column":42}},"10":{"start":{"line":27,"column":6},"end":{"line":27,"column":59}},"11":{"start":{"line":28,"column":6},"end":{"line":31,"column":8}},"12":{"start":{"line":36,"column":29},"end":{"line":46,"column":1}},"13":{"start":{"line":37,"column":19},"end":{"line":37,"column":73}},"14":{"start":{"line":39,"column":2},"end":{"line":45,"column":4}},"15":{"start":{"line":48,"column":29},"end":{"line":57,"column":1}},"16":{"start":{"line":49,"column":19},"end":{"line":49,"column":97}},"17":{"start":{"line":50,"column":2},"end":{"line":56,"column":4}},"18":{"start":{"line":59,"column":32},"end":{"line":65,"column":1}},"19":{"start":{"line":60,"column":19},"end":{"line":60,"column":67}},"20":{"start":{"line":61,"column":2},"end":{"line":64,"column":4}},"21":{"start":{"line":67,"column":33},"end":{"line":73,"column":1}},"22":{"start":{"line":68,"column":19},"end":{"line":68,"column":68}},"23":{"start":{"line":69,"column":2},"end":{"line":72,"column":4}},"24":{"start":{"line":75,"column":31},"end":{"line":95,"column":1}},"25":{"start":{"line":76,"column":19},"end":{"line":77,"column":42}},"26":{"start":{"line":79,"column":20},"end":{"line":79,"column":50}},"27":{"start":{"line":81,"column":2},"end":{"line":89,"column":3}},"28":{"start":{"line":82,"column":4},"end":{"line":86,"column":7}},"29":{"start":{"line":88,"column":4},"end":{"line":88,"column":69}},"30":{"start":{"line":91,"column":2},"end":{"line":94,"column":4}},"31":{"start":{"line":97,"column":30},"end":{"line":124,"column":1}},"32":{"start":{"line":98,"column":2},"end":{"line":123,"column":3}},"33":{"start":{"line":99,"column":21},"end":{"line":99,"column":54}},"34":{"start":{"line":100,"column":22},"end":{"line":100,"column":36}},"35":{"start":{"line":101,"column":19},"end":{"line":101,"column":35}},"36":{"start":{"line":103,"column":24},"end":{"line":107,"column":6}},"37":{"start":{"line":109,"column":4},"end":{"line":112,"column":6}},"38":{"start":{"line":114,"column":4},"end":{"line":122,"column":5}},"39":{"start":{"line":116,"column":6},"end":{"line":116,"column":42}},"40":{"start":{"line":117,"column":6},"end":{"line":117,"column":59}},"41":{"start":{"line":118,"column":6},"end":{"line":121,"column":8}},"42":{"start":{"line":127,"column":22},"end":{"line":160,"column":1}},"43":{"start":{"line":128,"column":2},"end":{"line":159,"column":3}},"44":{"start":{"line":129,"column":21},"end":{"line":132,"column":5}},"45":{"start":{"line":133,"column":28},"end":{"line":133,"column":41}},"46":{"start":{"line":134,"column":4},"end":{"line":134,"column":45}},"47":{"start":{"line":135,"column":4},"end":{"line":135,"column":68}},"48":{"start":{"line":136,"column":4},"end":{"line":136,"column":42}},"49":{"start":{"line":137,"column":4},"end":{"line":142,"column":6}},"50":{"start":{"line":144,"column":4},"end":{"line":152,"column":5}},"51":{"start":{"line":146,"column":6},"end":{"line":146,"column":42}},"52":{"start":{"line":147,"column":6},"end":{"line":147,"column":59}},"53":{"start":{"line":148,"column":6},"end":{"line":151,"column":8}},"54":{"start":{"line":153,"column":4},"end":{"line":153,"column":40}},"55":{"start":{"line":154,"column":4},"end":{"line":158,"column":6}},"56":{"start":{"line":162,"column":22},"end":{"line":194,"column":1}},"57":{"start":{"line":163,"column":2},"end":{"line":193,"column":3}},"58":{"start":{"line":164,"column":21},"end":{"line":167,"column":5}},"59":{"start":{"line":168,"column":28},"end":{"line":168,"column":41}},"60":{"start":{"line":169,"column":4},"end":{"line":169,"column":68}},"61":{"start":{"line":170,"column":4},"end":{"line":170,"column":42}},"62":{"start":{"line":171,"column":4},"end":{"line":176,"column":6}},"63":{"start":{"line":178,"column":4},"end":{"line":186,"column":5}},"64":{"start":{"line":180,"column":6},"end":{"line":180,"column":42}},"65":{"start":{"line":181,"column":6},"end":{"line":181,"column":59}},"66":{"start":{"line":182,"column":6},"end":{"line":185,"column":8}},"67":{"start":{"line":187,"column":4},"end":{"line":187,"column":40}},"68":{"start":{"line":188,"column":4},"end":{"line":192,"column":6}},"69":{"start":{"line":196,"column":28},"end":{"line":222,"column":1}},"70":{"start":{"line":197,"column":2},"end":{"line":221,"column":3}},"71":{"start":{"line":198,"column":21},"end":{"line":198,"column":54}},"72":{"start":{"line":199,"column":22},"end":{"line":199,"column":36}},"73":{"start":{"line":201,"column":21},"end":{"line":205,"column":6}},"74":{"start":{"line":206,"column":4},"end":{"line":206,"column":42}},"75":{"start":{"line":207,"column":4},"end":{"line":210,"column":6}},"76":{"start":{"line":212,"column":4},"end":{"line":220,"column":5}},"77":{"start":{"line":214,"column":6},"end":{"line":214,"column":42}},"78":{"start":{"line":215,"column":6},"end":{"line":215,"column":59}},"79":{"start":{"line":216,"column":6},"end":{"line":219,"column":8}},"80":{"start":{"line":224,"column":26},"end":{"line":251,"column":1}},"81":{"start":{"line":225,"column":2},"end":{"line":250,"column":3}},"82":{"start":{"line":226,"column":21},"end":{"line":226,"column":54}},"83":{"start":{"line":227,"column":22},"end":{"line":227,"column":36}},"84":{"start":{"line":229,"column":21},"end":{"line":234,"column":6}},"85":{"start":{"line":235,"column":4},"end":{"line":235,"column":42}},"86":{"start":{"line":236,"column":4},"end":{"line":239,"column":7}},"87":{"start":{"line":241,"column":4},"end":{"line":249,"column":5}},"88":{"start":{"line":243,"column":6},"end":{"line":243,"column":42}},"89":{"start":{"line":244,"column":6},"end":{"line":244,"column":59}},"90":{"start":{"line":245,"column":6},"end":{"line":248,"column":8}},"91":{"start":{"line":253,"column":31},"end":{"line":279,"column":1}},"92":{"start":{"line":254,"column":2},"end":{"line":278,"column":3}},"93":{"start":{"line":255,"column":21},"end":{"line":255,"column":54}},"94":{"start":{"line":256,"column":22},"end":{"line":256,"column":36}},"95":{"start":{"line":257,"column":21},"end":{"line":262,"column":6}},"96":{"start":{"line":263,"column":4},"end":{"line":263,"column":42}},"97":{"start":{"line":264,"column":4},"end":{"line":267,"column":7}},"98":{"start":{"line":269,"column":4},"end":{"line":277,"column":5}},"99":{"start":{"line":271,"column":6},"end":{"line":271,"column":42}},"100":{"start":{"line":272,"column":6},"end":{"line":272,"column":59}},"101":{"start":{"line":273,"column":6},"end":{"line":276,"column":8}},"102":{"start":{"line":282,"column":32},"end":{"line":309,"column":1}},"103":{"start":{"line":283,"column":2},"end":{"line":308,"column":3}},"104":{"start":{"line":284,"column":21},"end":{"line":284,"column":54}},"105":{"start":{"line":285,"column":22},"end":{"line":285,"column":36}},"106":{"start":{"line":286,"column":21},"end":{"line":291,"column":6}},"107":{"start":{"line":293,"column":4},"end":{"line":293,"column":42}},"108":{"start":{"line":294,"column":4},"end":{"line":297,"column":7}},"109":{"start":{"line":299,"column":4},"end":{"line":307,"column":5}},"110":{"start":{"line":301,"column":6},"end":{"line":301,"column":42}},"111":{"start":{"line":302,"column":6},"end":{"line":302,"column":59}},"112":{"start":{"line":303,"column":6},"end":{"line":306,"column":8}},"113":{"start":{"line":311,"column":25},"end":{"line":343,"column":1}},"114":{"start":{"line":312,"column":2},"end":{"line":342,"column":3}},"115":{"start":{"line":313,"column":21},"end":{"line":313,"column":54}},"116":{"start":{"line":314,"column":22},"end":{"line":314,"column":36}},"117":{"start":{"line":316,"column":21},"end":{"line":321,"column":6}},"118":{"start":{"line":322,"column":4},"end":{"line":322,"column":42}},"119":{"start":{"line":323,"column":4},"end":{"line":326,"column":6}},"120":{"start":{"line":328,"column":4},"end":{"line":336,"column":5}},"121":{"start":{"line":330,"column":6},"end":{"line":330,"column":42}},"122":{"start":{"line":331,"column":6},"end":{"line":331,"column":59}},"123":{"start":{"line":332,"column":6},"end":{"line":335,"column":8}},"124":{"start":{"line":337,"column":4},"end":{"line":341,"column":6}},"125":{"start":{"line":345,"column":32},"end":{"line":380,"column":1}},"126":{"start":{"line":346,"column":2},"end":{"line":379,"column":3}},"127":{"start":{"line":349,"column":26},"end":{"line":352,"column":6}},"128":{"start":{"line":354,"column":4},"end":{"line":358,"column":5}},"129":{"start":{"line":355,"column":6},"end":{"line":355,"column":44}},"130":{"start":{"line":357,"column":6},"end":{"line":357,"column":23}},"131":{"start":{"line":360,"column":4},"end":{"line":363,"column":6}},"132":{"start":{"line":365,"column":4},"end":{"line":373,"column":5}},"133":{"start":{"line":367,"column":6},"end":{"line":367,"column":42}},"134":{"start":{"line":368,"column":6},"end":{"line":368,"column":59}},"135":{"start":{"line":369,"column":6},"end":{"line":372,"column":8}},"136":{"start":{"line":374,"column":4},"end":{"line":378,"column":6}},"137":{"start":{"line":382,"column":24},"end":{"line":403,"column":1}},"138":{"start":{"line":383,"column":2},"end":{"line":402,"column":3}},"139":{"start":{"line":384,"column":21},"end":{"line":387,"column":6}},"140":{"start":{"line":388,"column":4},"end":{"line":391,"column":6}},"141":{"start":{"line":393,"column":4},"end":{"line":401,"column":5}},"142":{"start":{"line":395,"column":6},"end":{"line":395,"column":42}},"143":{"start":{"line":396,"column":6},"end":{"line":396,"column":59}},"144":{"start":{"line":397,"column":6},"end":{"line":400,"column":8}},"145":{"start":{"line":405,"column":28},"end":{"line":433,"column":1}},"146":{"start":{"line":406,"column":2},"end":{"line":432,"column":3}},"147":{"start":{"line":407,"column":21},"end":{"line":407,"column":54}},"148":{"start":{"line":408,"column":22},"end":{"line":408,"column":36}},"149":{"start":{"line":410,"column":21},"end":{"line":414,"column":6}},"150":{"start":{"line":416,"column":4},"end":{"line":416,"column":42}},"151":{"start":{"line":417,"column":4},"end":{"line":420,"column":6}},"152":{"start":{"line":422,"column":4},"end":{"line":430,"column":5}},"153":{"start":{"line":424,"column":6},"end":{"line":424,"column":42}},"154":{"start":{"line":425,"column":6},"end":{"line":425,"column":59}},"155":{"start":{"line":426,"column":6},"end":{"line":429,"column":8}},"156":{"start":{"line":431,"column":4},"end":{"line":431,"column":40}},"157":{"start":{"line":435,"column":30},"end":{"line":463,"column":1}},"158":{"start":{"line":436,"column":2},"end":{"line":462,"column":3}},"159":{"start":{"line":437,"column":21},"end":{"line":437,"column":54}},"160":{"start":{"line":438,"column":22},"end":{"line":438,"column":36}},"161":{"start":{"line":440,"column":21},"end":{"line":444,"column":6}},"162":{"start":{"line":446,"column":4},"end":{"line":446,"column":42}},"163":{"start":{"line":447,"column":4},"end":{"line":450,"column":6}},"164":{"start":{"line":452,"column":4},"end":{"line":460,"column":5}},"165":{"start":{"line":454,"column":6},"end":{"line":454,"column":42}},"166":{"start":{"line":455,"column":6},"end":{"line":455,"column":59}},"167":{"start":{"line":456,"column":6},"end":{"line":459,"column":8}},"168":{"start":{"line":461,"column":4},"end":{"line":461,"column":40}},"169":{"start":{"line":465,"column":35},"end":{"line":495,"column":1}},"170":{"start":{"line":466,"column":2},"end":{"line":494,"column":3}},"171":{"start":{"line":467,"column":21},"end":{"line":467,"column":54}},"172":{"start":{"line":468,"column":22},"end":{"line":468,"column":36}},"173":{"start":{"line":469,"column":19},"end":{"line":469,"column":35}},"174":{"start":{"line":471,"column":21},"end":{"line":475,"column":6}},"175":{"start":{"line":477,"column":4},"end":{"line":483,"column":6}},"176":{"start":{"line":485,"column":4},"end":{"line":493,"column":5}},"177":{"start":{"line":487,"column":6},"end":{"line":487,"column":42}},"178":{"start":{"line":488,"column":6},"end":{"line":488,"column":59}},"179":{"start":{"line":489,"column":6},"end":{"line":492,"column":8}},"180":{"start":{"line":497,"column":33},"end":{"line":529,"column":1}},"181":{"start":{"line":498,"column":2},"end":{"line":528,"column":3}},"182":{"start":{"line":499,"column":21},"end":{"line":499,"column":54}},"183":{"start":{"line":500,"column":22},"end":{"line":500,"column":36}},"184":{"start":{"line":502,"column":21},"end":{"line":506,"column":6}},"185":{"start":{"line":507,"column":4},"end":{"line":507,"column":42}},"186":{"start":{"line":508,"column":4},"end":{"line":511,"column":7}},"187":{"start":{"line":513,"column":4},"end":{"line":521,"column":5}},"188":{"start":{"line":515,"column":6},"end":{"line":515,"column":42}},"189":{"start":{"line":516,"column":6},"end":{"line":516,"column":59}},"190":{"start":{"line":517,"column":6},"end":{"line":520,"column":8}},"191":{"start":{"line":522,"column":4},"end":{"line":522,"column":40}},"192":{"start":{"line":523,"column":4},"end":{"line":527,"column":6}},"193":{"start":{"line":531,"column":36},"end":{"line":557,"column":1}},"194":{"start":{"line":532,"column":2},"end":{"line":556,"column":3}},"195":{"start":{"line":533,"column":21},"end":{"line":533,"column":54}},"196":{"start":{"line":534,"column":22},"end":{"line":534,"column":36}},"197":{"start":{"line":536,"column":21},"end":{"line":540,"column":6}},"198":{"start":{"line":541,"column":4},"end":{"line":541,"column":42}},"199":{"start":{"line":542,"column":4},"end":{"line":545,"column":6}},"200":{"start":{"line":547,"column":4},"end":{"line":555,"column":5}},"201":{"start":{"line":549,"column":6},"end":{"line":549,"column":42}},"202":{"start":{"line":550,"column":6},"end":{"line":550,"column":59}},"203":{"start":{"line":551,"column":6},"end":{"line":554,"column":8}},"204":{"start":{"line":559,"column":23},"end":{"line":572,"column":1}},"205":{"start":{"line":560,"column":2},"end":{"line":571,"column":3}},"206":{"start":{"line":561,"column":4},"end":{"line":564,"column":6}},"207":{"start":{"line":566,"column":4},"end":{"line":570,"column":6}}},"fnMap":{"0":{"name":"(anonymous_0)","decl":{"start":{"line":8,"column":25},"end":{"line":8,"column":26}},"loc":{"start":{"line":8,"column":49},"end":{"line":34,"column":1}},"line":8},"1":{"name":"(anonymous_1)","decl":{"start":{"line":36,"column":29},"end":{"line":36,"column":30}},"loc":{"start":{"line":36,"column":45},"end":{"line":46,"column":1}},"line":36},"2":{"name":"(anonymous_2)","decl":{"start":{"line":48,"column":29},"end":{"line":48,"column":30}},"loc":{"start":{"line":48,"column":53},"end":{"line":57,"column":1}},"line":48},"3":{"name":"(anonymous_3)","decl":{"start":{"line":59,"column":32},"end":{"line":59,"column":33}},"loc":{"start":{"line":59,"column":44},"end":{"line":65,"column":1}},"line":59},"4":{"name":"(anonymous_4)","decl":{"start":{"line":67,"column":33},"end":{"line":67,"column":34}},"loc":{"start":{"line":67,"column":45},"end":{"line":73,"column":1}},"line":67},"5":{"name":"(anonymous_5)","decl":{"start":{"line":75,"column":31},"end":{"line":75,"column":32}},"loc":{"start":{"line":75,"column":51},"end":{"line":95,"column":1}},"line":75},"6":{"name":"(anonymous_6)","decl":{"start":{"line":97,"column":30},"end":{"line":97,"column":31}},"loc":{"start":{"line":97,"column":42},"end":{"line":124,"column":1}},"line":97},"7":{"name":"(anonymous_7)","decl":{"start":{"line":127,"column":22},"end":{"line":127,"column":23}},"loc":{"start":{"line":127,"column":44},"end":{"line":160,"column":1}},"line":127},"8":{"name":"(anonymous_8)","decl":{"start":{"line":162,"column":22},"end":{"line":162,"column":23}},"loc":{"start":{"line":162,"column":44},"end":{"line":194,"column":1}},"line":162},"9":{"name":"(anonymous_9)","decl":{"start":{"line":196,"column":28},"end":{"line":196,"column":29}},"loc":{"start":{"line":196,"column":48},"end":{"line":222,"column":1}},"line":196},"10":{"name":"(anonymous_10)","decl":{"start":{"line":224,"column":26},"end":{"line":224,"column":27}},"loc":{"start":{"line":224,"column":60},"end":{"line":251,"column":1}},"line":224},"11":{"name":"(anonymous_11)","decl":{"start":{"line":253,"column":31},"end":{"line":253,"column":32}},"loc":{"start":{"line":253,"column":61},"end":{"line":279,"column":1}},"line":253},"12":{"name":"(anonymous_12)","decl":{"start":{"line":282,"column":32},"end":{"line":282,"column":33}},"loc":{"start":{"line":282,"column":62},"end":{"line":309,"column":1}},"line":282},"13":{"name":"(anonymous_13)","decl":{"start":{"line":311,"column":25},"end":{"line":311,"column":26}},"loc":{"start":{"line":311,"column":57},"end":{"line":343,"column":1}},"line":311},"14":{"name":"(anonymous_14)","decl":{"start":{"line":345,"column":32},"end":{"line":345,"column":33}},"loc":{"start":{"line":345,"column":52},"end":{"line":380,"column":1}},"line":345},"15":{"name":"(anonymous_15)","decl":{"start":{"line":382,"column":24},"end":{"line":382,"column":25}},"loc":{"start":{"line":382,"column":36},"end":{"line":403,"column":1}},"line":382},"16":{"name":"(anonymous_16)","decl":{"start":{"line":405,"column":28},"end":{"line":405,"column":29}},"loc":{"start":{"line":405,"column":56},"end":{"line":433,"column":1}},"line":405},"17":{"name":"(anonymous_17)","decl":{"start":{"line":435,"column":30},"end":{"line":435,"column":31}},"loc":{"start":{"line":435,"column":50},"end":{"line":463,"column":1}},"line":435},"18":{"name":"(anonymous_18)","decl":{"start":{"line":465,"column":35},"end":{"line":465,"column":36}},"loc":{"start":{"line":465,"column":51},"end":{"line":495,"column":1}},"line":465},"19":{"name":"(anonymous_19)","decl":{"start":{"line":497,"column":33},"end":{"line":497,"column":34}},"loc":{"start":{"line":497,"column":53},"end":{"line":529,"column":1}},"line":497},"20":{"name":"(anonymous_20)","decl":{"start":{"line":531,"column":36},"end":{"line":531,"column":37}},"loc":{"start":{"line":531,"column":56},"end":{"line":557,"column":1}},"line":531},"21":{"name":"(anonymous_21)","decl":{"start":{"line":559,"column":23},"end":{"line":559,"column":24}},"loc":{"start":{"line":559,"column":35},"end":{"line":572,"column":1}},"line":559}},"branchMap":{"0":{"loc":{"start":{"line":4,"column":13},"end":{"line":5,"column":72}},"type":"cond-expr","locations":[{"start":{"line":5,"column":2},"end":{"line":5,"column":46}},{"start":{"line":5,"column":49},"end":{"line":5,"column":72}}],"line":4},"1":{"loc":{"start":{"line":24,"column":4},"end":{"line":32,"column":5}},"type":"if","locations":[{"start":{"line":24,"column":4},"end":{"line":32,"column":5}},{"start":{"line":24,"column":4},"end":{"line":32,"column":5}}],"line":24},"2":{"loc":{"start":{"line":24,"column":8},"end":{"line":25,"column":55}},"type":"binary-expr","locations":[{"start":{"line":24,"column":8},"end":{"line":24,"column":41}},{"start":{"line":25,"column":7},"end":{"line":25,"column":55}}],"line":24},"3":{"loc":{"start":{"line":76,"column":19},"end":{"line":77,"column":42}},"type":"cond-expr","locations":[{"start":{"line":77,"column":4},"end":{"line":77,"column":37}},{"start":{"line":77,"column":40},"end":{"line":77,"column":42}}],"line":76},"4":{"loc":{"start":{"line":79,"column":20},"end":{"line":79,"column":50}},"type":"cond-expr","locations":[{"start":{"line":79,"column":31},"end":{"line":79,"column":45}},{"start":{"line":79,"column":48},"end":{"line":79,"column":50}}],"line":79},"5":{"loc":{"start":{"line":81,"column":2},"end":{"line":89,"column":3}},"type":"if","locations":[{"start":{"line":81,"column":2},"end":{"line":89,"column":3}},{"start":{"line":81,"column":2},"end":{"line":89,"column":3}}],"line":81},"6":{"loc":{"start":{"line":114,"column":4},"end":{"line":122,"column":5}},"type":"if","locations":[{"start":{"line":114,"column":4},"end":{"line":122,"column":5}},{"start":{"line":114,"column":4},"end":{"line":122,"column":5}}],"line":114},"7":{"loc":{"start":{"line":114,"column":8},"end":{"line":115,"column":54}},"type":"binary-expr","locations":[{"start":{"line":114,"column":8},"end":{"line":114,"column":41}},{"start":{"line":115,"column":6},"end":{"line":115,"column":54}}],"line":114},"8":{"loc":{"start":{"line":144,"column":4},"end":{"line":152,"column":5}},"type":"if","locations":[{"start":{"line":144,"column":4},"end":{"line":152,"column":5}},{"start":{"line":144,"column":4},"end":{"line":152,"column":5}}],"line":144},"9":{"loc":{"start":{"line":144,"column":8},"end":{"line":145,"column":54}},"type":"binary-expr","locations":[{"start":{"line":144,"column":8},"end":{"line":144,"column":41}},{"start":{"line":145,"column":6},"end":{"line":145,"column":54}}],"line":144},"10":{"loc":{"start":{"line":178,"column":4},"end":{"line":186,"column":5}},"type":"if","locations":[{"start":{"line":178,"column":4},"end":{"line":186,"column":5}},{"start":{"line":178,"column":4},"end":{"line":186,"column":5}}],"line":178},"11":{"loc":{"start":{"line":178,"column":8},"end":{"line":179,"column":54}},"type":"binary-expr","locations":[{"start":{"line":178,"column":8},"end":{"line":178,"column":41}},{"start":{"line":179,"column":6},"end":{"line":179,"column":54}}],"line":178},"12":{"loc":{"start":{"line":212,"column":4},"end":{"line":220,"column":5}},"type":"if","locations":[{"start":{"line":212,"column":4},"end":{"line":220,"column":5}},{"start":{"line":212,"column":4},"end":{"line":220,"column":5}}],"line":212},"13":{"loc":{"start":{"line":212,"column":8},"end":{"line":213,"column":54}},"type":"binary-expr","locations":[{"start":{"line":212,"column":8},"end":{"line":212,"column":41}},{"start":{"line":213,"column":6},"end":{"line":213,"column":54}}],"line":212},"14":{"loc":{"start":{"line":241,"column":4},"end":{"line":249,"column":5}},"type":"if","locations":[{"start":{"line":241,"column":4},"end":{"line":249,"column":5}},{"start":{"line":241,"column":4},"end":{"line":249,"column":5}}],"line":241},"15":{"loc":{"start":{"line":241,"column":8},"end":{"line":242,"column":54}},"type":"binary-expr","locations":[{"start":{"line":241,"column":8},"end":{"line":241,"column":41}},{"start":{"line":242,"column":6},"end":{"line":242,"column":54}}],"line":241},"16":{"loc":{"start":{"line":269,"column":4},"end":{"line":277,"column":5}},"type":"if","locations":[{"start":{"line":269,"column":4},"end":{"line":277,"column":5}},{"start":{"line":269,"column":4},"end":{"line":277,"column":5}}],"line":269},"17":{"loc":{"start":{"line":269,"column":8},"end":{"line":270,"column":54}},"type":"binary-expr","locations":[{"start":{"line":269,"column":8},"end":{"line":269,"column":41}},{"start":{"line":270,"column":6},"end":{"line":270,"column":54}}],"line":269},"18":{"loc":{"start":{"line":299,"column":4},"end":{"line":307,"column":5}},"type":"if","locations":[{"start":{"line":299,"column":4},"end":{"line":307,"column":5}},{"start":{"line":299,"column":4},"end":{"line":307,"column":5}}],"line":299},"19":{"loc":{"start":{"line":299,"column":8},"end":{"line":300,"column":54}},"type":"binary-expr","locations":[{"start":{"line":299,"column":8},"end":{"line":299,"column":41}},{"start":{"line":300,"column":6},"end":{"line":300,"column":54}}],"line":299},"20":{"loc":{"start":{"line":328,"column":4},"end":{"line":336,"column":5}},"type":"if","locations":[{"start":{"line":328,"column":4},"end":{"line":336,"column":5}},{"start":{"line":328,"column":4},"end":{"line":336,"column":5}}],"line":328},"21":{"loc":{"start":{"line":328,"column":8},"end":{"line":329,"column":54}},"type":"binary-expr","locations":[{"start":{"line":328,"column":8},"end":{"line":328,"column":41}},{"start":{"line":329,"column":6},"end":{"line":329,"column":54}}],"line":328},"22":{"loc":{"start":{"line":354,"column":4},"end":{"line":358,"column":5}},"type":"if","locations":[{"start":{"line":354,"column":4},"end":{"line":358,"column":5}},{"start":{"line":354,"column":4},"end":{"line":358,"column":5}}],"line":354},"23":{"loc":{"start":{"line":365,"column":4},"end":{"line":373,"column":5}},"type":"if","locations":[{"start":{"line":365,"column":4},"end":{"line":373,"column":5}},{"start":{"line":365,"column":4},"end":{"line":373,"column":5}}],"line":365},"24":{"loc":{"start":{"line":365,"column":8},"end":{"line":366,"column":54}},"type":"binary-expr","locations":[{"start":{"line":365,"column":8},"end":{"line":365,"column":41}},{"start":{"line":366,"column":6},"end":{"line":366,"column":54}}],"line":365},"25":{"loc":{"start":{"line":393,"column":4},"end":{"line":401,"column":5}},"type":"if","locations":[{"start":{"line":393,"column":4},"end":{"line":401,"column":5}},{"start":{"line":393,"column":4},"end":{"line":401,"column":5}}],"line":393},"26":{"loc":{"start":{"line":393,"column":8},"end":{"line":394,"column":54}},"type":"binary-expr","locations":[{"start":{"line":393,"column":8},"end":{"line":393,"column":41}},{"start":{"line":394,"column":6},"end":{"line":394,"column":54}}],"line":393},"27":{"loc":{"start":{"line":422,"column":4},"end":{"line":430,"column":5}},"type":"if","locations":[{"start":{"line":422,"column":4},"end":{"line":430,"column":5}},{"start":{"line":422,"column":4},"end":{"line":430,"column":5}}],"line":422},"28":{"loc":{"start":{"line":422,"column":8},"end":{"line":423,"column":54}},"type":"binary-expr","locations":[{"start":{"line":422,"column":8},"end":{"line":422,"column":41}},{"start":{"line":423,"column":6},"end":{"line":423,"column":54}}],"line":422},"29":{"loc":{"start":{"line":452,"column":4},"end":{"line":460,"column":5}},"type":"if","locations":[{"start":{"line":452,"column":4},"end":{"line":460,"column":5}},{"start":{"line":452,"column":4},"end":{"line":460,"column":5}}],"line":452},"30":{"loc":{"start":{"line":452,"column":8},"end":{"line":453,"column":54}},"type":"binary-expr","locations":[{"start":{"line":452,"column":8},"end":{"line":452,"column":41}},{"start":{"line":453,"column":6},"end":{"line":453,"column":54}}],"line":452},"31":{"loc":{"start":{"line":485,"column":4},"end":{"line":493,"column":5}},"type":"if","locations":[{"start":{"line":485,"column":4},"end":{"line":493,"column":5}},{"start":{"line":485,"column":4},"end":{"line":493,"column":5}}],"line":485},"32":{"loc":{"start":{"line":485,"column":8},"end":{"line":486,"column":54}},"type":"binary-expr","locations":[{"start":{"line":485,"column":8},"end":{"line":485,"column":41}},{"start":{"line":486,"column":6},"end":{"line":486,"column":54}}],"line":485},"33":{"loc":{"start":{"line":513,"column":4},"end":{"line":521,"column":5}},"type":"if","locations":[{"start":{"line":513,"column":4},"end":{"line":521,"column":5}},{"start":{"line":513,"column":4},"end":{"line":521,"column":5}}],"line":513},"34":{"loc":{"start":{"line":513,"column":8},"end":{"line":514,"column":54}},"type":"binary-expr","locations":[{"start":{"line":513,"column":8},"end":{"line":513,"column":41}},{"start":{"line":514,"column":6},"end":{"line":514,"column":54}}],"line":513},"35":{"loc":{"start":{"line":547,"column":4},"end":{"line":555,"column":5}},"type":"if","locations":[{"start":{"line":547,"column":4},"end":{"line":555,"column":5}},{"start":{"line":547,"column":4},"end":{"line":555,"column":5}}],"line":547},"36":{"loc":{"start":{"line":547,"column":8},"end":{"line":548,"column":54}},"type":"binary-expr","locations":[{"start":{"line":547,"column":8},"end":{"line":547,"column":41}},{"start":{"line":548,"column":6},"end":{"line":548,"column":54}}],"line":547}},"s":{"0":3,"1":3,"2":1,"3":1,"4":1,"5":1,"6":1,"7":1,"8":0,"9":0,"10":0,"11":0,"12":3,"13":1,"14":1,"15":3,"16":1,"17":1,"18":3,"19":1,"20":1,"21":3,"22":1,"23":1,"24":3,"25":1,"26":1,"27":1,"28":1,"29":0,"30":1,"31":3,"32":1,"33":1,"34":1,"35":1,"36":1,"37":1,"38":0,"39":0,"40":0,"41":0,"42":3,"43":1,"44":1,"45":1,"46":1,"47":1,"48":1,"49":1,"50":0,"51":0,"52":0,"53":0,"54":0,"55":0,"56":3,"57":1,"58":1,"59":1,"60":1,"61":1,"62":1,"63":0,"64":0,"65":0,"66":0,"67":0,"68":0,"69":3,"70":1,"71":1,"72":1,"73":1,"74":1,"75":1,"76":0,"77":0,"78":0,"79":0,"80":3,"81":1,"82":1,"83":1,"84":1,"85":1,"86":1,"87":0,"88":0,"89":0,"90":0,"91":3,"92":1,"93":1,"94":1,"95":1,"96":1,"97":1,"98":0,"99":0,"100":0,"101":0,"102":3,"103":1,"104":1,"105":1,"106":1,"107":1,"108":1,"109":0,"110":0,"111":0,"112":0,"113":3,"114":1,"115":1,"116":1,"117":1,"118":1,"119":1,"120":0,"121":0,"122":0,"123":0,"124":0,"125":3,"126":1,"127":1,"128":1,"129":1,"130":0,"131":1,"132":0,"133":0,"134":0,"135":0,"136":0,"137":3,"138":1,"139":1,"140":1,"141":0,"142":0,"143":0,"144":0,"145":3,"146":1,"147":1,"148":1,"149":1,"150":1,"151":1,"152":0,"153":0,"154":0,"155":0,"156":0,"157":3,"158":1,"159":1,"160":1,"161":1,"162":1,"163":1,"164":0,"165":0,"166":0,"167":0,"168":0,"169":3,"170":1,"171":1,"172":1,"173":1,"174":1,"175":1,"176":0,"177":0,"178":0,"179":0,"180":3,"181":1,"182":1,"183":1,"184":1,"185":1,"186":1,"187":0,"188":0,"189":0,"190":0,"191":0,"192":0,"193":3,"194":1,"195":1,"196":1,"197":1,"198":1,"199":1,"200":0,"201":0,"202":0,"203":0,"204":3,"205":2,"206":2,"207":0},"f":{"0":1,"1":1,"2":1,"3":1,"4":1,"5":1,"6":1,"7":1,"8":1,"9":1,"10":1,"11":1,"12":1,"13":1,"14":1,"15":1,"16":1,"17":1,"18":1,"19":1,"20":1,"21":2},"b":{"0":[0,3],"1":[0,0],"2":[0,0],"3":[1,0],"4":[1,0],"5":[1,0],"6":[0,0],"7":[0,0],"8":[0,0],"9":[0,0],"10":[0,0],"11":[0,0],"12":[0,0],"13":[0,0],"14":[0,0],"15":[0,0],"16":[0,0],"17":[0,0],"18":[0,0],"19":[0,0],"20":[0,0],"21":[0,0],"22":[1,0],"23":[0,0],"24":[0,0],"25":[0,0],"26":[0,0],"27":[0,0],"28":[0,0],"29":[0,0],"30":[0,0],"31":[0,0],"32":[0,0],"33":[0,0],"34":[0,0],"35":[0,0],"36":[0,0]},"_coverageSchema":"332fd63041d2c1bcb487cc26dd0d5f7d97098a6c","hash":"012a86093b6df1ba036b99dae04d5417a33ccaac"}
,"/Users/andeladeveloper/Desktop/more-recipes/More-Recipes/client/components/Navigation.jsx": {"path":"/Users/andeladeveloper/Desktop/more-recipes/More-Recipes/client/components/Navigation.jsx","statementMap":{"0":{"start":{"line":6,"column":26},"end":{"line":90,"column":1}},"1":{"start":{"line":7,"column":2},"end":{"line":89,"column":11}},"2":{"start":{"line":92,"column":24},"end":{"line":94,"column":2}},"3":{"start":{"line":92,"column":34},"end":{"line":94,"column":1}},"4":{"start":{"line":96,"column":0},"end":{"line":98,"column":2}},"5":{"start":{"line":100,"column":0},"end":{"line":109,"column":2}}},"fnMap":{"0":{"name":"(anonymous_0)","decl":{"start":{"line":6,"column":26},"end":{"line":6,"column":27}},"loc":{"start":{"line":7,"column":2},"end":{"line":89,"column":11}},"line":7},"1":{"name":"(anonymous_1)","decl":{"start":{"line":92,"column":24},"end":{"line":92,"column":25}},"loc":{"start":{"line":92,"column":34},"end":{"line":94,"column":1}},"line":92}},"branchMap":{"0":{"loc":{"start":{"line":30,"column":13},"end":{"line":33,"column":24}},"type":"cond-expr","locations":[{"start":{"line":31,"column":14},"end":{"line":33,"column":19}},{"start":{"line":33,"column":22},"end":{"line":33,"column":24}}],"line":30},"1":{"loc":{"start":{"line":37,"column":16},"end":{"line":44,"column":31}},"type":"cond-expr","locations":[{"start":{"line":38,"column":16},"end":{"line":44,"column":26}},{"start":{"line":44,"column":29},"end":{"line":44,"column":31}}],"line":37},"2":{"loc":{"start":{"line":37,"column":16},"end":{"line":37,"column":78}},"type":"binary-expr","locations":[{"start":{"line":37,"column":16},"end":{"line":37,"column":37}},{"start":{"line":37,"column":41},"end":{"line":37,"column":78}}],"line":37},"3":{"loc":{"start":{"line":49,"column":16},"end":{"line":55,"column":31}},"type":"cond-expr","locations":[{"start":{"line":50,"column":16},"end":{"line":55,"column":26}},{"start":{"line":55,"column":29},"end":{"line":55,"column":31}}],"line":49},"4":{"loc":{"start":{"line":49,"column":16},"end":{"line":49,"column":78}},"type":"binary-expr","locations":[{"start":{"line":49,"column":16},"end":{"line":49,"column":37}},{"start":{"line":49,"column":41},"end":{"line":49,"column":78}}],"line":49},"5":{"loc":{"start":{"line":59,"column":14},"end":{"line":82,"column":24}},"type":"cond-expr","locations":[{"start":{"line":60,"column":14},"end":{"line":82,"column":19}},{"start":{"line":82,"column":22},"end":{"line":82,"column":24}}],"line":59},"6":{"loc":{"start":{"line":69,"column":20},"end":{"line":72,"column":32}},"type":"cond-expr","locations":[{"start":{"line":70,"column":20},"end":{"line":72,"column":27}},{"start":{"line":72,"column":30},"end":{"line":72,"column":32}}],"line":69},"7":{"loc":{"start":{"line":75,"column":20},"end":{"line":78,"column":32}},"type":"cond-expr","locations":[{"start":{"line":76,"column":19},"end":{"line":78,"column":27}},{"start":{"line":78,"column":30},"end":{"line":78,"column":32}}],"line":75}},"s":{"0":1,"1":1,"2":1,"3":0,"4":1,"5":1},"f":{"0":1,"1":0},"b":{"0":[1,0],"1":[1,0],"2":[1,1],"3":[1,0],"4":[1,1],"5":[0,1],"6":[0,0],"7":[0,0]},"_coverageSchema":"332fd63041d2c1bcb487cc26dd0d5f7d97098a6c","hash":"aa4835eb856ae756fb22531b0bce17c0bfb5957b"}
,"/Users/andeladeveloper/Desktop/more-recipes/More-Recipes/client/store/reducers.js": {"path":"/Users/andeladeveloper/Desktop/more-recipes/More-Recipes/client/store/reducers.js","statementMap":{"0":{"start":{"line":5,"column":23},"end":{"line":30,"column":1}},"1":{"start":{"line":6,"column":2},"end":{"line":29,"column":3}},"2":{"start":{"line":8,"column":6},"end":{"line":14,"column":8}},"3":{"start":{"line":17,"column":6},"end":{"line":19,"column":23}},"4":{"start":{"line":23,"column":6},"end":{"line":25,"column":23}},"5":{"start":{"line":28,"column":6},"end":{"line":28,"column":19}},"6":{"start":{"line":32,"column":29},"end":{"line":42,"column":1}},"7":{"start":{"line":33,"column":2},"end":{"line":41,"column":3}},"8":{"start":{"line":35,"column":6},"end":{"line":37,"column":14}},"9":{"start":{"line":40,"column":6},"end":{"line":40,"column":19}},"10":{"start":{"line":44,"column":30},"end":{"line":54,"column":1}},"11":{"start":{"line":45,"column":2},"end":{"line":53,"column":3}},"12":{"start":{"line":47,"column":6},"end":{"line":49,"column":14}},"13":{"start":{"line":52,"column":6},"end":{"line":52,"column":19}},"14":{"start":{"line":57,"column":28},"end":{"line":83,"column":1}},"15":{"start":{"line":58,"column":2},"end":{"line":82,"column":3}},"16":{"start":{"line":60,"column":6},"end":{"line":60,"column":33}},"17":{"start":{"line":63,"column":6},"end":{"line":65,"column":24}},"18":{"start":{"line":66,"column":6},"end":{"line":69,"column":8}},"19":{"start":{"line":72,"column":6},"end":{"line":74,"column":22}},"20":{"start":{"line":75,"column":6},"end":{"line":78,"column":8}},"21":{"start":{"line":81,"column":6},"end":{"line":81,"column":19}},"22":{"start":{"line":85,"column":27},"end":{"line":98,"column":1}},"23":{"start":{"line":86,"column":2},"end":{"line":97,"column":3}},"24":{"start":{"line":88,"column":6},"end":{"line":90,"column":14}},"25":{"start":{"line":93,"column":6},"end":{"line":93,"column":91}},"26":{"start":{"line":93,"column":59},"end":{"line":93,"column":87}},"27":{"start":{"line":96,"column":6},"end":{"line":96,"column":19}},"28":{"start":{"line":100,"column":32},"end":{"line":113,"column":1}},"29":{"start":{"line":101,"column":2},"end":{"line":112,"column":3}},"30":{"start":{"line":103,"column":6},"end":{"line":105,"column":14}},"31":{"start":{"line":108,"column":6},"end":{"line":108,"column":91}},"32":{"start":{"line":108,"column":59},"end":{"line":108,"column":87}},"33":{"start":{"line":111,"column":6},"end":{"line":111,"column":19}},"34":{"start":{"line":115,"column":20},"end":{"line":134,"column":1}},"35":{"start":{"line":116,"column":2},"end":{"line":133,"column":3}},"36":{"start":{"line":118,"column":6},"end":{"line":120,"column":8}},"37":{"start":{"line":123,"column":6},"end":{"line":125,"column":8}},"38":{"start":{"line":128,"column":6},"end":{"line":128,"column":17}},"39":{"start":{"line":129,"column":6},"end":{"line":129,"column":19}},"40":{"start":{"line":132,"column":6},"end":{"line":132,"column":19}},"41":{"start":{"line":136,"column":23},"end":{"line":151,"column":1}},"42":{"start":{"line":137,"column":2},"end":{"line":150,"column":3}},"43":{"start":{"line":139,"column":6},"end":{"line":142,"column":8}},"44":{"start":{"line":145,"column":6},"end":{"line":147,"column":8}},"45":{"start":{"line":149,"column":6},"end":{"line":149,"column":19}},"46":{"start":{"line":153,"column":24},"end":{"line":162,"column":1}},"47":{"start":{"line":154,"column":2},"end":{"line":161,"column":3}},"48":{"start":{"line":156,"column":6},"end":{"line":158,"column":8}},"49":{"start":{"line":160,"column":6},"end":{"line":160,"column":19}},"50":{"start":{"line":164,"column":22},"end":{"line":204,"column":1}},"51":{"start":{"line":165,"column":2},"end":{"line":203,"column":3}},"52":{"start":{"line":167,"column":6},"end":{"line":170,"column":8}},"53":{"start":{"line":173,"column":6},"end":{"line":176,"column":8}},"54":{"start":{"line":179,"column":6},"end":{"line":182,"column":8}},"55":{"start":{"line":185,"column":6},"end":{"line":188,"column":8}},"56":{"start":{"line":191,"column":6},"end":{"line":194,"column":8}},"57":{"start":{"line":197,"column":6},"end":{"line":199,"column":8}},"58":{"start":{"line":202,"column":6},"end":{"line":202,"column":19}}},"fnMap":{"0":{"name":"(anonymous_0)","decl":{"start":{"line":5,"column":23},"end":{"line":5,"column":24}},"loc":{"start":{"line":5,"column":57},"end":{"line":30,"column":1}},"line":5},"1":{"name":"(anonymous_1)","decl":{"start":{"line":32,"column":29},"end":{"line":32,"column":30}},"loc":{"start":{"line":32,"column":63},"end":{"line":42,"column":1}},"line":32},"2":{"name":"(anonymous_2)","decl":{"start":{"line":44,"column":30},"end":{"line":44,"column":31}},"loc":{"start":{"line":44,"column":64},"end":{"line":54,"column":1}},"line":44},"3":{"name":"(anonymous_3)","decl":{"start":{"line":57,"column":28},"end":{"line":57,"column":29}},"loc":{"start":{"line":57,"column":52},"end":{"line":83,"column":1}},"line":57},"4":{"name":"(anonymous_4)","decl":{"start":{"line":85,"column":27},"end":{"line":85,"column":28}},"loc":{"start":{"line":85,"column":61},"end":{"line":98,"column":1}},"line":85},"5":{"name":"(anonymous_5)","decl":{"start":{"line":93,"column":49},"end":{"line":93,"column":50}},"loc":{"start":{"line":93,"column":59},"end":{"line":93,"column":87}},"line":93},"6":{"name":"(anonymous_6)","decl":{"start":{"line":100,"column":32},"end":{"line":100,"column":33}},"loc":{"start":{"line":100,"column":66},"end":{"line":113,"column":1}},"line":100},"7":{"name":"(anonymous_7)","decl":{"start":{"line":108,"column":49},"end":{"line":108,"column":50}},"loc":{"start":{"line":108,"column":59},"end":{"line":108,"column":87}},"line":108},"8":{"name":"(anonymous_8)","decl":{"start":{"line":115,"column":20},"end":{"line":115,"column":21}},"loc":{"start":{"line":115,"column":44},"end":{"line":134,"column":1}},"line":115},"9":{"name":"(anonymous_9)","decl":{"start":{"line":136,"column":23},"end":{"line":136,"column":24}},"loc":{"start":{"line":136,"column":47},"end":{"line":151,"column":1}},"line":136},"10":{"name":"(anonymous_10)","decl":{"start":{"line":153,"column":24},"end":{"line":153,"column":25}},"loc":{"start":{"line":153,"column":48},"end":{"line":162,"column":1}},"line":153},"11":{"name":"(anonymous_11)","decl":{"start":{"line":164,"column":22},"end":{"line":164,"column":23}},"loc":{"start":{"line":164,"column":46},"end":{"line":204,"column":1}},"line":164}},"branchMap":{"0":{"loc":{"start":{"line":5,"column":24},"end":{"line":5,"column":44}},"type":"default-arg","locations":[{"start":{"line":5,"column":32},"end":{"line":5,"column":44}}],"line":5},"1":{"loc":{"start":{"line":6,"column":2},"end":{"line":29,"column":3}},"type":"switch","locations":[{"start":{"line":7,"column":4},"end":{"line":14,"column":8}},{"start":{"line":16,"column":4},"end":{"line":19,"column":23}},{"start":{"line":21,"column":4},"end":{"line":25,"column":23}},{"start":{"line":27,"column":4},"end":{"line":28,"column":19}}],"line":6},"2":{"loc":{"start":{"line":17,"column":13},"end":{"line":19,"column":22}},"type":"cond-expr","locations":[{"start":{"line":18,"column":8},"end":{"line":18,"column":84}},{"start":{"line":19,"column":8},"end":{"line":19,"column":22}}],"line":17},"3":{"loc":{"start":{"line":23,"column":13},"end":{"line":25,"column":22}},"type":"cond-expr","locations":[{"start":{"line":24,"column":8},"end":{"line":24,"column":84}},{"start":{"line":25,"column":8},"end":{"line":25,"column":22}}],"line":23},"4":{"loc":{"start":{"line":32,"column":30},"end":{"line":32,"column":50}},"type":"default-arg","locations":[{"start":{"line":32,"column":38},"end":{"line":32,"column":50}}],"line":32},"5":{"loc":{"start":{"line":33,"column":2},"end":{"line":41,"column":3}},"type":"switch","locations":[{"start":{"line":34,"column":4},"end":{"line":37,"column":14}},{"start":{"line":39,"column":4},"end":{"line":40,"column":19}}],"line":33},"6":{"loc":{"start":{"line":35,"column":13},"end":{"line":37,"column":13}},"type":"cond-expr","locations":[{"start":{"line":36,"column":8},"end":{"line":36,"column":47}},{"start":{"line":37,"column":8},"end":{"line":37,"column":13}}],"line":35},"7":{"loc":{"start":{"line":44,"column":31},"end":{"line":44,"column":51}},"type":"default-arg","locations":[{"start":{"line":44,"column":39},"end":{"line":44,"column":51}}],"line":44},"8":{"loc":{"start":{"line":45,"column":2},"end":{"line":53,"column":3}},"type":"switch","locations":[{"start":{"line":46,"column":4},"end":{"line":49,"column":14}},{"start":{"line":51,"column":4},"end":{"line":52,"column":19}}],"line":45},"9":{"loc":{"start":{"line":47,"column":13},"end":{"line":49,"column":13}},"type":"cond-expr","locations":[{"start":{"line":48,"column":8},"end":{"line":48,"column":47}},{"start":{"line":49,"column":8},"end":{"line":49,"column":13}}],"line":47},"10":{"loc":{"start":{"line":57,"column":29},"end":{"line":57,"column":39}},"type":"default-arg","locations":[{"start":{"line":57,"column":37},"end":{"line":57,"column":39}}],"line":57},"11":{"loc":{"start":{"line":58,"column":2},"end":{"line":82,"column":3}},"type":"switch","locations":[{"start":{"line":59,"column":4},"end":{"line":60,"column":33}},{"start":{"line":62,"column":4},"end":{"line":69,"column":8}},{"start":{"line":71,"column":4},"end":{"line":78,"column":8}},{"start":{"line":80,"column":4},"end":{"line":81,"column":19}}],"line":58},"12":{"loc":{"start":{"line":63,"column":24},"end":{"line":65,"column":23}},"type":"cond-expr","locations":[{"start":{"line":64,"column":8},"end":{"line":64,"column":27}},{"start":{"line":65,"column":8},"end":{"line":65,"column":23}}],"line":63},"13":{"loc":{"start":{"line":72,"column":22},"end":{"line":74,"column":21}},"type":"cond-expr","locations":[{"start":{"line":73,"column":8},"end":{"line":73,"column":25}},{"start":{"line":74,"column":8},"end":{"line":74,"column":21}}],"line":72},"14":{"loc":{"start":{"line":85,"column":28},"end":{"line":85,"column":48}},"type":"default-arg","locations":[{"start":{"line":85,"column":36},"end":{"line":85,"column":48}}],"line":85},"15":{"loc":{"start":{"line":86,"column":2},"end":{"line":97,"column":3}},"type":"switch","locations":[{"start":{"line":87,"column":4},"end":{"line":90,"column":14}},{"start":{"line":92,"column":4},"end":{"line":93,"column":91}},{"start":{"line":95,"column":4},"end":{"line":96,"column":19}}],"line":86},"16":{"loc":{"start":{"line":88,"column":13},"end":{"line":90,"column":13}},"type":"cond-expr","locations":[{"start":{"line":89,"column":8},"end":{"line":89,"column":47}},{"start":{"line":90,"column":8},"end":{"line":90,"column":13}}],"line":88},"17":{"loc":{"start":{"line":100,"column":33},"end":{"line":100,"column":53}},"type":"default-arg","locations":[{"start":{"line":100,"column":41},"end":{"line":100,"column":53}}],"line":100},"18":{"loc":{"start":{"line":101,"column":2},"end":{"line":112,"column":3}},"type":"switch","locations":[{"start":{"line":102,"column":4},"end":{"line":105,"column":14}},{"start":{"line":107,"column":4},"end":{"line":108,"column":91}},{"start":{"line":110,"column":4},"end":{"line":111,"column":19}}],"line":101},"19":{"loc":{"start":{"line":103,"column":13},"end":{"line":105,"column":13}},"type":"cond-expr","locations":[{"start":{"line":104,"column":8},"end":{"line":104,"column":84}},{"start":{"line":105,"column":8},"end":{"line":105,"column":13}}],"line":103},"20":{"loc":{"start":{"line":115,"column":21},"end":{"line":115,"column":31}},"type":"default-arg","locations":[{"start":{"line":115,"column":29},"end":{"line":115,"column":31}}],"line":115},"21":{"loc":{"start":{"line":116,"column":2},"end":{"line":133,"column":3}},"type":"switch","locations":[{"start":{"line":117,"column":4},"end":{"line":120,"column":8}},{"start":{"line":122,"column":4},"end":{"line":125,"column":8}},{"start":{"line":127,"column":4},"end":{"line":129,"column":19}},{"start":{"line":131,"column":4},"end":{"line":132,"column":19}}],"line":116},"22":{"loc":{"start":{"line":136,"column":24},"end":{"line":136,"column":34}},"type":"default-arg","locations":[{"start":{"line":136,"column":32},"end":{"line":136,"column":34}}],"line":136},"23":{"loc":{"start":{"line":137,"column":2},"end":{"line":150,"column":3}},"type":"switch","locations":[{"start":{"line":138,"column":4},"end":{"line":142,"column":8}},{"start":{"line":144,"column":4},"end":{"line":147,"column":8}},{"start":{"line":148,"column":4},"end":{"line":149,"column":19}}],"line":137},"24":{"loc":{"start":{"line":153,"column":25},"end":{"line":153,"column":35}},"type":"default-arg","locations":[{"start":{"line":153,"column":33},"end":{"line":153,"column":35}}],"line":153},"25":{"loc":{"start":{"line":154,"column":2},"end":{"line":161,"column":3}},"type":"switch","locations":[{"start":{"line":155,"column":4},"end":{"line":158,"column":8}},{"start":{"line":159,"column":4},"end":{"line":160,"column":19}}],"line":154},"26":{"loc":{"start":{"line":164,"column":23},"end":{"line":164,"column":33}},"type":"default-arg","locations":[{"start":{"line":164,"column":31},"end":{"line":164,"column":33}}],"line":164},"27":{"loc":{"start":{"line":165,"column":2},"end":{"line":203,"column":3}},"type":"switch","locations":[{"start":{"line":166,"column":4},"end":{"line":170,"column":8}},{"start":{"line":172,"column":4},"end":{"line":176,"column":8}},{"start":{"line":178,"column":4},"end":{"line":182,"column":8}},{"start":{"line":184,"column":4},"end":{"line":188,"column":8}},{"start":{"line":190,"column":4},"end":{"line":194,"column":8}},{"start":{"line":196,"column":4},"end":{"line":199,"column":8}},{"start":{"line":201,"column":4},"end":{"line":202,"column":19}}],"line":165}},"s":{"0":3,"1":13,"2":1,"3":1,"4":1,"5":10,"6":3,"7":7,"8":1,"9":6,"10":3,"11":7,"12":1,"13":6,"14":3,"15":9,"16":1,"17":1,"18":1,"19":1,"20":1,"21":6,"22":3,"23":8,"24":1,"25":1,"26":4,"27":6,"28":3,"29":8,"30":1,"31":1,"32":4,"33":6,"34":3,"35":9,"36":1,"37":1,"38":1,"39":1,"40":6,"41":3,"42":8,"43":1,"44":1,"45":6,"46":3,"47":6,"48":0,"49":6,"50":3,"51":6,"52":0,"53":0,"54":0,"55":0,"56":0,"57":0,"58":6},"f":{"0":13,"1":7,"2":7,"3":9,"4":8,"5":4,"6":8,"7":4,"8":9,"9":8,"10":6,"11":6},"b":{"0":[6],"1":[1,1,1,10],"2":[1,0],"3":[1,0],"4":[6],"5":[1,6],"6":[1,0],"7":[6],"8":[1,6],"9":[1,0],"10":[6],"11":[1,1,1,6],"12":[1,0],"13":[1,0],"14":[6],"15":[1,1,6],"16":[1,0],"17":[6],"18":[1,1,6],"19":[1,0],"20":[6],"21":[1,1,1,6],"22":[6],"23":[1,1,6],"24":[6],"25":[0,6],"26":[6],"27":[0,0,0,0,0,0,6]},"_coverageSchema":"332fd63041d2c1bcb487cc26dd0d5f7d97098a6c","hash":"f1c4b6cfc17d04db2003a7edcfe99707a6cdda2d"}
}
