{"/Users/andeladeveloper/Desktop/more-recipes/More-Recipes/test-env.js": {"path":"/Users/andeladeveloper/Desktop/more-recipes/More-Recipes/test-env.js","statementMap":{"0":{"start":{"line":1,"column":0},"end":{"line":6,"column":2}},"1":{"start":{"line":2,"column":14},"end":{"line":2,"column":18}},"2":{"start":{"line":3,"column":17},"end":{"line":3,"column":21}},"3":{"start":{"line":4,"column":15},"end":{"line":4,"column":19}},"4":{"start":{"line":5,"column":17},"end":{"line":5,"column":21}},"5":{"start":{"line":7,"column":0},"end":{"line":12,"column":2}},"6":{"start":{"line":8,"column":17},"end":{"line":8,"column":21}},"7":{"start":{"line":9,"column":17},"end":{"line":9,"column":21}},"8":{"start":{"line":10,"column":19},"end":{"line":10,"column":23}},"9":{"start":{"line":11,"column":20},"end":{"line":11,"column":24}},"10":{"start":{"line":13,"column":0},"end":{"line":17,"column":2}},"11":{"start":{"line":15,"column":4},"end":{"line":15,"column":34}},"12":{"start":{"line":15,"column":21},"end":{"line":15,"column":25}}},"fnMap":{"0":{"name":"(anonymous_0)","decl":{"start":{"line":2,"column":8},"end":{"line":2,"column":9}},"loc":{"start":{"line":2,"column":14},"end":{"line":2,"column":18}},"line":2},"1":{"name":"(anonymous_1)","decl":{"start":{"line":3,"column":11},"end":{"line":3,"column":12}},"loc":{"start":{"line":3,"column":17},"end":{"line":3,"column":21}},"line":3},"2":{"name":"(anonymous_2)","decl":{"start":{"line":4,"column":9},"end":{"line":4,"column":10}},"loc":{"start":{"line":4,"column":15},"end":{"line":4,"column":19}},"line":4},"3":{"name":"(anonymous_3)","decl":{"start":{"line":5,"column":11},"end":{"line":5,"column":12}},"loc":{"start":{"line":5,"column":17},"end":{"line":5,"column":21}},"line":5},"4":{"name":"(anonymous_4)","decl":{"start":{"line":8,"column":11},"end":{"line":8,"column":12}},"loc":{"start":{"line":8,"column":17},"end":{"line":8,"column":21}},"line":8},"5":{"name":"(anonymous_5)","decl":{"start":{"line":9,"column":11},"end":{"line":9,"column":12}},"loc":{"start":{"line":9,"column":17},"end":{"line":9,"column":21}},"line":9},"6":{"name":"(anonymous_6)","decl":{"start":{"line":10,"column":13},"end":{"line":10,"column":14}},"loc":{"start":{"line":10,"column":19},"end":{"line":10,"column":23}},"line":10},"7":{"name":"(anonymous_7)","decl":{"start":{"line":11,"column":14},"end":{"line":11,"column":15}},"loc":{"start":{"line":11,"column":20},"end":{"line":11,"column":24}},"line":11},"8":{"name":"(anonymous_8)","decl":{"start":{"line":14,"column":19},"end":{"line":14,"column":20}},"loc":{"start":{"line":14,"column":27},"end":{"line":16,"column":3}},"line":14},"9":{"name":"(anonymous_9)","decl":{"start":{"line":15,"column":15},"end":{"line":15,"column":16}},"loc":{"start":{"line":15,"column":21},"end":{"line":15,"column":25}},"line":15}},"branchMap":{},"s":{"0":27,"1":0,"2":12,"3":0,"4":20,"5":27,"6":4,"7":4,"8":0,"9":16,"10":27,"11":0,"12":0},"f":{"0":0,"1":12,"2":0,"3":20,"4":4,"5":4,"6":0,"7":16,"8":0,"9":0},"b":{},"_coverageSchema":"332fd63041d2c1bcb487cc26dd0d5f7d97098a6c","hash":"b1a23f662f971a646dadabbe24314ab3c43abc1d"}
,"/Users/andeladeveloper/Desktop/more-recipes/More-Recipes/client/constant.js": {"path":"/Users/andeladeveloper/Desktop/more-recipes/More-Recipes/client/constant.js","statementMap":{"0":{"start":{"line":1,"column":18},"end":{"line":39,"column":1}}},"fnMap":{},"branchMap":{},"s":{"0":26},"f":{},"b":{},"_coverageSchema":"332fd63041d2c1bcb487cc26dd0d5f7d97098a6c","hash":"2c80cb10c96697484168581969b27f24ecc47ff8"}
,"/Users/andeladeveloper/Desktop/more-recipes/More-Recipes/client/actions/recipe.js": {"path":"/Users/andeladeveloper/Desktop/more-recipes/More-Recipes/client/actions/recipe.js","statementMap":{"0":{"start":{"line":4,"column":25},"end":{"line":30,"column":1}},"1":{"start":{"line":5,"column":2},"end":{"line":29,"column":3}},"2":{"start":{"line":6,"column":21},"end":{"line":6,"column":54}},"3":{"start":{"line":7,"column":22},"end":{"line":7,"column":36}},"4":{"start":{"line":8,"column":21},"end":{"line":13,"column":6}},"5":{"start":{"line":14,"column":4},"end":{"line":14,"column":42}},"6":{"start":{"line":15,"column":4},"end":{"line":18,"column":7}},"7":{"start":{"line":20,"column":4},"end":{"line":28,"column":5}},"8":{"start":{"line":22,"column":6},"end":{"line":22,"column":42}},"9":{"start":{"line":23,"column":6},"end":{"line":23,"column":59}},"10":{"start":{"line":24,"column":6},"end":{"line":27,"column":8}},"11":{"start":{"line":32,"column":29},"end":{"line":53,"column":1}},"12":{"start":{"line":34,"column":2},"end":{"line":43,"column":3}},"13":{"start":{"line":35,"column":4},"end":{"line":35,"column":62}},"14":{"start":{"line":36,"column":4},"end":{"line":42,"column":6}},"15":{"start":{"line":44,"column":2},"end":{"line":45,"column":40}},"16":{"start":{"line":46,"column":2},"end":{"line":52,"column":4}},"17":{"start":{"line":55,"column":29},"end":{"line":75,"column":1}},"18":{"start":{"line":57,"column":2},"end":{"line":66,"column":3}},"19":{"start":{"line":58,"column":4},"end":{"line":58,"column":86}},"20":{"start":{"line":59,"column":4},"end":{"line":65,"column":6}},"21":{"start":{"line":67,"column":2},"end":{"line":67,"column":112}},"22":{"start":{"line":68,"column":2},"end":{"line":74,"column":4}},"23":{"start":{"line":77,"column":32},"end":{"line":83,"column":1}},"24":{"start":{"line":78,"column":19},"end":{"line":78,"column":59}},"25":{"start":{"line":79,"column":2},"end":{"line":82,"column":4}},"26":{"start":{"line":85,"column":33},"end":{"line":91,"column":1}},"27":{"start":{"line":86,"column":19},"end":{"line":86,"column":60}},"28":{"start":{"line":87,"column":2},"end":{"line":90,"column":4}},"29":{"start":{"line":93,"column":31},"end":{"line":113,"column":1}},"30":{"start":{"line":94,"column":19},"end":{"line":95,"column":42}},"31":{"start":{"line":97,"column":20},"end":{"line":97,"column":50}},"32":{"start":{"line":99,"column":2},"end":{"line":107,"column":3}},"33":{"start":{"line":100,"column":4},"end":{"line":104,"column":7}},"34":{"start":{"line":106,"column":4},"end":{"line":106,"column":61}},"35":{"start":{"line":109,"column":2},"end":{"line":112,"column":4}},"36":{"start":{"line":115,"column":30},"end":{"line":142,"column":1}},"37":{"start":{"line":116,"column":2},"end":{"line":141,"column":3}},"38":{"start":{"line":117,"column":21},"end":{"line":117,"column":54}},"39":{"start":{"line":118,"column":22},"end":{"line":118,"column":36}},"40":{"start":{"line":119,"column":19},"end":{"line":119,"column":35}},"41":{"start":{"line":121,"column":24},"end":{"line":125,"column":6}},"42":{"start":{"line":127,"column":4},"end":{"line":130,"column":6}},"43":{"start":{"line":132,"column":4},"end":{"line":140,"column":5}},"44":{"start":{"line":134,"column":6},"end":{"line":134,"column":42}},"45":{"start":{"line":135,"column":6},"end":{"line":135,"column":59}},"46":{"start":{"line":136,"column":6},"end":{"line":139,"column":8}},"47":{"start":{"line":144,"column":28},"end":{"line":170,"column":1}},"48":{"start":{"line":145,"column":2},"end":{"line":169,"column":3}},"49":{"start":{"line":146,"column":21},"end":{"line":146,"column":54}},"50":{"start":{"line":147,"column":22},"end":{"line":147,"column":36}},"51":{"start":{"line":149,"column":21},"end":{"line":153,"column":6}},"52":{"start":{"line":154,"column":4},"end":{"line":154,"column":42}},"53":{"start":{"line":155,"column":4},"end":{"line":158,"column":6}},"54":{"start":{"line":160,"column":4},"end":{"line":168,"column":5}},"55":{"start":{"line":162,"column":6},"end":{"line":162,"column":42}},"56":{"start":{"line":163,"column":6},"end":{"line":163,"column":59}},"57":{"start":{"line":164,"column":6},"end":{"line":167,"column":8}},"58":{"start":{"line":172,"column":26},"end":{"line":199,"column":1}},"59":{"start":{"line":173,"column":2},"end":{"line":198,"column":3}},"60":{"start":{"line":174,"column":21},"end":{"line":174,"column":54}},"61":{"start":{"line":175,"column":22},"end":{"line":175,"column":36}},"62":{"start":{"line":177,"column":21},"end":{"line":182,"column":6}},"63":{"start":{"line":183,"column":4},"end":{"line":183,"column":42}},"64":{"start":{"line":184,"column":4},"end":{"line":187,"column":7}},"65":{"start":{"line":189,"column":4},"end":{"line":197,"column":5}},"66":{"start":{"line":191,"column":6},"end":{"line":191,"column":42}},"67":{"start":{"line":192,"column":6},"end":{"line":192,"column":59}},"68":{"start":{"line":193,"column":6},"end":{"line":196,"column":8}},"69":{"start":{"line":201,"column":28},"end":{"line":229,"column":1}},"70":{"start":{"line":202,"column":2},"end":{"line":228,"column":3}},"71":{"start":{"line":203,"column":21},"end":{"line":203,"column":54}},"72":{"start":{"line":204,"column":22},"end":{"line":204,"column":36}},"73":{"start":{"line":206,"column":21},"end":{"line":210,"column":6}},"74":{"start":{"line":212,"column":4},"end":{"line":212,"column":42}},"75":{"start":{"line":213,"column":4},"end":{"line":216,"column":6}},"76":{"start":{"line":218,"column":4},"end":{"line":226,"column":5}},"77":{"start":{"line":220,"column":6},"end":{"line":220,"column":42}},"78":{"start":{"line":221,"column":6},"end":{"line":221,"column":59}},"79":{"start":{"line":222,"column":6},"end":{"line":225,"column":8}},"80":{"start":{"line":227,"column":4},"end":{"line":227,"column":40}},"81":{"start":{"line":231,"column":30},"end":{"line":259,"column":1}},"82":{"start":{"line":232,"column":2},"end":{"line":258,"column":3}},"83":{"start":{"line":233,"column":21},"end":{"line":233,"column":54}},"84":{"start":{"line":234,"column":22},"end":{"line":234,"column":36}},"85":{"start":{"line":236,"column":21},"end":{"line":240,"column":6}},"86":{"start":{"line":242,"column":4},"end":{"line":242,"column":42}},"87":{"start":{"line":243,"column":4},"end":{"line":246,"column":6}},"88":{"start":{"line":248,"column":4},"end":{"line":256,"column":5}},"89":{"start":{"line":250,"column":6},"end":{"line":250,"column":42}},"90":{"start":{"line":251,"column":6},"end":{"line":251,"column":59}},"91":{"start":{"line":252,"column":6},"end":{"line":255,"column":8}},"92":{"start":{"line":257,"column":4},"end":{"line":257,"column":40}},"93":{"start":{"line":261,"column":35},"end":{"line":291,"column":1}},"94":{"start":{"line":262,"column":2},"end":{"line":290,"column":3}},"95":{"start":{"line":263,"column":21},"end":{"line":263,"column":54}},"96":{"start":{"line":264,"column":22},"end":{"line":264,"column":36}},"97":{"start":{"line":265,"column":19},"end":{"line":265,"column":35}},"98":{"start":{"line":267,"column":21},"end":{"line":271,"column":6}},"99":{"start":{"line":273,"column":4},"end":{"line":279,"column":6}},"100":{"start":{"line":281,"column":4},"end":{"line":289,"column":5}},"101":{"start":{"line":283,"column":6},"end":{"line":283,"column":42}},"102":{"start":{"line":284,"column":6},"end":{"line":284,"column":59}},"103":{"start":{"line":285,"column":6},"end":{"line":288,"column":8}},"104":{"start":{"line":293,"column":33},"end":{"line":325,"column":1}},"105":{"start":{"line":294,"column":2},"end":{"line":324,"column":3}},"106":{"start":{"line":295,"column":21},"end":{"line":295,"column":54}},"107":{"start":{"line":296,"column":22},"end":{"line":296,"column":36}},"108":{"start":{"line":298,"column":21},"end":{"line":302,"column":6}},"109":{"start":{"line":303,"column":4},"end":{"line":303,"column":42}},"110":{"start":{"line":304,"column":4},"end":{"line":307,"column":7}},"111":{"start":{"line":309,"column":4},"end":{"line":317,"column":5}},"112":{"start":{"line":311,"column":6},"end":{"line":311,"column":42}},"113":{"start":{"line":312,"column":6},"end":{"line":312,"column":59}},"114":{"start":{"line":313,"column":6},"end":{"line":316,"column":8}},"115":{"start":{"line":318,"column":4},"end":{"line":318,"column":40}},"116":{"start":{"line":319,"column":4},"end":{"line":323,"column":6}},"117":{"start":{"line":327,"column":36},"end":{"line":353,"column":1}},"118":{"start":{"line":328,"column":2},"end":{"line":352,"column":3}},"119":{"start":{"line":329,"column":21},"end":{"line":329,"column":54}},"120":{"start":{"line":330,"column":22},"end":{"line":330,"column":36}},"121":{"start":{"line":332,"column":21},"end":{"line":336,"column":6}},"122":{"start":{"line":337,"column":4},"end":{"line":337,"column":42}},"123":{"start":{"line":338,"column":4},"end":{"line":341,"column":6}},"124":{"start":{"line":343,"column":4},"end":{"line":351,"column":5}},"125":{"start":{"line":345,"column":6},"end":{"line":345,"column":42}},"126":{"start":{"line":346,"column":6},"end":{"line":346,"column":59}},"127":{"start":{"line":347,"column":6},"end":{"line":350,"column":8}}},"fnMap":{"0":{"name":"(anonymous_0)","decl":{"start":{"line":4,"column":25},"end":{"line":4,"column":26}},"loc":{"start":{"line":4,"column":43},"end":{"line":30,"column":1}},"line":4},"1":{"name":"(anonymous_1)","decl":{"start":{"line":32,"column":29},"end":{"line":32,"column":30}},"loc":{"start":{"line":32,"column":58},"end":{"line":53,"column":1}},"line":32},"2":{"name":"(anonymous_2)","decl":{"start":{"line":55,"column":29},"end":{"line":55,"column":30}},"loc":{"start":{"line":55,"column":66},"end":{"line":75,"column":1}},"line":55},"3":{"name":"(anonymous_3)","decl":{"start":{"line":77,"column":32},"end":{"line":77,"column":33}},"loc":{"start":{"line":77,"column":44},"end":{"line":83,"column":1}},"line":77},"4":{"name":"(anonymous_4)","decl":{"start":{"line":85,"column":33},"end":{"line":85,"column":34}},"loc":{"start":{"line":85,"column":45},"end":{"line":91,"column":1}},"line":85},"5":{"name":"(anonymous_5)","decl":{"start":{"line":93,"column":31},"end":{"line":93,"column":32}},"loc":{"start":{"line":93,"column":51},"end":{"line":113,"column":1}},"line":93},"6":{"name":"(anonymous_6)","decl":{"start":{"line":115,"column":30},"end":{"line":115,"column":31}},"loc":{"start":{"line":115,"column":42},"end":{"line":142,"column":1}},"line":115},"7":{"name":"(anonymous_7)","decl":{"start":{"line":144,"column":28},"end":{"line":144,"column":29}},"loc":{"start":{"line":144,"column":48},"end":{"line":170,"column":1}},"line":144},"8":{"name":"(anonymous_8)","decl":{"start":{"line":172,"column":26},"end":{"line":172,"column":27}},"loc":{"start":{"line":172,"column":54},"end":{"line":199,"column":1}},"line":172},"9":{"name":"(anonymous_9)","decl":{"start":{"line":201,"column":28},"end":{"line":201,"column":29}},"loc":{"start":{"line":201,"column":56},"end":{"line":229,"column":1}},"line":201},"10":{"name":"(anonymous_10)","decl":{"start":{"line":231,"column":30},"end":{"line":231,"column":31}},"loc":{"start":{"line":231,"column":50},"end":{"line":259,"column":1}},"line":231},"11":{"name":"(anonymous_11)","decl":{"start":{"line":261,"column":35},"end":{"line":261,"column":36}},"loc":{"start":{"line":261,"column":51},"end":{"line":291,"column":1}},"line":261},"12":{"name":"(anonymous_12)","decl":{"start":{"line":293,"column":33},"end":{"line":293,"column":34}},"loc":{"start":{"line":293,"column":53},"end":{"line":325,"column":1}},"line":293},"13":{"name":"(anonymous_13)","decl":{"start":{"line":327,"column":36},"end":{"line":327,"column":37}},"loc":{"start":{"line":327,"column":56},"end":{"line":353,"column":1}},"line":327}},"branchMap":{"0":{"loc":{"start":{"line":20,"column":4},"end":{"line":28,"column":5}},"type":"if","locations":[{"start":{"line":20,"column":4},"end":{"line":28,"column":5}},{"start":{"line":20,"column":4},"end":{"line":28,"column":5}}],"line":20},"1":{"loc":{"start":{"line":20,"column":8},"end":{"line":21,"column":54}},"type":"binary-expr","locations":[{"start":{"line":20,"column":8},"end":{"line":20,"column":41}},{"start":{"line":21,"column":6},"end":{"line":21,"column":54}}],"line":20},"2":{"loc":{"start":{"line":34,"column":2},"end":{"line":43,"column":3}},"type":"if","locations":[{"start":{"line":34,"column":2},"end":{"line":43,"column":3}},{"start":{"line":34,"column":2},"end":{"line":43,"column":3}}],"line":34},"3":{"loc":{"start":{"line":34,"column":6},"end":{"line":34,"column":21}},"type":"binary-expr","locations":[{"start":{"line":34,"column":6},"end":{"line":34,"column":11}},{"start":{"line":34,"column":15},"end":{"line":34,"column":21}}],"line":34},"4":{"loc":{"start":{"line":57,"column":2},"end":{"line":66,"column":3}},"type":"if","locations":[{"start":{"line":57,"column":2},"end":{"line":66,"column":3}},{"start":{"line":57,"column":2},"end":{"line":66,"column":3}}],"line":57},"5":{"loc":{"start":{"line":57,"column":6},"end":{"line":57,"column":21}},"type":"binary-expr","locations":[{"start":{"line":57,"column":6},"end":{"line":57,"column":11}},{"start":{"line":57,"column":15},"end":{"line":57,"column":21}}],"line":57},"6":{"loc":{"start":{"line":94,"column":19},"end":{"line":95,"column":42}},"type":"cond-expr","locations":[{"start":{"line":95,"column":4},"end":{"line":95,"column":37}},{"start":{"line":95,"column":40},"end":{"line":95,"column":42}}],"line":94},"7":{"loc":{"start":{"line":97,"column":20},"end":{"line":97,"column":50}},"type":"cond-expr","locations":[{"start":{"line":97,"column":31},"end":{"line":97,"column":45}},{"start":{"line":97,"column":48},"end":{"line":97,"column":50}}],"line":97},"8":{"loc":{"start":{"line":99,"column":2},"end":{"line":107,"column":3}},"type":"if","locations":[{"start":{"line":99,"column":2},"end":{"line":107,"column":3}},{"start":{"line":99,"column":2},"end":{"line":107,"column":3}}],"line":99},"9":{"loc":{"start":{"line":132,"column":4},"end":{"line":140,"column":5}},"type":"if","locations":[{"start":{"line":132,"column":4},"end":{"line":140,"column":5}},{"start":{"line":132,"column":4},"end":{"line":140,"column":5}}],"line":132},"10":{"loc":{"start":{"line":132,"column":8},"end":{"line":133,"column":54}},"type":"binary-expr","locations":[{"start":{"line":132,"column":8},"end":{"line":132,"column":41}},{"start":{"line":133,"column":6},"end":{"line":133,"column":54}}],"line":132},"11":{"loc":{"start":{"line":160,"column":4},"end":{"line":168,"column":5}},"type":"if","locations":[{"start":{"line":160,"column":4},"end":{"line":168,"column":5}},{"start":{"line":160,"column":4},"end":{"line":168,"column":5}}],"line":160},"12":{"loc":{"start":{"line":160,"column":8},"end":{"line":161,"column":54}},"type":"binary-expr","locations":[{"start":{"line":160,"column":8},"end":{"line":160,"column":41}},{"start":{"line":161,"column":6},"end":{"line":161,"column":54}}],"line":160},"13":{"loc":{"start":{"line":189,"column":4},"end":{"line":197,"column":5}},"type":"if","locations":[{"start":{"line":189,"column":4},"end":{"line":197,"column":5}},{"start":{"line":189,"column":4},"end":{"line":197,"column":5}}],"line":189},"14":{"loc":{"start":{"line":189,"column":8},"end":{"line":190,"column":54}},"type":"binary-expr","locations":[{"start":{"line":189,"column":8},"end":{"line":189,"column":41}},{"start":{"line":190,"column":6},"end":{"line":190,"column":54}}],"line":189},"15":{"loc":{"start":{"line":218,"column":4},"end":{"line":226,"column":5}},"type":"if","locations":[{"start":{"line":218,"column":4},"end":{"line":226,"column":5}},{"start":{"line":218,"column":4},"end":{"line":226,"column":5}}],"line":218},"16":{"loc":{"start":{"line":218,"column":8},"end":{"line":219,"column":54}},"type":"binary-expr","locations":[{"start":{"line":218,"column":8},"end":{"line":218,"column":41}},{"start":{"line":219,"column":6},"end":{"line":219,"column":54}}],"line":218},"17":{"loc":{"start":{"line":248,"column":4},"end":{"line":256,"column":5}},"type":"if","locations":[{"start":{"line":248,"column":4},"end":{"line":256,"column":5}},{"start":{"line":248,"column":4},"end":{"line":256,"column":5}}],"line":248},"18":{"loc":{"start":{"line":248,"column":8},"end":{"line":249,"column":54}},"type":"binary-expr","locations":[{"start":{"line":248,"column":8},"end":{"line":248,"column":41}},{"start":{"line":249,"column":6},"end":{"line":249,"column":54}}],"line":248},"19":{"loc":{"start":{"line":281,"column":4},"end":{"line":289,"column":5}},"type":"if","locations":[{"start":{"line":281,"column":4},"end":{"line":289,"column":5}},{"start":{"line":281,"column":4},"end":{"line":289,"column":5}}],"line":281},"20":{"loc":{"start":{"line":281,"column":8},"end":{"line":282,"column":54}},"type":"binary-expr","locations":[{"start":{"line":281,"column":8},"end":{"line":281,"column":41}},{"start":{"line":282,"column":6},"end":{"line":282,"column":54}}],"line":281},"21":{"loc":{"start":{"line":309,"column":4},"end":{"line":317,"column":5}},"type":"if","locations":[{"start":{"line":309,"column":4},"end":{"line":317,"column":5}},{"start":{"line":309,"column":4},"end":{"line":317,"column":5}}],"line":309},"22":{"loc":{"start":{"line":309,"column":8},"end":{"line":310,"column":54}},"type":"binary-expr","locations":[{"start":{"line":309,"column":8},"end":{"line":309,"column":41}},{"start":{"line":310,"column":6},"end":{"line":310,"column":54}}],"line":309},"23":{"loc":{"start":{"line":343,"column":4},"end":{"line":351,"column":5}},"type":"if","locations":[{"start":{"line":343,"column":4},"end":{"line":351,"column":5}},{"start":{"line":343,"column":4},"end":{"line":351,"column":5}}],"line":343},"24":{"loc":{"start":{"line":343,"column":8},"end":{"line":344,"column":54}},"type":"binary-expr","locations":[{"start":{"line":343,"column":8},"end":{"line":343,"column":41}},{"start":{"line":344,"column":6},"end":{"line":344,"column":54}}],"line":343}},"s":{"0":9,"1":2,"2":2,"3":2,"4":2,"5":1,"6":1,"7":1,"8":1,"9":1,"10":1,"11":9,"12":2,"13":1,"14":1,"15":1,"16":1,"17":9,"18":2,"19":1,"20":1,"21":1,"22":1,"23":9,"24":1,"25":1,"26":9,"27":1,"28":1,"29":9,"30":1,"31":1,"32":1,"33":1,"34":0,"35":1,"36":9,"37":2,"38":2,"39":2,"40":2,"41":2,"42":1,"43":1,"44":1,"45":1,"46":1,"47":9,"48":2,"49":2,"50":2,"51":2,"52":1,"53":1,"54":1,"55":1,"56":1,"57":1,"58":9,"59":2,"60":2,"61":2,"62":2,"63":1,"64":1,"65":1,"66":1,"67":1,"68":1,"69":9,"70":2,"71":2,"72":2,"73":2,"74":1,"75":1,"76":1,"77":1,"78":1,"79":1,"80":0,"81":9,"82":2,"83":2,"84":2,"85":2,"86":1,"87":1,"88":1,"89":1,"90":1,"91":1,"92":0,"93":9,"94":2,"95":2,"96":2,"97":2,"98":2,"99":1,"100":1,"101":1,"102":1,"103":1,"104":9,"105":2,"106":2,"107":2,"108":2,"109":1,"110":1,"111":1,"112":1,"113":1,"114":1,"115":0,"116":0,"117":9,"118":2,"119":2,"120":2,"121":2,"122":1,"123":1,"124":1,"125":1,"126":1,"127":1},"f":{"0":2,"1":2,"2":2,"3":1,"4":1,"5":1,"6":2,"7":2,"8":2,"9":2,"10":2,"11":2,"12":2,"13":2},"b":{"0":[1,0],"1":[1,1],"2":[1,1],"3":[2,1],"4":[1,1],"5":[2,1],"6":[1,0],"7":[1,0],"8":[1,0],"9":[1,0],"10":[1,1],"11":[1,0],"12":[1,1],"13":[1,0],"14":[1,1],"15":[1,0],"16":[1,1],"17":[1,0],"18":[1,1],"19":[1,0],"20":[1,1],"21":[1,0],"22":[1,1],"23":[1,0],"24":[1,1]},"_coverageSchema":"332fd63041d2c1bcb487cc26dd0d5f7d97098a6c","hash":"c96246c014ad118aef66f22ec870d108d9a893a5"}
,"/Users/andeladeveloper/Desktop/more-recipes/More-Recipes/client/actions/review.js": {"path":"/Users/andeladeveloper/Desktop/more-recipes/More-Recipes/client/actions/review.js","statementMap":{"0":{"start":{"line":4,"column":25},"end":{"line":36,"column":1}},"1":{"start":{"line":5,"column":2},"end":{"line":35,"column":3}},"2":{"start":{"line":6,"column":21},"end":{"line":6,"column":54}},"3":{"start":{"line":7,"column":22},"end":{"line":7,"column":36}},"4":{"start":{"line":9,"column":21},"end":{"line":14,"column":6}},"5":{"start":{"line":15,"column":4},"end":{"line":15,"column":42}},"6":{"start":{"line":16,"column":4},"end":{"line":19,"column":6}},"7":{"start":{"line":21,"column":4},"end":{"line":29,"column":5}},"8":{"start":{"line":23,"column":6},"end":{"line":23,"column":42}},"9":{"start":{"line":24,"column":6},"end":{"line":24,"column":59}},"10":{"start":{"line":25,"column":6},"end":{"line":28,"column":8}},"11":{"start":{"line":30,"column":4},"end":{"line":34,"column":6}},"12":{"start":{"line":38,"column":32},"end":{"line":73,"column":1}},"13":{"start":{"line":39,"column":2},"end":{"line":72,"column":3}},"14":{"start":{"line":42,"column":26},"end":{"line":45,"column":6}},"15":{"start":{"line":47,"column":4},"end":{"line":51,"column":5}},"16":{"start":{"line":48,"column":6},"end":{"line":48,"column":44}},"17":{"start":{"line":50,"column":6},"end":{"line":50,"column":23}},"18":{"start":{"line":53,"column":4},"end":{"line":56,"column":6}},"19":{"start":{"line":58,"column":4},"end":{"line":66,"column":5}},"20":{"start":{"line":60,"column":6},"end":{"line":60,"column":42}},"21":{"start":{"line":61,"column":6},"end":{"line":61,"column":59}},"22":{"start":{"line":62,"column":6},"end":{"line":65,"column":8}},"23":{"start":{"line":67,"column":4},"end":{"line":71,"column":6}}},"fnMap":{"0":{"name":"(anonymous_0)","decl":{"start":{"line":4,"column":25},"end":{"line":4,"column":26}},"loc":{"start":{"line":4,"column":57},"end":{"line":36,"column":1}},"line":4},"1":{"name":"(anonymous_1)","decl":{"start":{"line":38,"column":32},"end":{"line":38,"column":33}},"loc":{"start":{"line":38,"column":52},"end":{"line":73,"column":1}},"line":38}},"branchMap":{"0":{"loc":{"start":{"line":21,"column":4},"end":{"line":29,"column":5}},"type":"if","locations":[{"start":{"line":21,"column":4},"end":{"line":29,"column":5}},{"start":{"line":21,"column":4},"end":{"line":29,"column":5}}],"line":21},"1":{"loc":{"start":{"line":21,"column":8},"end":{"line":22,"column":54}},"type":"binary-expr","locations":[{"start":{"line":21,"column":8},"end":{"line":21,"column":41}},{"start":{"line":22,"column":6},"end":{"line":22,"column":54}}],"line":21},"2":{"loc":{"start":{"line":47,"column":4},"end":{"line":51,"column":5}},"type":"if","locations":[{"start":{"line":47,"column":4},"end":{"line":51,"column":5}},{"start":{"line":47,"column":4},"end":{"line":51,"column":5}}],"line":47},"3":{"loc":{"start":{"line":58,"column":4},"end":{"line":66,"column":5}},"type":"if","locations":[{"start":{"line":58,"column":4},"end":{"line":66,"column":5}},{"start":{"line":58,"column":4},"end":{"line":66,"column":5}}],"line":58},"4":{"loc":{"start":{"line":58,"column":8},"end":{"line":59,"column":54}},"type":"binary-expr","locations":[{"start":{"line":58,"column":8},"end":{"line":58,"column":41}},{"start":{"line":59,"column":6},"end":{"line":59,"column":54}}],"line":58}},"s":{"0":3,"1":2,"2":2,"3":2,"4":2,"5":1,"6":1,"7":1,"8":1,"9":1,"10":1,"11":0,"12":3,"13":2,"14":2,"15":1,"16":1,"17":0,"18":1,"19":1,"20":1,"21":1,"22":1,"23":0},"f":{"0":2,"1":2},"b":{"0":[1,0],"1":[1,1],"2":[1,0],"3":[1,0],"4":[1,1]},"_coverageSchema":"332fd63041d2c1bcb487cc26dd0d5f7d97098a6c","hash":"b255db1792b7e35431988007cabcfc1fb304ced6"}
,"/Users/andeladeveloper/Desktop/more-recipes/More-Recipes/client/actions/user.js": {"path":"/Users/andeladeveloper/Desktop/more-recipes/More-Recipes/client/actions/user.js","statementMap":{"0":{"start":{"line":4,"column":22},"end":{"line":37,"column":1}},"1":{"start":{"line":5,"column":2},"end":{"line":36,"column":3}},"2":{"start":{"line":6,"column":21},"end":{"line":9,"column":5}},"3":{"start":{"line":10,"column":28},"end":{"line":10,"column":41}},"4":{"start":{"line":11,"column":4},"end":{"line":11,"column":45}},"5":{"start":{"line":12,"column":4},"end":{"line":12,"column":68}},"6":{"start":{"line":13,"column":4},"end":{"line":13,"column":42}},"7":{"start":{"line":14,"column":4},"end":{"line":19,"column":6}},"8":{"start":{"line":21,"column":4},"end":{"line":29,"column":5}},"9":{"start":{"line":23,"column":6},"end":{"line":23,"column":42}},"10":{"start":{"line":24,"column":6},"end":{"line":24,"column":59}},"11":{"start":{"line":25,"column":6},"end":{"line":28,"column":8}},"12":{"start":{"line":30,"column":4},"end":{"line":30,"column":40}},"13":{"start":{"line":31,"column":4},"end":{"line":35,"column":6}},"14":{"start":{"line":39,"column":22},"end":{"line":71,"column":1}},"15":{"start":{"line":40,"column":2},"end":{"line":70,"column":3}},"16":{"start":{"line":41,"column":21},"end":{"line":44,"column":5}},"17":{"start":{"line":45,"column":28},"end":{"line":45,"column":41}},"18":{"start":{"line":46,"column":4},"end":{"line":46,"column":68}},"19":{"start":{"line":47,"column":4},"end":{"line":47,"column":42}},"20":{"start":{"line":48,"column":4},"end":{"line":53,"column":6}},"21":{"start":{"line":55,"column":4},"end":{"line":63,"column":5}},"22":{"start":{"line":57,"column":6},"end":{"line":57,"column":42}},"23":{"start":{"line":58,"column":6},"end":{"line":58,"column":59}},"24":{"start":{"line":59,"column":6},"end":{"line":62,"column":8}},"25":{"start":{"line":64,"column":4},"end":{"line":64,"column":40}},"26":{"start":{"line":65,"column":4},"end":{"line":69,"column":6}},"27":{"start":{"line":73,"column":31},"end":{"line":99,"column":1}},"28":{"start":{"line":74,"column":2},"end":{"line":98,"column":3}},"29":{"start":{"line":75,"column":21},"end":{"line":75,"column":54}},"30":{"start":{"line":76,"column":22},"end":{"line":76,"column":36}},"31":{"start":{"line":77,"column":21},"end":{"line":82,"column":6}},"32":{"start":{"line":83,"column":4},"end":{"line":83,"column":42}},"33":{"start":{"line":84,"column":4},"end":{"line":87,"column":7}},"34":{"start":{"line":89,"column":4},"end":{"line":97,"column":5}},"35":{"start":{"line":91,"column":6},"end":{"line":91,"column":42}},"36":{"start":{"line":92,"column":6},"end":{"line":92,"column":59}},"37":{"start":{"line":93,"column":6},"end":{"line":96,"column":8}},"38":{"start":{"line":102,"column":32},"end":{"line":129,"column":1}},"39":{"start":{"line":103,"column":2},"end":{"line":128,"column":3}},"40":{"start":{"line":104,"column":21},"end":{"line":104,"column":54}},"41":{"start":{"line":105,"column":22},"end":{"line":105,"column":36}},"42":{"start":{"line":106,"column":21},"end":{"line":111,"column":6}},"43":{"start":{"line":113,"column":4},"end":{"line":113,"column":42}},"44":{"start":{"line":114,"column":4},"end":{"line":117,"column":7}},"45":{"start":{"line":119,"column":4},"end":{"line":127,"column":5}},"46":{"start":{"line":121,"column":6},"end":{"line":121,"column":42}},"47":{"start":{"line":122,"column":6},"end":{"line":122,"column":59}},"48":{"start":{"line":123,"column":6},"end":{"line":126,"column":8}},"49":{"start":{"line":131,"column":24},"end":{"line":152,"column":1}},"50":{"start":{"line":132,"column":2},"end":{"line":151,"column":3}},"51":{"start":{"line":133,"column":21},"end":{"line":136,"column":6}},"52":{"start":{"line":137,"column":4},"end":{"line":140,"column":6}},"53":{"start":{"line":142,"column":4},"end":{"line":150,"column":5}},"54":{"start":{"line":144,"column":6},"end":{"line":144,"column":42}},"55":{"start":{"line":145,"column":6},"end":{"line":145,"column":59}},"56":{"start":{"line":146,"column":6},"end":{"line":149,"column":8}},"57":{"start":{"line":154,"column":23},"end":{"line":167,"column":1}},"58":{"start":{"line":155,"column":2},"end":{"line":166,"column":3}},"59":{"start":{"line":156,"column":4},"end":{"line":159,"column":6}},"60":{"start":{"line":161,"column":4},"end":{"line":165,"column":6}}},"fnMap":{"0":{"name":"(anonymous_0)","decl":{"start":{"line":4,"column":22},"end":{"line":4,"column":23}},"loc":{"start":{"line":4,"column":41},"end":{"line":37,"column":1}},"line":4},"1":{"name":"(anonymous_1)","decl":{"start":{"line":39,"column":22},"end":{"line":39,"column":23}},"loc":{"start":{"line":39,"column":41},"end":{"line":71,"column":1}},"line":39},"2":{"name":"(anonymous_2)","decl":{"start":{"line":73,"column":31},"end":{"line":73,"column":32}},"loc":{"start":{"line":73,"column":58},"end":{"line":99,"column":1}},"line":73},"3":{"name":"(anonymous_3)","decl":{"start":{"line":102,"column":32},"end":{"line":102,"column":33}},"loc":{"start":{"line":102,"column":59},"end":{"line":129,"column":1}},"line":102},"4":{"name":"(anonymous_4)","decl":{"start":{"line":131,"column":24},"end":{"line":131,"column":25}},"loc":{"start":{"line":131,"column":36},"end":{"line":152,"column":1}},"line":131},"5":{"name":"(anonymous_5)","decl":{"start":{"line":154,"column":23},"end":{"line":154,"column":24}},"loc":{"start":{"line":154,"column":35},"end":{"line":167,"column":1}},"line":154}},"branchMap":{"0":{"loc":{"start":{"line":21,"column":4},"end":{"line":29,"column":5}},"type":"if","locations":[{"start":{"line":21,"column":4},"end":{"line":29,"column":5}},{"start":{"line":21,"column":4},"end":{"line":29,"column":5}}],"line":21},"1":{"loc":{"start":{"line":21,"column":8},"end":{"line":22,"column":56}},"type":"binary-expr","locations":[{"start":{"line":21,"column":8},"end":{"line":21,"column":41}},{"start":{"line":22,"column":8},"end":{"line":22,"column":56}}],"line":21},"2":{"loc":{"start":{"line":55,"column":4},"end":{"line":63,"column":5}},"type":"if","locations":[{"start":{"line":55,"column":4},"end":{"line":63,"column":5}},{"start":{"line":55,"column":4},"end":{"line":63,"column":5}}],"line":55},"3":{"loc":{"start":{"line":55,"column":8},"end":{"line":56,"column":56}},"type":"binary-expr","locations":[{"start":{"line":55,"column":8},"end":{"line":55,"column":41}},{"start":{"line":56,"column":8},"end":{"line":56,"column":56}}],"line":55},"4":{"loc":{"start":{"line":89,"column":4},"end":{"line":97,"column":5}},"type":"if","locations":[{"start":{"line":89,"column":4},"end":{"line":97,"column":5}},{"start":{"line":89,"column":4},"end":{"line":97,"column":5}}],"line":89},"5":{"loc":{"start":{"line":89,"column":8},"end":{"line":90,"column":54}},"type":"binary-expr","locations":[{"start":{"line":89,"column":8},"end":{"line":89,"column":41}},{"start":{"line":90,"column":6},"end":{"line":90,"column":54}}],"line":89},"6":{"loc":{"start":{"line":119,"column":4},"end":{"line":127,"column":5}},"type":"if","locations":[{"start":{"line":119,"column":4},"end":{"line":127,"column":5}},{"start":{"line":119,"column":4},"end":{"line":127,"column":5}}],"line":119},"7":{"loc":{"start":{"line":119,"column":8},"end":{"line":120,"column":54}},"type":"binary-expr","locations":[{"start":{"line":119,"column":8},"end":{"line":119,"column":41}},{"start":{"line":120,"column":6},"end":{"line":120,"column":54}}],"line":119},"8":{"loc":{"start":{"line":142,"column":4},"end":{"line":150,"column":5}},"type":"if","locations":[{"start":{"line":142,"column":4},"end":{"line":150,"column":5}},{"start":{"line":142,"column":4},"end":{"line":150,"column":5}}],"line":142},"9":{"loc":{"start":{"line":142,"column":8},"end":{"line":143,"column":54}},"type":"binary-expr","locations":[{"start":{"line":142,"column":8},"end":{"line":142,"column":41}},{"start":{"line":143,"column":6},"end":{"line":143,"column":54}}],"line":142}},"s":{"0":7,"1":2,"2":2,"3":1,"4":1,"5":1,"6":1,"7":1,"8":1,"9":1,"10":1,"11":1,"12":0,"13":0,"14":7,"15":2,"16":2,"17":1,"18":1,"19":1,"20":1,"21":1,"22":1,"23":1,"24":1,"25":0,"26":0,"27":7,"28":2,"29":2,"30":2,"31":2,"32":1,"33":1,"34":1,"35":1,"36":1,"37":1,"38":7,"39":2,"40":2,"41":2,"42":2,"43":1,"44":1,"45":1,"46":1,"47":1,"48":1,"49":7,"50":2,"51":2,"52":1,"53":1,"54":1,"55":1,"56":1,"57":7,"58":1,"59":1,"60":0},"f":{"0":2,"1":2,"2":2,"3":2,"4":2,"5":1},"b":{"0":[1,0],"1":[1,1],"2":[1,0],"3":[1,1],"4":[1,0],"5":[1,1],"6":[1,0],"7":[1,1],"8":[1,0],"9":[1,1]},"_coverageSchema":"332fd63041d2c1bcb487cc26dd0d5f7d97098a6c","hash":"39005f04fcdb7dc4c3b768027cef26736f1340ee"}
,"/Users/andeladeveloper/Desktop/more-recipes/More-Recipes/client/auth/auth.js": {"path":"/Users/andeladeveloper/Desktop/more-recipes/More-Recipes/client/auth/auth.js","statementMap":{"0":{"start":{"line":11,"column":4},"end":{"line":11,"column":21}},"1":{"start":{"line":19,"column":4},"end":{"line":25,"column":6}},"2":{"start":{"line":27,"column":4},"end":{"line":29,"column":5}},"3":{"start":{"line":28,"column":6},"end":{"line":28,"column":61}},"4":{"start":{"line":31,"column":4},"end":{"line":33,"column":5}},"5":{"start":{"line":32,"column":6},"end":{"line":32,"column":59}},"6":{"start":{"line":35,"column":4},"end":{"line":37,"column":5}},"7":{"start":{"line":36,"column":6},"end":{"line":36,"column":55}},"8":{"start":{"line":39,"column":4},"end":{"line":41,"column":5}},"9":{"start":{"line":40,"column":6},"end":{"line":40,"column":58}},"10":{"start":{"line":43,"column":4},"end":{"line":45,"column":5}},"11":{"start":{"line":44,"column":6},"end":{"line":44,"column":60}},"12":{"start":{"line":46,"column":4},"end":{"line":46,"column":23}},"13":{"start":{"line":55,"column":4},"end":{"line":59,"column":6}},"14":{"start":{"line":61,"column":4},"end":{"line":63,"column":5}},"15":{"start":{"line":62,"column":6},"end":{"line":62,"column":61}},"16":{"start":{"line":65,"column":4},"end":{"line":67,"column":5}},"17":{"start":{"line":66,"column":6},"end":{"line":66,"column":59}},"18":{"start":{"line":69,"column":4},"end":{"line":71,"column":5}},"19":{"start":{"line":70,"column":6},"end":{"line":70,"column":55}},"20":{"start":{"line":73,"column":4},"end":{"line":73,"column":23}},"21":{"start":{"line":83,"column":4},"end":{"line":86,"column":6}},"22":{"start":{"line":88,"column":4},"end":{"line":90,"column":5}},"23":{"start":{"line":89,"column":6},"end":{"line":89,"column":58}},"24":{"start":{"line":92,"column":4},"end":{"line":94,"column":5}},"25":{"start":{"line":93,"column":6},"end":{"line":93,"column":60}},"26":{"start":{"line":96,"column":4},"end":{"line":96,"column":23}},"27":{"start":{"line":105,"column":4},"end":{"line":108,"column":6}},"28":{"start":{"line":109,"column":4},"end":{"line":111,"column":5}},"29":{"start":{"line":110,"column":6},"end":{"line":110,"column":55}},"30":{"start":{"line":113,"column":4},"end":{"line":115,"column":5}},"31":{"start":{"line":114,"column":6},"end":{"line":114,"column":58}},"32":{"start":{"line":117,"column":4},"end":{"line":119,"column":5}},"33":{"start":{"line":118,"column":6},"end":{"line":118,"column":52}},"34":{"start":{"line":120,"column":4},"end":{"line":120,"column":23}},"35":{"start":{"line":128,"column":4},"end":{"line":132,"column":6}},"36":{"start":{"line":133,"column":4},"end":{"line":135,"column":5}},"37":{"start":{"line":134,"column":6},"end":{"line":134,"column":56}},"38":{"start":{"line":137,"column":4},"end":{"line":139,"column":5}},"39":{"start":{"line":138,"column":6},"end":{"line":138,"column":66}},"40":{"start":{"line":141,"column":4},"end":{"line":143,"column":5}},"41":{"start":{"line":142,"column":6},"end":{"line":142,"column":68}},"42":{"start":{"line":145,"column":4},"end":{"line":145,"column":23}},"43":{"start":{"line":153,"column":4},"end":{"line":155,"column":6}},"44":{"start":{"line":157,"column":4},"end":{"line":159,"column":5}},"45":{"start":{"line":158,"column":6},"end":{"line":158,"column":49}},"46":{"start":{"line":161,"column":4},"end":{"line":161,"column":23}},"47":{"start":{"line":165,"column":21},"end":{"line":165,"column":39}}},"fnMap":{"0":{"name":"(anonymous_0)","decl":{"start":{"line":10,"column":2},"end":{"line":10,"column":3}},"loc":{"start":{"line":10,"column":16},"end":{"line":12,"column":3}},"line":10},"1":{"name":"(anonymous_1)","decl":{"start":{"line":18,"column":2},"end":{"line":18,"column":3}},"loc":{"start":{"line":18,"column":27},"end":{"line":47,"column":3}},"line":18},"2":{"name":"(anonymous_2)","decl":{"start":{"line":54,"column":2},"end":{"line":54,"column":3}},"loc":{"start":{"line":54,"column":28},"end":{"line":74,"column":3}},"line":54},"3":{"name":"(anonymous_3)","decl":{"start":{"line":82,"column":2},"end":{"line":82,"column":3}},"loc":{"start":{"line":82,"column":42},"end":{"line":97,"column":3}},"line":82},"4":{"name":"(anonymous_4)","decl":{"start":{"line":104,"column":2},"end":{"line":104,"column":3}},"loc":{"start":{"line":104,"column":27},"end":{"line":121,"column":3}},"line":104},"5":{"name":"(anonymous_5)","decl":{"start":{"line":127,"column":2},"end":{"line":127,"column":3}},"loc":{"start":{"line":127,"column":28},"end":{"line":146,"column":3}},"line":127},"6":{"name":"(anonymous_6)","decl":{"start":{"line":152,"column":2},"end":{"line":152,"column":3}},"loc":{"start":{"line":152,"column":29},"end":{"line":162,"column":3}},"line":152}},"branchMap":{"0":{"loc":{"start":{"line":27,"column":4},"end":{"line":29,"column":5}},"type":"if","locations":[{"start":{"line":27,"column":4},"end":{"line":29,"column":5}},{"start":{"line":27,"column":4},"end":{"line":29,"column":5}}],"line":27},"1":{"loc":{"start":{"line":31,"column":4},"end":{"line":33,"column":5}},"type":"if","locations":[{"start":{"line":31,"column":4},"end":{"line":33,"column":5}},{"start":{"line":31,"column":4},"end":{"line":33,"column":5}}],"line":31},"2":{"loc":{"start":{"line":35,"column":4},"end":{"line":37,"column":5}},"type":"if","locations":[{"start":{"line":35,"column":4},"end":{"line":37,"column":5}},{"start":{"line":35,"column":4},"end":{"line":37,"column":5}}],"line":35},"3":{"loc":{"start":{"line":39,"column":4},"end":{"line":41,"column":5}},"type":"if","locations":[{"start":{"line":39,"column":4},"end":{"line":41,"column":5}},{"start":{"line":39,"column":4},"end":{"line":41,"column":5}}],"line":39},"4":{"loc":{"start":{"line":43,"column":4},"end":{"line":45,"column":5}},"type":"if","locations":[{"start":{"line":43,"column":4},"end":{"line":45,"column":5}},{"start":{"line":43,"column":4},"end":{"line":45,"column":5}}],"line":43},"5":{"loc":{"start":{"line":61,"column":4},"end":{"line":63,"column":5}},"type":"if","locations":[{"start":{"line":61,"column":4},"end":{"line":63,"column":5}},{"start":{"line":61,"column":4},"end":{"line":63,"column":5}}],"line":61},"6":{"loc":{"start":{"line":65,"column":4},"end":{"line":67,"column":5}},"type":"if","locations":[{"start":{"line":65,"column":4},"end":{"line":67,"column":5}},{"start":{"line":65,"column":4},"end":{"line":67,"column":5}}],"line":65},"7":{"loc":{"start":{"line":69,"column":4},"end":{"line":71,"column":5}},"type":"if","locations":[{"start":{"line":69,"column":4},"end":{"line":71,"column":5}},{"start":{"line":69,"column":4},"end":{"line":71,"column":5}}],"line":69},"8":{"loc":{"start":{"line":88,"column":4},"end":{"line":90,"column":5}},"type":"if","locations":[{"start":{"line":88,"column":4},"end":{"line":90,"column":5}},{"start":{"line":88,"column":4},"end":{"line":90,"column":5}}],"line":88},"9":{"loc":{"start":{"line":92,"column":4},"end":{"line":94,"column":5}},"type":"if","locations":[{"start":{"line":92,"column":4},"end":{"line":94,"column":5}},{"start":{"line":92,"column":4},"end":{"line":94,"column":5}}],"line":92},"10":{"loc":{"start":{"line":109,"column":4},"end":{"line":111,"column":5}},"type":"if","locations":[{"start":{"line":109,"column":4},"end":{"line":111,"column":5}},{"start":{"line":109,"column":4},"end":{"line":111,"column":5}}],"line":109},"11":{"loc":{"start":{"line":113,"column":4},"end":{"line":115,"column":5}},"type":"if","locations":[{"start":{"line":113,"column":4},"end":{"line":115,"column":5}},{"start":{"line":113,"column":4},"end":{"line":115,"column":5}}],"line":113},"12":{"loc":{"start":{"line":117,"column":4},"end":{"line":119,"column":5}},"type":"if","locations":[{"start":{"line":117,"column":4},"end":{"line":119,"column":5}},{"start":{"line":117,"column":4},"end":{"line":119,"column":5}}],"line":117},"13":{"loc":{"start":{"line":133,"column":4},"end":{"line":135,"column":5}},"type":"if","locations":[{"start":{"line":133,"column":4},"end":{"line":135,"column":5}},{"start":{"line":133,"column":4},"end":{"line":135,"column":5}}],"line":133},"14":{"loc":{"start":{"line":137,"column":4},"end":{"line":139,"column":5}},"type":"if","locations":[{"start":{"line":137,"column":4},"end":{"line":139,"column":5}},{"start":{"line":137,"column":4},"end":{"line":139,"column":5}}],"line":137},"15":{"loc":{"start":{"line":141,"column":4},"end":{"line":143,"column":5}},"type":"if","locations":[{"start":{"line":141,"column":4},"end":{"line":143,"column":5}},{"start":{"line":141,"column":4},"end":{"line":143,"column":5}}],"line":141},"16":{"loc":{"start":{"line":157,"column":4},"end":{"line":159,"column":5}},"type":"if","locations":[{"start":{"line":157,"column":4},"end":{"line":159,"column":5}},{"start":{"line":157,"column":4},"end":{"line":159,"column":5}}],"line":157}},"s":{"0":8,"1":5,"2":5,"3":1,"4":5,"5":1,"6":5,"7":1,"8":5,"9":1,"10":5,"11":1,"12":5,"13":4,"14":4,"15":1,"16":4,"17":1,"18":4,"19":1,"20":4,"21":3,"22":3,"23":1,"24":3,"25":2,"26":3,"27":3,"28":3,"29":1,"30":3,"31":1,"32":3,"33":1,"34":3,"35":9,"36":9,"37":2,"38":9,"39":2,"40":9,"41":2,"42":9,"43":2,"44":2,"45":1,"46":2,"47":8},"f":{"0":8,"1":5,"2":4,"3":3,"4":3,"5":9,"6":2},"b":{"0":[1,4],"1":[1,4],"2":[1,4],"3":[1,4],"4":[1,4],"5":[1,3],"6":[1,3],"7":[1,3],"8":[1,2],"9":[2,1],"10":[1,2],"11":[1,2],"12":[1,2],"13":[2,7],"14":[2,7],"15":[2,7],"16":[1,1]},"_coverageSchema":"332fd63041d2c1bcb487cc26dd0d5f7d97098a6c","hash":"2eb038cb2e3e468f0fd393e9682944d267bf7519"}
,"/Users/andeladeveloper/Desktop/more-recipes/More-Recipes/client/cards/RecipeCard.jsx": {"path":"/Users/andeladeveloper/Desktop/more-recipes/More-Recipes/client/cards/RecipeCard.jsx","statementMap":{"0":{"start":{"line":6,"column":19},"end":{"line":59,"column":3}},"1":{"start":{"line":8,"column":4},"end":{"line":58,"column":10}}},"fnMap":{"0":{"name":"(anonymous_0)","decl":{"start":{"line":6,"column":19},"end":{"line":6,"column":20}},"loc":{"start":{"line":8,"column":4},"end":{"line":58,"column":10}},"line":8}},"branchMap":{},"s":{"0":3,"1":0},"f":{"0":0},"b":{},"_coverageSchema":"332fd63041d2c1bcb487cc26dd0d5f7d97098a6c","hash":"665c180cd4821906ae236819a0fcb62a5b7410fd"}
,"/Users/andeladeveloper/Desktop/more-recipes/More-Recipes/client/components/Navigation.jsx": {"path":"/Users/andeladeveloper/Desktop/more-recipes/More-Recipes/client/components/Navigation.jsx","statementMap":{"0":{"start":{"line":6,"column":26},"end":{"line":144,"column":1}},"1":{"start":{"line":7,"column":2},"end":{"line":143,"column":11}},"2":{"start":{"line":146,"column":24},"end":{"line":148,"column":2}},"3":{"start":{"line":146,"column":34},"end":{"line":148,"column":1}},"4":{"start":{"line":150,"column":0},"end":{"line":155,"column":2}},"5":{"start":{"line":157,"column":0},"end":{"line":170,"column":2}}},"fnMap":{"0":{"name":"(anonymous_0)","decl":{"start":{"line":6,"column":26},"end":{"line":6,"column":27}},"loc":{"start":{"line":7,"column":2},"end":{"line":143,"column":11}},"line":7},"1":{"name":"(anonymous_1)","decl":{"start":{"line":146,"column":24},"end":{"line":146,"column":25}},"loc":{"start":{"line":146,"column":34},"end":{"line":148,"column":1}},"line":146}},"branchMap":{"0":{"loc":{"start":{"line":35,"column":13},"end":{"line":43,"column":24}},"type":"cond-expr","locations":[{"start":{"line":36,"column":14},"end":{"line":43,"column":19}},{"start":{"line":43,"column":22},"end":{"line":43,"column":24}}],"line":35},"1":{"loc":{"start":{"line":47,"column":16},"end":{"line":55,"column":31}},"type":"cond-expr","locations":[{"start":{"line":48,"column":16},"end":{"line":55,"column":26}},{"start":{"line":55,"column":29},"end":{"line":55,"column":31}}],"line":47},"2":{"loc":{"start":{"line":47,"column":16},"end":{"line":47,"column":78}},"type":"binary-expr","locations":[{"start":{"line":47,"column":16},"end":{"line":47,"column":37}},{"start":{"line":47,"column":41},"end":{"line":47,"column":78}}],"line":47},"3":{"loc":{"start":{"line":60,"column":16},"end":{"line":67,"column":31}},"type":"cond-expr","locations":[{"start":{"line":61,"column":16},"end":{"line":67,"column":26}},{"start":{"line":67,"column":29},"end":{"line":67,"column":31}}],"line":60},"4":{"loc":{"start":{"line":60,"column":16},"end":{"line":60,"column":78}},"type":"binary-expr","locations":[{"start":{"line":60,"column":16},"end":{"line":60,"column":37}},{"start":{"line":60,"column":41},"end":{"line":60,"column":78}}],"line":60},"5":{"loc":{"start":{"line":71,"column":14},"end":{"line":136,"column":24}},"type":"cond-expr","locations":[{"start":{"line":72,"column":14},"end":{"line":136,"column":19}},{"start":{"line":136,"column":22},"end":{"line":136,"column":24}}],"line":71},"6":{"loc":{"start":{"line":109,"column":20},"end":{"line":116,"column":32}},"type":"cond-expr","locations":[{"start":{"line":110,"column":20},"end":{"line":116,"column":27}},{"start":{"line":116,"column":30},"end":{"line":116,"column":32}}],"line":109},"7":{"loc":{"start":{"line":119,"column":20},"end":{"line":126,"column":32}},"type":"cond-expr","locations":[{"start":{"line":120,"column":20},"end":{"line":126,"column":27}},{"start":{"line":126,"column":30},"end":{"line":126,"column":32}}],"line":119}},"s":{"0":2,"1":1,"2":2,"3":0,"4":2,"5":2},"f":{"0":1,"1":0},"b":{"0":[1,0],"1":[1,0],"2":[1,1],"3":[1,0],"4":[1,1],"5":[0,1],"6":[0,0],"7":[0,0]},"_coverageSchema":"332fd63041d2c1bcb487cc26dd0d5f7d97098a6c","hash":"a47a78793b69c40777490a0a4a3a158f27dee297"}
,"/Users/andeladeveloper/Desktop/more-recipes/More-Recipes/client/components/signin/SigninPage.jsx": {"path":"/Users/andeladeveloper/Desktop/more-recipes/More-Recipes/client/components/signin/SigninPage.jsx","statementMap":{"0":{"start":{"line":7,"column":26},"end":{"line":15,"column":1}},"1":{"start":{"line":8,"column":2},"end":{"line":14,"column":8}},"2":{"start":{"line":17,"column":0},"end":{"line":21,"column":2}}},"fnMap":{"0":{"name":"(anonymous_0)","decl":{"start":{"line":7,"column":26},"end":{"line":7,"column":27}},"loc":{"start":{"line":8,"column":2},"end":{"line":14,"column":8}},"line":8}},"branchMap":{"0":{"loc":{"start":{"line":10,"column":6},"end":{"line":10,"column":73}},"type":"cond-expr","locations":[{"start":{"line":10,"column":45},"end":{"line":10,"column":68}},{"start":{"line":10,"column":71},"end":{"line":10,"column":73}}],"line":10}},"s":{"0":1,"1":1,"2":1},"f":{"0":1},"b":{"0":[0,1]},"_coverageSchema":"332fd63041d2c1bcb487cc26dd0d5f7d97098a6c","hash":"e20db3d691322e332f3ad80c404a8aac3500230e"}
,"/Users/andeladeveloper/Desktop/more-recipes/More-Recipes/client/containers/AddRecipeForm.jsx": {"path":"/Users/andeladeveloper/Desktop/more-recipes/More-Recipes/client/containers/AddRecipeForm.jsx","statementMap":{"0":{"start":{"line":11,"column":23},"end":{"line":14,"column":1}},"1":{"start":{"line":26,"column":4},"end":{"line":26,"column":17}},"2":{"start":{"line":27,"column":4},"end":{"line":27,"column":47}},"3":{"start":{"line":28,"column":4},"end":{"line":28,"column":75}},"4":{"start":{"line":29,"column":4},"end":{"line":29,"column":49}},"5":{"start":{"line":30,"column":4},"end":{"line":30,"column":45}},"6":{"start":{"line":31,"column":4},"end":{"line":40,"column":6}},"7":{"start":{"line":48,"column":4},"end":{"line":48,"column":63}},"8":{"start":{"line":57,"column":4},"end":{"line":57,"column":38}},"9":{"start":{"line":66,"column":4},"end":{"line":82,"column":5}},"10":{"start":{"line":67,"column":24},"end":{"line":67,"column":40}},"11":{"start":{"line":68,"column":29},"end":{"line":68,"column":79}},"12":{"start":{"line":69,"column":39},"end":{"line":69,"column":49}},"13":{"start":{"line":70,"column":23},"end":{"line":70,"column":37}},"14":{"start":{"line":71,"column":6},"end":{"line":71,"column":41}},"15":{"start":{"line":72,"column":6},"end":{"line":72,"column":65}},"16":{"start":{"line":73,"column":23},"end":{"line":78,"column":8}},"17":{"start":{"line":79,"column":6},"end":{"line":79,"column":55}},"18":{"start":{"line":81,"column":6},"end":{"line":81,"column":33}},"19":{"start":{"line":90,"column":4},"end":{"line":132,"column":5}},"20":{"start":{"line":91,"column":6},"end":{"line":91,"column":29}},"21":{"start":{"line":92,"column":19},"end":{"line":96,"column":7}},"22":{"start":{"line":98,"column":21},"end":{"line":98,"column":59}},"23":{"start":{"line":100,"column":6},"end":{"line":107,"column":7}},"24":{"start":{"line":102,"column":8},"end":{"line":106,"column":11}},"25":{"start":{"line":108,"column":6},"end":{"line":108,"column":59}},"26":{"start":{"line":109,"column":23},"end":{"line":109,"column":59}},"27":{"start":{"line":111,"column":6},"end":{"line":116,"column":8}},"28":{"start":{"line":118,"column":6},"end":{"line":118,"column":41}},"29":{"start":{"line":120,"column":6},"end":{"line":120,"column":47}},"30":{"start":{"line":122,"column":6},"end":{"line":131,"column":7}},"31":{"start":{"line":123,"column":8},"end":{"line":130,"column":11}},"32":{"start":{"line":139,"column":22},"end":{"line":139,"column":26}},"33":{"start":{"line":140,"column":4},"end":{"line":142,"column":5}},"34":{"start":{"line":141,"column":6},"end":{"line":141,"column":45}},"35":{"start":{"line":143,"column":28},"end":{"line":143,"column":38}},"36":{"start":{"line":144,"column":4},"end":{"line":266,"column":6}},"37":{"start":{"line":271,"column":0},"end":{"line":273,"column":2}},"38":{"start":{"line":275,"column":0},"end":{"line":280,"column":2}},"39":{"start":{"line":283,"column":24},"end":{"line":286,"column":2}},"40":{"start":{"line":283,"column":34},"end":{"line":286,"column":1}},"41":{"start":{"line":288,"column":27},"end":{"line":289,"column":45}},"42":{"start":{"line":289,"column":2},"end":{"line":289,"column":45}},"43":{"start":{"line":292,"column":2},"end":{"line":292,"column":61}}},"fnMap":{"0":{"name":"(anonymous_0)","decl":{"start":{"line":25,"column":2},"end":{"line":25,"column":3}},"loc":{"start":{"line":25,"column":21},"end":{"line":41,"column":3}},"line":25},"1":{"name":"(anonymous_1)","decl":{"start":{"line":47,"column":2},"end":{"line":47,"column":3}},"loc":{"start":{"line":47,"column":18},"end":{"line":49,"column":3}},"line":47},"2":{"name":"(anonymous_2)","decl":{"start":{"line":56,"column":2},"end":{"line":56,"column":3}},"loc":{"start":{"line":56,"column":19},"end":{"line":58,"column":3}},"line":56},"3":{"name":"(anonymous_3)","decl":{"start":{"line":65,"column":2},"end":{"line":65,"column":3}},"loc":{"start":{"line":65,"column":34},"end":{"line":83,"column":3}},"line":65},"4":{"name":"(anonymous_4)","decl":{"start":{"line":89,"column":2},"end":{"line":89,"column":3}},"loc":{"start":{"line":89,"column":25},"end":{"line":133,"column":3}},"line":89},"5":{"name":"(anonymous_5)","decl":{"start":{"line":138,"column":2},"end":{"line":138,"column":3}},"loc":{"start":{"line":138,"column":11},"end":{"line":267,"column":3}},"line":138},"6":{"name":"(anonymous_6)","decl":{"start":{"line":283,"column":24},"end":{"line":283,"column":25}},"loc":{"start":{"line":283,"column":34},"end":{"line":286,"column":1}},"line":283},"7":{"name":"(anonymous_7)","decl":{"start":{"line":288,"column":27},"end":{"line":288,"column":28}},"loc":{"start":{"line":289,"column":2},"end":{"line":289,"column":45}},"line":289}},"branchMap":{"0":{"loc":{"start":{"line":100,"column":6},"end":{"line":107,"column":7}},"type":"if","locations":[{"start":{"line":100,"column":6},"end":{"line":107,"column":7}},{"start":{"line":100,"column":6},"end":{"line":107,"column":7}}],"line":100},"1":{"loc":{"start":{"line":100,"column":10},"end":{"line":101,"column":24}},"type":"binary-expr","locations":[{"start":{"line":100,"column":10},"end":{"line":100,"column":29}},{"start":{"line":100,"column":33},"end":{"line":100,"column":58}},{"start":{"line":101,"column":5},"end":{"line":101,"column":24}}],"line":100},"2":{"loc":{"start":{"line":122,"column":6},"end":{"line":131,"column":7}},"type":"if","locations":[{"start":{"line":122,"column":6},"end":{"line":131,"column":7}},{"start":{"line":122,"column":6},"end":{"line":131,"column":7}}],"line":122},"3":{"loc":{"start":{"line":140,"column":4},"end":{"line":142,"column":5}},"type":"if","locations":[{"start":{"line":140,"column":4},"end":{"line":142,"column":5}},{"start":{"line":140,"column":4},"end":{"line":142,"column":5}}],"line":140},"4":{"loc":{"start":{"line":158,"column":19},"end":{"line":170,"column":26}},"type":"cond-expr","locations":[{"start":{"line":159,"column":20},"end":{"line":159,"column":105}},{"start":{"line":160,"column":20},"end":{"line":170,"column":26}}],"line":158},"5":{"loc":{"start":{"line":174,"column":20},"end":{"line":177,"column":25}},"type":"binary-expr","locations":[{"start":{"line":174,"column":20},"end":{"line":174,"column":31}},{"start":{"line":175,"column":18},"end":{"line":177,"column":25}}],"line":174},"6":{"loc":{"start":{"line":191,"column":20},"end":{"line":194,"column":25}},"type":"binary-expr","locations":[{"start":{"line":191,"column":20},"end":{"line":191,"column":41}},{"start":{"line":192,"column":18},"end":{"line":194,"column":25}}],"line":191},"7":{"loc":{"start":{"line":208,"column":20},"end":{"line":211,"column":27}},"type":"binary-expr","locations":[{"start":{"line":208,"column":20},"end":{"line":208,"column":46}},{"start":{"line":209,"column":20},"end":{"line":211,"column":27}}],"line":208},"8":{"loc":{"start":{"line":224,"column":20},"end":{"line":227,"column":25}},"type":"binary-expr","locations":[{"start":{"line":224,"column":20},"end":{"line":224,"column":47}},{"start":{"line":225,"column":18},"end":{"line":227,"column":25}}],"line":224},"9":{"loc":{"start":{"line":257,"column":27},"end":{"line":258,"column":33}},"type":"cond-expr","locations":[{"start":{"line":257,"column":53},"end":{"line":257,"column":71}},{"start":{"line":258,"column":21},"end":{"line":258,"column":33}}],"line":257}},"s":{"0":1,"1":9,"2":9,"3":9,"4":9,"5":9,"6":9,"7":3,"8":1,"9":1,"10":1,"11":1,"12":1,"13":1,"14":1,"15":1,"16":1,"17":1,"18":0,"19":4,"20":4,"21":4,"22":4,"23":4,"24":3,"25":1,"26":1,"27":1,"28":1,"29":1,"30":0,"31":0,"32":21,"33":21,"34":1,"35":21,"36":21,"37":1,"38":1,"39":1,"40":0,"41":1,"42":0,"43":1},"f":{"0":9,"1":3,"2":1,"3":1,"4":4,"5":21,"6":0,"7":0},"b":{"0":[3,1],"1":[4,3,2],"2":[0,0],"3":[1,20],"4":[1,20],"5":[21,0],"6":[21,1],"7":[21,1],"8":[21,1],"9":[1,20]},"_coverageSchema":"332fd63041d2c1bcb487cc26dd0d5f7d97098a6c","hash":"f1dd80f851794cbeed09c32c463b5a04e7db31ad"}
,"/Users/andeladeveloper/Desktop/more-recipes/More-Recipes/client/containers/AddReview.jsx": {"path":"/Users/andeladeveloper/Desktop/more-recipes/More-Recipes/client/containers/AddReview.jsx","statementMap":{"0":{"start":{"line":16,"column":4},"end":{"line":16,"column":12}},"1":{"start":{"line":17,"column":4},"end":{"line":17,"column":47}},"2":{"start":{"line":18,"column":4},"end":{"line":18,"column":45}},"3":{"start":{"line":19,"column":4},"end":{"line":19,"column":47}},"4":{"start":{"line":20,"column":4},"end":{"line":23,"column":6}},"5":{"start":{"line":33,"column":4},"end":{"line":33,"column":63}},"6":{"start":{"line":41,"column":4},"end":{"line":41,"column":34}},"7":{"start":{"line":50,"column":4},"end":{"line":50,"column":27}},"8":{"start":{"line":51,"column":23},"end":{"line":53,"column":5}},"9":{"start":{"line":55,"column":19},"end":{"line":55,"column":58}},"10":{"start":{"line":57,"column":4},"end":{"line":59,"column":5}},"11":{"start":{"line":58,"column":6},"end":{"line":58,"column":59}},"12":{"start":{"line":61,"column":21},"end":{"line":61,"column":53}},"13":{"start":{"line":63,"column":4},"end":{"line":70,"column":5}},"14":{"start":{"line":64,"column":23},"end":{"line":64,"column":63}},"15":{"start":{"line":65,"column":6},"end":{"line":65,"column":49}},"16":{"start":{"line":66,"column":6},"end":{"line":66,"column":23}},"17":{"start":{"line":68,"column":6},"end":{"line":68,"column":46}},"18":{"start":{"line":69,"column":6},"end":{"line":69,"column":41}},"19":{"start":{"line":77,"column":4},"end":{"line":109,"column":6}},"20":{"start":{"line":113,"column":0},"end":{"line":115,"column":2}},"21":{"start":{"line":117,"column":0},"end":{"line":127,"column":2}},"22":{"start":{"line":129,"column":24},"end":{"line":131,"column":2}},"23":{"start":{"line":129,"column":34},"end":{"line":131,"column":1}},"24":{"start":{"line":133,"column":27},"end":{"line":134,"column":45}},"25":{"start":{"line":134,"column":2},"end":{"line":134,"column":45}},"26":{"start":{"line":137,"column":2},"end":{"line":137,"column":57}}},"fnMap":{"0":{"name":"(anonymous_0)","decl":{"start":{"line":15,"column":2},"end":{"line":15,"column":3}},"loc":{"start":{"line":15,"column":16},"end":{"line":24,"column":3}},"line":15},"1":{"name":"(anonymous_1)","decl":{"start":{"line":32,"column":2},"end":{"line":32,"column":3}},"loc":{"start":{"line":32,"column":18},"end":{"line":34,"column":3}},"line":32},"2":{"name":"(anonymous_2)","decl":{"start":{"line":40,"column":2},"end":{"line":40,"column":3}},"loc":{"start":{"line":40,"column":14},"end":{"line":42,"column":3}},"line":40},"3":{"name":"(anonymous_3)","decl":{"start":{"line":49,"column":2},"end":{"line":49,"column":3}},"loc":{"start":{"line":49,"column":19},"end":{"line":71,"column":3}},"line":49},"4":{"name":"(anonymous_4)","decl":{"start":{"line":76,"column":2},"end":{"line":76,"column":3}},"loc":{"start":{"line":76,"column":11},"end":{"line":110,"column":3}},"line":76},"5":{"name":"(anonymous_5)","decl":{"start":{"line":114,"column":13},"end":{"line":114,"column":14}},"loc":{"start":{"line":114,"column":19},"end":{"line":114,"column":21}},"line":114},"6":{"name":"(anonymous_6)","decl":{"start":{"line":129,"column":24},"end":{"line":129,"column":25}},"loc":{"start":{"line":129,"column":34},"end":{"line":131,"column":1}},"line":129},"7":{"name":"(anonymous_7)","decl":{"start":{"line":133,"column":27},"end":{"line":133,"column":28}},"loc":{"start":{"line":134,"column":2},"end":{"line":134,"column":45}},"line":134}},"branchMap":{"0":{"loc":{"start":{"line":57,"column":4},"end":{"line":59,"column":5}},"type":"if","locations":[{"start":{"line":57,"column":4},"end":{"line":59,"column":5}},{"start":{"line":57,"column":4},"end":{"line":59,"column":5}}],"line":57},"1":{"loc":{"start":{"line":63,"column":4},"end":{"line":70,"column":5}},"type":"if","locations":[{"start":{"line":63,"column":4},"end":{"line":70,"column":5}},{"start":{"line":63,"column":4},"end":{"line":70,"column":5}}],"line":63},"2":{"loc":{"start":{"line":91,"column":18},"end":{"line":94,"column":25}},"type":"binary-expr","locations":[{"start":{"line":91,"column":18},"end":{"line":91,"column":40}},{"start":{"line":92,"column":18},"end":{"line":94,"column":25}}],"line":91}},"s":{"0":4,"1":4,"2":4,"3":4,"4":4,"5":1,"6":0,"7":2,"8":2,"9":2,"10":2,"11":1,"12":1,"13":1,"14":0,"15":0,"16":0,"17":1,"18":1,"19":8,"20":1,"21":1,"22":1,"23":0,"24":1,"25":0,"26":1},"f":{"0":4,"1":1,"2":0,"3":2,"4":8,"5":0,"6":0,"7":0},"b":{"0":[1,1],"1":[0,1],"2":[8,1]},"_coverageSchema":"332fd63041d2c1bcb487cc26dd0d5f7d97098a6c","hash":"079ff096af0937773d5d3c800a944d9a27835471"}
,"/Users/andeladeveloper/Desktop/more-recipes/More-Recipes/client/containers/EditRecipeForm.jsx": {"path":"/Users/andeladeveloper/Desktop/more-recipes/More-Recipes/client/containers/EditRecipeForm.jsx","statementMap":{"0":{"start":{"line":11,"column":23},"end":{"line":14,"column":1}},"1":{"start":{"line":25,"column":4},"end":{"line":25,"column":17}},"2":{"start":{"line":26,"column":4},"end":{"line":26,"column":49}},"3":{"start":{"line":27,"column":4},"end":{"line":27,"column":45}},"4":{"start":{"line":28,"column":4},"end":{"line":28,"column":75}},"5":{"start":{"line":29,"column":4},"end":{"line":29,"column":49}},"6":{"start":{"line":30,"column":4},"end":{"line":41,"column":6}},"7":{"start":{"line":48,"column":15},"end":{"line":48,"column":55}},"8":{"start":{"line":49,"column":4},"end":{"line":49,"column":41}},"9":{"start":{"line":50,"column":23},"end":{"line":50,"column":33}},"10":{"start":{"line":51,"column":4},"end":{"line":51,"column":43}},"11":{"start":{"line":52,"column":4},"end":{"line":52,"column":55}},"12":{"start":{"line":53,"column":4},"end":{"line":53,"column":57}},"13":{"start":{"line":54,"column":4},"end":{"line":54,"column":47}},"14":{"start":{"line":62,"column":4},"end":{"line":62,"column":63}},"15":{"start":{"line":71,"column":4},"end":{"line":71,"column":38}},"16":{"start":{"line":80,"column":4},"end":{"line":100,"column":5}},"17":{"start":{"line":81,"column":6},"end":{"line":83,"column":7}},"18":{"start":{"line":82,"column":8},"end":{"line":82,"column":36}},"19":{"start":{"line":84,"column":24},"end":{"line":84,"column":40}},"20":{"start":{"line":85,"column":29},"end":{"line":85,"column":79}},"21":{"start":{"line":86,"column":39},"end":{"line":86,"column":49}},"22":{"start":{"line":87,"column":23},"end":{"line":87,"column":37}},"23":{"start":{"line":88,"column":6},"end":{"line":88,"column":41}},"24":{"start":{"line":89,"column":6},"end":{"line":89,"column":65}},"25":{"start":{"line":90,"column":23},"end":{"line":95,"column":8}},"26":{"start":{"line":96,"column":6},"end":{"line":96,"column":57}},"27":{"start":{"line":97,"column":6},"end":{"line":97,"column":55}},"28":{"start":{"line":99,"column":6},"end":{"line":99,"column":33}},"29":{"start":{"line":108,"column":4},"end":{"line":145,"column":5}},"30":{"start":{"line":109,"column":6},"end":{"line":109,"column":29}},"31":{"start":{"line":110,"column":19},"end":{"line":114,"column":7}},"32":{"start":{"line":116,"column":19},"end":{"line":116,"column":57}},"33":{"start":{"line":118,"column":6},"end":{"line":125,"column":7}},"34":{"start":{"line":120,"column":8},"end":{"line":124,"column":11}},"35":{"start":{"line":127,"column":6},"end":{"line":127,"column":39}},"36":{"start":{"line":128,"column":23},"end":{"line":128,"column":59}},"37":{"start":{"line":129,"column":6},"end":{"line":134,"column":8}},"38":{"start":{"line":136,"column":6},"end":{"line":136,"column":70}},"39":{"start":{"line":137,"column":6},"end":{"line":137,"column":47}},"40":{"start":{"line":139,"column":6},"end":{"line":139,"column":18}},"41":{"start":{"line":140,"column":6},"end":{"line":140,"column":32}},"42":{"start":{"line":142,"column":6},"end":{"line":144,"column":7}},"43":{"start":{"line":143,"column":8},"end":{"line":143,"column":74}},"44":{"start":{"line":152,"column":28},"end":{"line":152,"column":38}},"45":{"start":{"line":153,"column":4},"end":{"line":265,"column":6}},"46":{"start":{"line":270,"column":0},"end":{"line":272,"column":2}},"47":{"start":{"line":274,"column":0},"end":{"line":292,"column":2}},"48":{"start":{"line":295,"column":24},"end":{"line":297,"column":2}},"49":{"start":{"line":295,"column":34},"end":{"line":297,"column":1}},"50":{"start":{"line":299,"column":27},"end":{"line":300,"column":63}},"51":{"start":{"line":300,"column":2},"end":{"line":300,"column":63}},"52":{"start":{"line":304,"column":3},"end":{"line":304,"column":63}}},"fnMap":{"0":{"name":"(anonymous_0)","decl":{"start":{"line":24,"column":2},"end":{"line":24,"column":3}},"loc":{"start":{"line":24,"column":21},"end":{"line":42,"column":3}},"line":24},"1":{"name":"(anonymous_1)","decl":{"start":{"line":47,"column":2},"end":{"line":47,"column":3}},"loc":{"start":{"line":47,"column":29},"end":{"line":55,"column":3}},"line":47},"2":{"name":"(anonymous_2)","decl":{"start":{"line":61,"column":2},"end":{"line":61,"column":3}},"loc":{"start":{"line":61,"column":18},"end":{"line":63,"column":3}},"line":61},"3":{"name":"(anonymous_3)","decl":{"start":{"line":70,"column":2},"end":{"line":70,"column":3}},"loc":{"start":{"line":70,"column":19},"end":{"line":72,"column":3}},"line":70},"4":{"name":"(anonymous_4)","decl":{"start":{"line":79,"column":2},"end":{"line":79,"column":3}},"loc":{"start":{"line":79,"column":34},"end":{"line":101,"column":3}},"line":79},"5":{"name":"(anonymous_5)","decl":{"start":{"line":107,"column":2},"end":{"line":107,"column":3}},"loc":{"start":{"line":107,"column":26},"end":{"line":146,"column":3}},"line":107},"6":{"name":"(anonymous_6)","decl":{"start":{"line":151,"column":2},"end":{"line":151,"column":3}},"loc":{"start":{"line":151,"column":11},"end":{"line":266,"column":3}},"line":151},"7":{"name":"(anonymous_7)","decl":{"start":{"line":295,"column":24},"end":{"line":295,"column":25}},"loc":{"start":{"line":295,"column":34},"end":{"line":297,"column":1}},"line":295},"8":{"name":"(anonymous_8)","decl":{"start":{"line":299,"column":27},"end":{"line":299,"column":28}},"loc":{"start":{"line":300,"column":2},"end":{"line":300,"column":63}},"line":300}},"branchMap":{"0":{"loc":{"start":{"line":81,"column":6},"end":{"line":83,"column":7}},"type":"if","locations":[{"start":{"line":81,"column":6},"end":{"line":83,"column":7}},{"start":{"line":81,"column":6},"end":{"line":83,"column":7}}],"line":81},"1":{"loc":{"start":{"line":118,"column":6},"end":{"line":125,"column":7}},"type":"if","locations":[{"start":{"line":118,"column":6},"end":{"line":125,"column":7}},{"start":{"line":118,"column":6},"end":{"line":125,"column":7}}],"line":118},"2":{"loc":{"start":{"line":118,"column":10},"end":{"line":119,"column":24}},"type":"binary-expr","locations":[{"start":{"line":118,"column":10},"end":{"line":118,"column":29}},{"start":{"line":118,"column":33},"end":{"line":118,"column":58}},{"start":{"line":119,"column":5},"end":{"line":119,"column":24}}],"line":118},"3":{"loc":{"start":{"line":142,"column":6},"end":{"line":144,"column":7}},"type":"if","locations":[{"start":{"line":142,"column":6},"end":{"line":144,"column":7}},{"start":{"line":142,"column":6},"end":{"line":144,"column":7}}],"line":142},"4":{"loc":{"start":{"line":166,"column":20},"end":{"line":168,"column":118}},"type":"cond-expr","locations":[{"start":{"line":167,"column":20},"end":{"line":167,"column":114}},{"start":{"line":168,"column":20},"end":{"line":168,"column":118}}],"line":166},"5":{"loc":{"start":{"line":172,"column":20},"end":{"line":175,"column":25}},"type":"binary-expr","locations":[{"start":{"line":172,"column":20},"end":{"line":172,"column":31}},{"start":{"line":173,"column":18},"end":{"line":175,"column":25}}],"line":172},"6":{"loc":{"start":{"line":189,"column":20},"end":{"line":192,"column":25}},"type":"binary-expr","locations":[{"start":{"line":189,"column":20},"end":{"line":189,"column":41}},{"start":{"line":190,"column":18},"end":{"line":192,"column":25}}],"line":189},"7":{"loc":{"start":{"line":206,"column":20},"end":{"line":209,"column":27}},"type":"binary-expr","locations":[{"start":{"line":206,"column":20},"end":{"line":206,"column":46}},{"start":{"line":207,"column":20},"end":{"line":209,"column":27}}],"line":206},"8":{"loc":{"start":{"line":223,"column":20},"end":{"line":226,"column":25}},"type":"binary-expr","locations":[{"start":{"line":223,"column":20},"end":{"line":223,"column":47}},{"start":{"line":224,"column":18},"end":{"line":226,"column":25}}],"line":223}},"s":{"0":1,"1":10,"2":10,"3":10,"4":10,"5":10,"6":10,"7":10,"8":10,"9":10,"10":10,"11":10,"12":10,"13":10,"14":3,"15":1,"16":2,"17":2,"18":1,"19":1,"20":1,"21":1,"22":1,"23":1,"24":1,"25":1,"26":1,"27":1,"28":0,"29":5,"30":5,"31":5,"32":5,"33":5,"34":3,"35":2,"36":2,"37":2,"38":2,"39":2,"40":2,"41":2,"42":0,"43":0,"44":67,"45":67,"46":1,"47":1,"48":1,"49":0,"50":1,"51":0,"52":1},"f":{"0":10,"1":10,"2":3,"3":1,"4":2,"5":5,"6":67,"7":0,"8":0},"b":{"0":[1,1],"1":[3,2],"2":[5,4,3],"3":[0,0],"4":[54,13],"5":[67,0],"6":[67,5],"7":[67,5],"8":[67,5]},"_coverageSchema":"332fd63041d2c1bcb487cc26dd0d5f7d97098a6c","hash":"6ba4154919bbbe01d57f4731fe1752879fa5fa78"}
,"/Users/andeladeveloper/Desktop/more-recipes/More-Recipes/client/containers/EditUserPasswordForm.jsx": {"path":"/Users/andeladeveloper/Desktop/more-recipes/More-Recipes/client/containers/EditUserPasswordForm.jsx","statementMap":{"0":{"start":{"line":17,"column":4},"end":{"line":17,"column":17}},"1":{"start":{"line":18,"column":4},"end":{"line":18,"column":53}},"2":{"start":{"line":19,"column":4},"end":{"line":19,"column":45}},"3":{"start":{"line":20,"column":4},"end":{"line":25,"column":6}},"4":{"start":{"line":33,"column":4},"end":{"line":33,"column":63}},"5":{"start":{"line":41,"column":4},"end":{"line":41,"column":27}},"6":{"start":{"line":42,"column":17},"end":{"line":44,"column":5}},"7":{"start":{"line":46,"column":19},"end":{"line":46,"column":82}},"8":{"start":{"line":48,"column":4},"end":{"line":53,"column":5}},"9":{"start":{"line":49,"column":6},"end":{"line":52,"column":9}},"10":{"start":{"line":54,"column":4},"end":{"line":54,"column":66}},"11":{"start":{"line":55,"column":4},"end":{"line":58,"column":7}},"12":{"start":{"line":65,"column":4},"end":{"line":122,"column":6}},"13":{"start":{"line":127,"column":0},"end":{"line":130,"column":2}},"14":{"start":{"line":132,"column":0},"end":{"line":140,"column":2}},"15":{"start":{"line":143,"column":27},"end":{"line":144,"column":52}},"16":{"start":{"line":144,"column":2},"end":{"line":144,"column":52}},"17":{"start":{"line":147,"column":2},"end":{"line":147,"column":57}}},"fnMap":{"0":{"name":"(anonymous_0)","decl":{"start":{"line":16,"column":2},"end":{"line":16,"column":3}},"loc":{"start":{"line":16,"column":21},"end":{"line":26,"column":3}},"line":16},"1":{"name":"(anonymous_1)","decl":{"start":{"line":32,"column":2},"end":{"line":32,"column":3}},"loc":{"start":{"line":32,"column":18},"end":{"line":34,"column":3}},"line":32},"2":{"name":"(anonymous_2)","decl":{"start":{"line":40,"column":2},"end":{"line":40,"column":3}},"loc":{"start":{"line":40,"column":22},"end":{"line":59,"column":3}},"line":40},"3":{"name":"(anonymous_3)","decl":{"start":{"line":64,"column":2},"end":{"line":64,"column":3}},"loc":{"start":{"line":64,"column":11},"end":{"line":123,"column":3}},"line":64},"4":{"name":"(anonymous_4)","decl":{"start":{"line":143,"column":27},"end":{"line":143,"column":28}},"loc":{"start":{"line":144,"column":2},"end":{"line":144,"column":52}},"line":144}},"branchMap":{"0":{"loc":{"start":{"line":48,"column":4},"end":{"line":53,"column":5}},"type":"if","locations":[{"start":{"line":48,"column":4},"end":{"line":53,"column":5}},{"start":{"line":48,"column":4},"end":{"line":53,"column":5}}],"line":48},"1":{"loc":{"start":{"line":48,"column":8},"end":{"line":48,"column":63}},"type":"binary-expr","locations":[{"start":{"line":48,"column":8},"end":{"line":48,"column":30}},{"start":{"line":48,"column":34},"end":{"line":48,"column":63}}],"line":48},"2":{"loc":{"start":{"line":86,"column":22},"end":{"line":89,"column":27}},"type":"binary-expr","locations":[{"start":{"line":86,"column":22},"end":{"line":86,"column":46}},{"start":{"line":87,"column":20},"end":{"line":89,"column":27}}],"line":86},"3":{"loc":{"start":{"line":102,"column":22},"end":{"line":105,"column":27}},"type":"binary-expr","locations":[{"start":{"line":102,"column":22},"end":{"line":102,"column":51}},{"start":{"line":103,"column":20},"end":{"line":105,"column":27}}],"line":102}},"s":{"0":5,"1":5,"2":5,"3":5,"4":1,"5":3,"6":3,"7":3,"8":3,"9":2,"10":1,"11":1,"12":12,"13":1,"14":1,"15":1,"16":0,"17":1},"f":{"0":5,"1":1,"2":3,"3":12,"4":0},"b":{"0":[2,1],"1":[3,2],"2":[12,1],"3":[12,2]},"_coverageSchema":"332fd63041d2c1bcb487cc26dd0d5f7d97098a6c","hash":"fa5453302b21458f1013466dfca078bc5f13e5c0"}
,"/Users/andeladeveloper/Desktop/more-recipes/More-Recipes/client/containers/EditUserProfileForm.jsx": {"path":"/Users/andeladeveloper/Desktop/more-recipes/More-Recipes/client/containers/EditUserProfileForm.jsx","statementMap":{"0":{"start":{"line":18,"column":4},"end":{"line":18,"column":17}},"1":{"start":{"line":19,"column":4},"end":{"line":19,"column":51}},"2":{"start":{"line":20,"column":4},"end":{"line":20,"column":45}},"3":{"start":{"line":21,"column":4},"end":{"line":28,"column":6}},"4":{"start":{"line":35,"column":21},"end":{"line":35,"column":40}},"5":{"start":{"line":36,"column":4},"end":{"line":36,"column":49}},"6":{"start":{"line":37,"column":4},"end":{"line":37,"column":47}},"7":{"start":{"line":38,"column":4},"end":{"line":38,"column":41}},"8":{"start":{"line":46,"column":4},"end":{"line":46,"column":63}},"9":{"start":{"line":54,"column":4},"end":{"line":54,"column":27}},"10":{"start":{"line":55,"column":17},"end":{"line":59,"column":5}},"11":{"start":{"line":61,"column":19},"end":{"line":61,"column":57}},"12":{"start":{"line":63,"column":4},"end":{"line":70,"column":5}},"13":{"start":{"line":65,"column":6},"end":{"line":69,"column":9}},"14":{"start":{"line":71,"column":4},"end":{"line":71,"column":65}},"15":{"start":{"line":73,"column":4},"end":{"line":77,"column":7}},"16":{"start":{"line":84,"column":4},"end":{"line":156,"column":6}},"17":{"start":{"line":161,"column":0},"end":{"line":165,"column":2}},"18":{"start":{"line":167,"column":0},"end":{"line":183,"column":2}},"19":{"start":{"line":186,"column":24},"end":{"line":189,"column":2}},"20":{"start":{"line":186,"column":34},"end":{"line":189,"column":1}},"21":{"start":{"line":191,"column":27},"end":{"line":192,"column":51}},"22":{"start":{"line":192,"column":2},"end":{"line":192,"column":51}},"23":{"start":{"line":195,"column":2},"end":{"line":195,"column":67}}},"fnMap":{"0":{"name":"(anonymous_0)","decl":{"start":{"line":17,"column":2},"end":{"line":17,"column":3}},"loc":{"start":{"line":17,"column":21},"end":{"line":29,"column":3}},"line":17},"1":{"name":"(anonymous_1)","decl":{"start":{"line":34,"column":2},"end":{"line":34,"column":3}},"loc":{"start":{"line":34,"column":23},"end":{"line":39,"column":3}},"line":34},"2":{"name":"(anonymous_2)","decl":{"start":{"line":45,"column":2},"end":{"line":45,"column":3}},"loc":{"start":{"line":45,"column":18},"end":{"line":47,"column":3}},"line":45},"3":{"name":"(anonymous_3)","decl":{"start":{"line":53,"column":2},"end":{"line":53,"column":3}},"loc":{"start":{"line":53,"column":21},"end":{"line":78,"column":3}},"line":53},"4":{"name":"(anonymous_4)","decl":{"start":{"line":83,"column":2},"end":{"line":83,"column":3}},"loc":{"start":{"line":83,"column":11},"end":{"line":157,"column":3}},"line":83},"5":{"name":"(anonymous_5)","decl":{"start":{"line":186,"column":24},"end":{"line":186,"column":25}},"loc":{"start":{"line":186,"column":34},"end":{"line":189,"column":1}},"line":186},"6":{"name":"(anonymous_6)","decl":{"start":{"line":191,"column":27},"end":{"line":191,"column":28}},"loc":{"start":{"line":192,"column":2},"end":{"line":192,"column":51}},"line":192}},"branchMap":{"0":{"loc":{"start":{"line":63,"column":4},"end":{"line":70,"column":5}},"type":"if","locations":[{"start":{"line":63,"column":4},"end":{"line":70,"column":5}},{"start":{"line":63,"column":4},"end":{"line":70,"column":5}}],"line":63},"1":{"loc":{"start":{"line":63,"column":8},"end":{"line":64,"column":31}},"type":"binary-expr","locations":[{"start":{"line":63,"column":8},"end":{"line":63,"column":27}},{"start":{"line":63,"column":31},"end":{"line":63,"column":54}},{"start":{"line":64,"column":9},"end":{"line":64,"column":31}}],"line":63},"2":{"loc":{"start":{"line":104,"column":22},"end":{"line":107,"column":27}},"type":"binary-expr","locations":[{"start":{"line":104,"column":22},"end":{"line":104,"column":47}},{"start":{"line":105,"column":20},"end":{"line":107,"column":27}}],"line":104},"3":{"loc":{"start":{"line":120,"column":22},"end":{"line":123,"column":27}},"type":"binary-expr","locations":[{"start":{"line":120,"column":22},"end":{"line":120,"column":46}},{"start":{"line":121,"column":20},"end":{"line":123,"column":27}}],"line":120},"4":{"loc":{"start":{"line":136,"column":22},"end":{"line":139,"column":27}},"type":"binary-expr","locations":[{"start":{"line":136,"column":22},"end":{"line":136,"column":43}},{"start":{"line":137,"column":20},"end":{"line":139,"column":27}}],"line":136}},"s":{"0":8,"1":8,"2":8,"3":8,"4":8,"5":8,"6":8,"7":8,"8":3,"9":4,"10":4,"11":4,"12":4,"13":3,"14":1,"15":1,"16":19,"17":1,"18":1,"19":1,"20":0,"21":1,"22":0,"23":1},"f":{"0":8,"1":8,"2":3,"3":4,"4":19,"5":0,"6":0},"b":{"0":[3,1],"1":[4,3,2],"2":[19,1],"3":[19,1],"4":[19,1]},"_coverageSchema":"332fd63041d2c1bcb487cc26dd0d5f7d97098a6c","hash":"37f4755d0ea18286926e664efba5891bc94161dd"}
[...]
,"/Users/andeladeveloper/Desktop/more-recipes/More-Recipes/client/containers/UserRecipes.jsx": {"path":"/Users/andeladeveloper/Desktop/more-recipes/More-Recipes/client/containers/UserRecipes.jsx","statementMap":{"0":{"start":{"line":18,"column":4},"end":{"line":18,"column":12}},"1":{"start":{"line":19,"column":4},"end":{"line":19,"column":45}},"2":{"start":{"line":20,"column":4},"end":{"line":20,"column":47}},"3":{"start":{"line":21,"column":4},"end":{"line":21,"column":26}},"4":{"start":{"line":27,"column":4},"end":{"line":27,"column":32}},"5":{"start":{"line":35,"column":4},"end":{"line":35,"column":32}},"6":{"start":{"line":45,"column":21},"end":{"line":45,"column":50}},"7":{"start":{"line":46,"column":4},"end":{"line":54,"column":6}},"8":{"start":{"line":51,"column":23},"end":{"line":51,"column":46}},"9":{"start":{"line":52,"column":22},"end":{"line":52,"column":24}},"10":{"start":{"line":61,"column":28},"end":{"line":61,"column":38}},"11":{"start":{"line":62,"column":4},"end":{"line":136,"column":9}},"12":{"start":{"line":69,"column":8},"end":{"line":135,"column":14}},"13":{"start":{"line":143,"column":4},"end":{"line":156,"column":6}},"14":{"start":{"line":160,"column":0},"end":{"line":175,"column":2}},"15":{"start":{"line":177,"column":24},"end":{"line":179,"column":2}},"16":{"start":{"line":177,"column":34},"end":{"line":179,"column":1}},"17":{"start":{"line":181,"column":27},"end":{"line":184,"column":1}},"18":{"start":{"line":181,"column":39},"end":{"line":184,"column":1}},"19":{"start":{"line":187,"column":2},"end":{"line":187,"column":59}}},"fnMap":{"0":{"name":"(anonymous_0)","decl":{"start":{"line":17,"column":2},"end":{"line":17,"column":3}},"loc":{"start":{"line":17,"column":16},"end":{"line":22,"column":3}},"line":17},"1":{"name":"(anonymous_1)","decl":{"start":{"line":26,"column":2},"end":{"line":26,"column":3}},"loc":{"start":{"line":26,"column":22},"end":{"line":28,"column":3}},"line":26},"2":{"name":"(anonymous_2)","decl":{"start":{"line":34,"column":2},"end":{"line":34,"column":3}},"loc":{"start":{"line":34,"column":15},"end":{"line":36,"column":3}},"line":34},"3":{"name":"(anonymous_3)","decl":{"start":{"line":44,"column":2},"end":{"line":44,"column":3}},"loc":{"start":{"line":44,"column":19},"end":{"line":55,"column":3}},"line":44},"4":{"name":"(anonymous_4)","decl":{"start":{"line":51,"column":17},"end":{"line":51,"column":18}},"loc":{"start":{"line":51,"column":23},"end":{"line":51,"column":46}},"line":51},"5":{"name":"(anonymous_5)","decl":{"start":{"line":52,"column":16},"end":{"line":52,"column":17}},"loc":{"start":{"line":52,"column":22},"end":{"line":52,"column":24}},"line":52},"6":{"name":"(anonymous_6)","decl":{"start":{"line":60,"column":2},"end":{"line":60,"column":3}},"loc":{"start":{"line":60,"column":17},"end":{"line":137,"column":3}},"line":60},"7":{"name":"(anonymous_7)","decl":{"start":{"line":68,"column":22},"end":{"line":68,"column":23}},"loc":{"start":{"line":69,"column":8},"end":{"line":135,"column":14}},"line":69},"8":{"name":"(anonymous_8)","decl":{"start":{"line":142,"column":2},"end":{"line":142,"column":3}},"loc":{"start":{"line":142,"column":11},"end":{"line":157,"column":3}},"line":142},"9":{"name":"(anonymous_9)","decl":{"start":{"line":177,"column":24},"end":{"line":177,"column":25}},"loc":{"start":{"line":177,"column":34},"end":{"line":179,"column":1}},"line":177},"10":{"name":"(anonymous_10)","decl":{"start":{"line":181,"column":27},"end":{"line":181,"column":28}},"loc":{"start":{"line":181,"column":39},"end":{"line":184,"column":1}},"line":181}},"branchMap":{"0":{"loc":{"start":{"line":62,"column":11},"end":{"line":136,"column":8}},"type":"cond-expr","locations":[{"start":{"line":63,"column":6},"end":{"line":67,"column":12}},{"start":{"line":68,"column":6},"end":{"line":136,"column":8}}],"line":62}},"s":{"0":3,"1":3,"2":3,"3":3,"4":3,"5":0,"6":1,"7":1,"8":0,"9":0,"10":3,"11":3,"12":2,"13":3,"14":1,"15":1,"16":0,"17":1,"18":0,"19":1},"f":{"0":3,"1":3,"2":0,"3":1,"4":0,"5":0,"6":3,"7":2,"8":3,"9":0,"10":0},"b":{"0":[1,2]},"_coverageSchema":"332fd63041d2c1bcb487cc26dd0d5f7d97098a6c","hash":"7823596faf48b4fbf8a6b93f30a52015986c678b"}
,"/Users/andeladeveloper/Desktop/more-recipes/More-Recipes/client/reducers/favouriteRecipes.js": {"path":"/Users/andeladeveloper/Desktop/more-recipes/More-Recipes/client/reducers/favouriteRecipes.js","statementMap":{"0":{"start":{"line":3,"column":32},"end":{"line":23,"column":1}},"1":{"start":{"line":4,"column":2},"end":{"line":22,"column":3}},"2":{"start":{"line":6,"column":6},"end":{"line":12,"column":14}},"3":{"start":{"line":15,"column":6},"end":{"line":18,"column":8}},"4":{"start":{"line":17,"column":42},"end":{"line":17,"column":70}},"5":{"start":{"line":21,"column":6},"end":{"line":21,"column":19}}},"fnMap":{"0":{"name":"(anonymous_0)","decl":{"start":{"line":3,"column":32},"end":{"line":3,"column":33}},"loc":{"start":{"line":3,"column":66},"end":{"line":23,"column":1}},"line":3},"1":{"name":"(anonymous_1)","decl":{"start":{"line":17,"column":32},"end":{"line":17,"column":33}},"loc":{"start":{"line":17,"column":42},"end":{"line":17,"column":70}},"line":17}},"branchMap":{"0":{"loc":{"start":{"line":3,"column":33},"end":{"line":3,"column":53}},"type":"default-arg","locations":[{"start":{"line":3,"column":41},"end":{"line":3,"column":53}}],"line":3},"1":{"loc":{"start":{"line":4,"column":2},"end":{"line":22,"column":3}},"type":"switch","locations":[{"start":{"line":5,"column":4},"end":{"line":12,"column":14}},{"start":{"line":14,"column":4},"end":{"line":18,"column":8}},{"start":{"line":20,"column":4},"end":{"line":21,"column":19}}],"line":4},"2":{"loc":{"start":{"line":6,"column":13},"end":{"line":12,"column":13}},"type":"cond-expr","locations":[{"start":{"line":7,"column":8},"end":{"line":11,"column":9}},{"start":{"line":12,"column":8},"end":{"line":12,"column":13}}],"line":6}},"s":{"0":1,"1":3,"2":1,"3":1,"4":4,"5":1},"f":{"0":3,"1":4},"b":{"0":[0],"1":[1,1,1],"2":[1,0]},"_coverageSchema":"332fd63041d2c1bcb487cc26dd0d5f7d97098a6c","hash":"321e7186d61fb9aecdefeeaa16138fd54b27ba93"}
,"/Users/andeladeveloper/Desktop/more-recipes/More-Recipes/client/reducers/latestRecipes.js": {"path":"/Users/andeladeveloper/Desktop/more-recipes/More-Recipes/client/reducers/latestRecipes.js","statementMap":{"0":{"start":{"line":3,"column":29},"end":{"line":13,"column":1}},"1":{"start":{"line":4,"column":2},"end":{"line":12,"column":3}},"2":{"start":{"line":6,"column":6},"end":{"line":8,"column":14}},"3":{"start":{"line":11,"column":6},"end":{"line":11,"column":19}}},"fnMap":{"0":{"name":"(anonymous_0)","decl":{"start":{"line":3,"column":29},"end":{"line":3,"column":30}},"loc":{"start":{"line":3,"column":63},"end":{"line":13,"column":1}},"line":3}},"branchMap":{"0":{"loc":{"start":{"line":3,"column":30},"end":{"line":3,"column":50}},"type":"default-arg","locations":[{"start":{"line":3,"column":38},"end":{"line":3,"column":50}}],"line":3},"1":{"loc":{"start":{"line":4,"column":2},"end":{"line":12,"column":3}},"type":"switch","locations":[{"start":{"line":5,"column":4},"end":{"line":8,"column":14}},{"start":{"line":10,"column":4},"end":{"line":11,"column":19}}],"line":4},"2":{"loc":{"start":{"line":6,"column":13},"end":{"line":8,"column":13}},"type":"cond-expr","locations":[{"start":{"line":7,"column":8},"end":{"line":7,"column":47}},{"start":{"line":8,"column":8},"end":{"line":8,"column":13}}],"line":6}},"s":{"0":1,"1":2,"2":1,"3":1},"f":{"0":2},"b":{"0":[0],"1":[1,1],"2":[1,0]},"_coverageSchema":"332fd63041d2c1bcb487cc26dd0d5f7d97098a6c","hash":"219a3c83f6b08474c1050c894d06442798925671"}
,"/Users/andeladeveloper/Desktop/more-recipes/More-Recipes/client/reducers/popularRecipes.js": {"path":"/Users/andeladeveloper/Desktop/more-recipes/More-Recipes/client/reducers/popularRecipes.js","statementMap":{"0":{"start":{"line":3,"column":30},"end":{"line":13,"column":1}},"1":{"start":{"line":4,"column":2},"end":{"line":12,"column":3}},"2":{"start":{"line":6,"column":6},"end":{"line":8,"column":14}},"3":{"start":{"line":11,"column":6},"end":{"line":11,"column":19}}},"fnMap":{"0":{"name":"(anonymous_0)","decl":{"start":{"line":3,"column":30},"end":{"line":3,"column":31}},"loc":{"start":{"line":3,"column":64},"end":{"line":13,"column":1}},"line":3}},"branchMap":{"0":{"loc":{"start":{"line":3,"column":31},"end":{"line":3,"column":51}},"type":"default-arg","locations":[{"start":{"line":3,"column":39},"end":{"line":3,"column":51}}],"line":3},"1":{"loc":{"start":{"line":4,"column":2},"end":{"line":12,"column":3}},"type":"switch","locations":[{"start":{"line":5,"column":4},"end":{"line":8,"column":14}},{"start":{"line":10,"column":4},"end":{"line":11,"column":19}}],"line":4},"2":{"loc":{"start":{"line":6,"column":13},"end":{"line":8,"column":13}},"type":"cond-expr","locations":[{"start":{"line":7,"column":8},"end":{"line":7,"column":47}},{"start":{"line":8,"column":8},"end":{"line":8,"column":13}}],"line":6}},"s":{"0":1,"1":2,"2":1,"3":1},"f":{"0":2},"b":{"0":[0],"1":[1,1],"2":[1,0]},"_coverageSchema":"332fd63041d2c1bcb487cc26dd0d5f7d97098a6c","hash":"d0a4779c5ad9f46e4f63aeb891097ce04e90ec93"}
,"/Users/andeladeveloper/Desktop/more-recipes/More-Recipes/client/reducers/recipes.js": {"path":"/Users/andeladeveloper/Desktop/more-recipes/More-Recipes/client/reducers/recipes.js","statementMap":{"0":{"start":{"line":3,"column":23},"end":{"line":36,"column":1}},"1":{"start":{"line":4,"column":2},"end":{"line":35,"column":3}},"2":{"start":{"line":6,"column":6},"end":{"line":12,"column":8}},"3":{"start":{"line":15,"column":6},"end":{"line":21,"column":23}},"4":{"start":{"line":25,"column":6},"end":{"line":31,"column":23}},"5":{"start":{"line":34,"column":6},"end":{"line":34,"column":19}}},"fnMap":{"0":{"name":"(anonymous_0)","decl":{"start":{"line":3,"column":23},"end":{"line":3,"column":24}},"loc":{"start":{"line":3,"column":57},"end":{"line":36,"column":1}},"line":3}},"branchMap":{"0":{"loc":{"start":{"line":3,"column":24},"end":{"line":3,"column":44}},"type":"default-arg","locations":[{"start":{"line":3,"column":32},"end":{"line":3,"column":44}}],"line":3},"1":{"loc":{"start":{"line":4,"column":2},"end":{"line":35,"column":3}},"type":"switch","locations":[{"start":{"line":5,"column":4},"end":{"line":12,"column":8}},{"start":{"line":14,"column":4},"end":{"line":21,"column":23}},{"start":{"line":23,"column":4},"end":{"line":31,"column":23}},{"start":{"line":33,"column":4},"end":{"line":34,"column":19}}],"line":4},"2":{"loc":{"start":{"line":15,"column":13},"end":{"line":21,"column":22}},"type":"cond-expr","locations":[{"start":{"line":16,"column":8},"end":{"line":20,"column":9}},{"start":{"line":21,"column":8},"end":{"line":21,"column":22}}],"line":15},"3":{"loc":{"start":{"line":25,"column":13},"end":{"line":31,"column":22}},"type":"cond-expr","locations":[{"start":{"line":26,"column":8},"end":{"line":30,"column":9}},{"start":{"line":31,"column":8},"end":{"line":31,"column":22}}],"line":25}},"s":{"0":1,"1":4,"2":1,"3":1,"4":1,"5":1},"f":{"0":4},"b":{"0":[0],"1":[1,1,1,1],"2":[1,0],"3":[1,0]},"_coverageSchema":"332fd63041d2c1bcb487cc26dd0d5f7d97098a6c","hash":"006c838ecd171294ac2f692d47592f76d614f7bc"}
,"/Users/andeladeveloper/Desktop/more-recipes/More-Recipes/client/reducers/reviews.js": {"path":"/Users/andeladeveloper/Desktop/more-recipes/More-Recipes/client/reducers/reviews.js","statementMap":{"0":{"start":{"line":3,"column":23},"end":{"line":18,"column":1}},"1":{"start":{"line":4,"column":2},"end":{"line":17,"column":3}},"2":{"start":{"line":6,"column":6},"end":{"line":9,"column":8}},"3":{"start":{"line":12,"column":6},"end":{"line":14,"column":8}},"4":{"start":{"line":16,"column":6},"end":{"line":16,"column":19}}},"fnMap":{"0":{"name":"(anonymous_0)","decl":{"start":{"line":3,"column":23},"end":{"line":3,"column":24}},"loc":{"start":{"line":3,"column":47},"end":{"line":18,"column":1}},"line":3}},"branchMap":{"0":{"loc":{"start":{"line":3,"column":24},"end":{"line":3,"column":34}},"type":"default-arg","locations":[{"start":{"line":3,"column":32},"end":{"line":3,"column":34}}],"line":3},"1":{"loc":{"start":{"line":4,"column":2},"end":{"line":17,"column":3}},"type":"switch","locations":[{"start":{"line":5,"column":4},"end":{"line":9,"column":8}},{"start":{"line":11,"column":4},"end":{"line":14,"column":8}},{"start":{"line":15,"column":4},"end":{"line":16,"column":19}}],"line":4}},"s":{"0":1,"1":3,"2":1,"3":1,"4":1},"f":{"0":3},"b":{"0":[0],"1":[1,1,1]},"_coverageSchema":"332fd63041d2c1bcb487cc26dd0d5f7d97098a6c","hash":"5800a03005d65169abe505e26c9abc10111b4004"}
,"/Users/andeladeveloper/Desktop/more-recipes/More-Recipes/client/reducers/singleRecipe.js": {"path":"/Users/andeladeveloper/Desktop/more-recipes/More-Recipes/client/reducers/singleRecipe.js","statementMap":{"0":{"start":{"line":3,"column":28},"end":{"line":29,"column":1}},"1":{"start":{"line":4,"column":2},"end":{"line":28,"column":3}},"2":{"start":{"line":6,"column":6},"end":{"line":6,"column":33}},"3":{"start":{"line":9,"column":6},"end":{"line":11,"column":24}},"4":{"start":{"line":12,"column":6},"end":{"line":15,"column":8}},"5":{"start":{"line":18,"column":6},"end":{"line":20,"column":22}},"6":{"start":{"line":21,"column":6},"end":{"line":24,"column":8}},"7":{"start":{"line":27,"column":6},"end":{"line":27,"column":19}}},"fnMap":{"0":{"name":"(anonymous_0)","decl":{"start":{"line":3,"column":28},"end":{"line":3,"column":29}},"loc":{"start":{"line":3,"column":52},"end":{"line":29,"column":1}},"line":3}},"branchMap":{"0":{"loc":{"start":{"line":3,"column":29},"end":{"line":3,"column":39}},"type":"default-arg","locations":[{"start":{"line":3,"column":37},"end":{"line":3,"column":39}}],"line":3},"1":{"loc":{"start":{"line":4,"column":2},"end":{"line":28,"column":3}},"type":"switch","locations":[{"start":{"line":5,"column":4},"end":{"line":6,"column":33}},{"start":{"line":8,"column":4},"end":{"line":15,"column":8}},{"start":{"line":17,"column":4},"end":{"line":24,"column":8}},{"start":{"line":26,"column":4},"end":{"line":27,"column":19}}],"line":4},"2":{"loc":{"start":{"line":9,"column":24},"end":{"line":11,"column":23}},"type":"cond-expr","locations":[{"start":{"line":10,"column":8},"end":{"line":10,"column":27}},{"start":{"line":11,"column":8},"end":{"line":11,"column":23}}],"line":9},"3":{"loc":{"start":{"line":18,"column":22},"end":{"line":20,"column":21}},"type":"cond-expr","locations":[{"start":{"line":19,"column":8},"end":{"line":19,"column":25}},{"start":{"line":20,"column":8},"end":{"line":20,"column":21}}],"line":18}},"s":{"0":1,"1":4,"2":1,"3":1,"4":1,"5":1,"6":1,"7":1},"f":{"0":4},"b":{"0":[0],"1":[1,1,1,1],"2":[1,0],"3":[1,0]},"_coverageSchema":"332fd63041d2c1bcb487cc26dd0d5f7d97098a6c","hash":"6cd6ba37f8ca52efa812723a65d97610a478adc1"}
,"/Users/andeladeveloper/Desktop/more-recipes/More-Recipes/client/reducers/user.js": {"path":"/Users/andeladeveloper/Desktop/more-recipes/More-Recipes/client/reducers/user.js","statementMap":{"0":{"start":{"line":3,"column":20},"end":{"line":23,"column":1}},"1":{"start":{"line":4,"column":2},"end":{"line":22,"column":3}},"2":{"start":{"line":6,"column":6},"end":{"line":8,"column":8}},"3":{"start":{"line":11,"column":6},"end":{"line":13,"column":8}},"4":{"start":{"line":16,"column":6},"end":{"line":16,"column":17}},"5":{"start":{"line":17,"column":6},"end":{"line":17,"column":19}},"6":{"start":{"line":21,"column":6},"end":{"line":21,"column":19}}},"fnMap":{"0":{"name":"(anonymous_0)","decl":{"start":{"line":3,"column":20},"end":{"line":3,"column":21}},"loc":{"start":{"line":3,"column":44},"end":{"line":23,"column":1}},"line":3}},"branchMap":{"0":{"loc":{"start":{"line":3,"column":21},"end":{"line":3,"column":31}},"type":"default-arg","locations":[{"start":{"line":3,"column":29},"end":{"line":3,"column":31}}],"line":3},"1":{"loc":{"start":{"line":4,"column":2},"end":{"line":22,"column":3}},"type":"switch","locations":[{"start":{"line":5,"column":4},"end":{"line":8,"column":8}},{"start":{"line":10,"column":4},"end":{"line":13,"column":8}},{"start":{"line":15,"column":4},"end":{"line":17,"column":19}},{"start":{"line":20,"column":4},"end":{"line":21,"column":19}}],"line":4}},"s":{"0":1,"1":4,"2":1,"3":1,"4":1,"5":1,"6":1},"f":{"0":4},"b":{"0":[0],"1":[1,1,1,1]},"_coverageSchema":"332fd63041d2c1bcb487cc26dd0d5f7d97098a6c","hash":"97de3db9974277e3315fac9a07468795012a3d35"}
,"/Users/andeladeveloper/Desktop/more-recipes/More-Recipes/client/reducers/userRecipes.js": {"path":"/Users/andeladeveloper/Desktop/more-recipes/More-Recipes/client/reducers/userRecipes.js","statementMap":{"0":{"start":{"line":3,"column":27},"end":{"line":19,"column":1}},"1":{"start":{"line":4,"column":2},"end":{"line":18,"column":3}},"2":{"start":{"line":6,"column":6},"end":{"line":8,"column":14}},"3":{"start":{"line":11,"column":6},"end":{"line":14,"column":8}},"4":{"start":{"line":13,"column":42},"end":{"line":13,"column":70}},"5":{"start":{"line":17,"column":6},"end":{"line":17,"column":19}}},"fnMap":{"0":{"name":"(anonymous_0)","decl":{"start":{"line":3,"column":27},"end":{"line":3,"column":28}},"loc":{"start":{"line":3,"column":61},"end":{"line":19,"column":1}},"line":3},"1":{"name":"(anonymous_1)","decl":{"start":{"line":13,"column":32},"end":{"line":13,"column":33}},"loc":{"start":{"line":13,"column":42},"end":{"line":13,"column":70}},"line":13}},"branchMap":{"0":{"loc":{"start":{"line":3,"column":28},"end":{"line":3,"column":48}},"type":"default-arg","locations":[{"start":{"line":3,"column":36},"end":{"line":3,"column":48}}],"line":3},"1":{"loc":{"start":{"line":4,"column":2},"end":{"line":18,"column":3}},"type":"switch","locations":[{"start":{"line":5,"column":4},"end":{"line":8,"column":14}},{"start":{"line":10,"column":4},"end":{"line":14,"column":8}},{"start":{"line":16,"column":4},"end":{"line":17,"column":19}}],"line":4},"2":{"loc":{"start":{"line":6,"column":13},"end":{"line":8,"column":13}},"type":"cond-expr","locations":[{"start":{"line":7,"column":8},"end":{"line":7,"column":47}},{"start":{"line":8,"column":8},"end":{"line":8,"column":13}}],"line":6}},"s":{"0":1,"1":3,"2":1,"3":1,"4":4,"5":1},"f":{"0":3,"1":4},"b":{"0":[0],"1":[1,1,1],"2":[1,0]},"_coverageSchema":"332fd63041d2c1bcb487cc26dd0d5f7d97098a6c","hash":"40825e283178c01df4a5ed3c18d6f8e0fefcad57"}
}
