TN:
SF:/Users/andeladeveloper/Desktop/more-recipes/More-Recipes/client/constant.js
FNF:0
FNH:0
DA:1,6
LF:1
LH:1
BRF:0
BRH:0
end_of_record
TN:
SF:/Users/andeladeveloper/Desktop/more-recipes/More-Recipes/client/__tests__/setupTests.js
FNF:0
FNH:0
DA:4,7
LF:1
LH:1
BRF:0
BRH:0
end_of_record
TN:
SF:/Users/andeladeveloper/Desktop/more-recipes/More-Recipes/client/actions/actions.js
FN:8,(anonymous_0)
FN:36,(anonymous_1)
FN:48,(anonymous_2)
FN:59,(anonymous_3)
FN:67,(anonymous_4)
FN:75,(anonymous_5)
FN:97,(anonymous_6)
FN:127,(anonymous_7)
FN:162,(anonymous_8)
FN:196,(anonymous_9)
FN:224,(anonymous_10)
FN:253,(anonymous_11)
FN:282,(anonymous_12)
FN:311,(anonymous_13)
FN:345,(anonymous_14)
FN:382,(anonymous_15)
FN:405,(anonymous_16)
FN:435,(anonymous_17)
FN:465,(anonymous_18)
FN:497,(anonymous_19)
FN:531,(anonymous_20)
FN:559,(anonymous_21)
FNF:22
FNH:22
FNDA:1,(anonymous_0)
FNDA:1,(anonymous_1)
FNDA:1,(anonymous_2)
FNDA:1,(anonymous_3)
FNDA:1,(anonymous_4)
FNDA:1,(anonymous_5)
FNDA:1,(anonymous_6)
FNDA:1,(anonymous_7)
FNDA:1,(anonymous_8)
FNDA:1,(anonymous_9)
FNDA:1,(anonymous_10)
FNDA:1,(anonymous_11)
FNDA:1,(anonymous_12)
FNDA:1,(anonymous_13)
FNDA:1,(anonymous_14)
FNDA:1,(anonymous_15)
FNDA:1,(anonymous_16)
FNDA:1,(anonymous_17)
FNDA:1,(anonymous_18)
FNDA:1,(anonymous_19)
FNDA:1,(anonymous_20)
FNDA:2,(anonymous_21)
DA:4,3
DA:8,3
DA:9,1
DA:10,1
DA:11,1
DA:12,1
DA:18,1
DA:19,1
DA:24,0
DA:26,0
DA:27,0
DA:28,0
DA:36,3
DA:37,1
DA:39,1
DA:48,3
DA:49,1
DA:50,1
DA:59,3
DA:60,1
DA:61,1
DA:67,3
DA:68,1
DA:69,1
DA:75,3
DA:76,1
DA:79,1
DA:81,1
DA:82,1
DA:88,0
DA:91,1
DA:97,3
DA:98,1
DA:99,1
DA:100,1
DA:101,1
DA:103,1
DA:109,1
DA:114,0
DA:116,0
DA:117,0
DA:118,0
DA:127,3
DA:128,1
DA:129,1
DA:133,1
DA:134,1
DA:135,1
DA:136,1
DA:137,1
DA:144,0
DA:146,0
DA:147,0
DA:148,0
DA:153,0
DA:154,0
DA:162,3
DA:163,1
DA:164,1
DA:168,1
DA:169,1
DA:170,1
DA:171,1
DA:178,0
DA:180,0
DA:181,0
DA:182,0
DA:187,0
DA:188,0
DA:196,3
DA:197,1
DA:198,1
DA:199,1
DA:201,1
DA:206,1
DA:207,1
DA:212,0
DA:214,0
DA:215,0
DA:216,0
DA:224,3
DA:225,1
DA:226,1
DA:227,1
DA:229,1
DA:235,1
DA:236,1
DA:241,0
DA:243,0
DA:244,0
DA:245,0
DA:253,3
DA:254,1
DA:255,1
DA:256,1
DA:257,1
DA:263,1
DA:264,1
DA:269,0
DA:271,0
DA:272,0
DA:273,0
DA:282,3
DA:283,1
DA:284,1
DA:285,1
DA:286,1
DA:293,1
DA:294,1
DA:299,0
DA:301,0
DA:302,0
DA:303,0
DA:311,3
DA:312,1
DA:313,1
DA:314,1
DA:316,1
DA:322,1
DA:323,1
DA:328,0
DA:330,0
DA:331,0
DA:332,0
DA:337,0
DA:345,3
DA:346,1
DA:349,1
DA:354,1
DA:355,1
DA:357,0
DA:360,1
DA:365,0
DA:367,0
DA:368,0
DA:369,0
DA:374,0
DA:382,3
DA:383,1
DA:384,1
DA:388,1
DA:393,0
DA:395,0
DA:396,0
DA:397,0
DA:405,3
DA:406,1
DA:407,1
DA:408,1
DA:410,1
DA:416,1
DA:417,1
DA:422,0
DA:424,0
DA:425,0
DA:426,0
DA:431,0
DA:435,3
DA:436,1
DA:437,1
DA:438,1
DA:440,1
DA:446,1
DA:447,1
DA:452,0
DA:454,0
DA:455,0
DA:456,0
DA:461,0
DA:465,3
DA:466,1
DA:467,1
DA:468,1
DA:469,1
DA:471,1
DA:477,1
DA:485,0
DA:487,0
DA:488,0
DA:489,0
DA:497,3
DA:498,1
DA:499,1
DA:500,1
DA:502,1
DA:507,1
DA:508,1
DA:513,0
DA:515,0
DA:516,0
DA:517,0
DA:522,0
DA:523,0
DA:531,3
DA:532,1
DA:533,1
DA:534,1
DA:536,1
DA:541,1
DA:542,1
DA:547,0
DA:549,0
DA:550,0
DA:551,0
DA:559,3
DA:560,2
DA:561,2
DA:566,0
LF:208
LH:131
BRDA:4,0,0,0
BRDA:4,0,1,3
BRDA:24,1,0,0
BRDA:24,1,1,0
BRDA:24,2,0,0
BRDA:24,2,1,0
BRDA:76,3,0,1
BRDA:76,3,1,0
BRDA:79,4,0,1
BRDA:79,4,1,0
BRDA:81,5,0,1
BRDA:81,5,1,0
BRDA:114,6,0,0
BRDA:114,6,1,0
BRDA:114,7,0,0
BRDA:114,7,1,0
BRDA:144,8,0,0
BRDA:144,8,1,0
BRDA:144,9,0,0
BRDA:144,9,1,0
BRDA:178,10,0,0
BRDA:178,10,1,0
BRDA:178,11,0,0
BRDA:178,11,1,0
BRDA:212,12,0,0
BRDA:212,12,1,0
BRDA:212,13,0,0
BRDA:212,13,1,0
BRDA:241,14,0,0
BRDA:241,14,1,0
BRDA:241,15,0,0
BRDA:241,15,1,0
BRDA:269,16,0,0
BRDA:269,16,1,0
BRDA:269,17,0,0
BRDA:269,17,1,0
BRDA:299,18,0,0
BRDA:299,18,1,0
BRDA:299,19,0,0
BRDA:299,19,1,0
BRDA:328,20,0,0
BRDA:328,20,1,0
BRDA:328,21,0,0
BRDA:328,21,1,0
BRDA:354,22,0,1
BRDA:354,22,1,0
BRDA:365,23,0,0
BRDA:365,23,1,0
BRDA:365,24,0,0
BRDA:365,24,1,0
BRDA:393,25,0,0
BRDA:393,25,1,0
BRDA:393,26,0,0
BRDA:393,26,1,0
BRDA:422,27,0,0
BRDA:422,27,1,0
BRDA:422,28,0,0
BRDA:422,28,1,0
BRDA:452,29,0,0
BRDA:452,29,1,0
BRDA:452,30,0,0
BRDA:452,30,1,0
BRDA:485,31,0,0
BRDA:485,31,1,0
BRDA:485,32,0,0
BRDA:485,32,1,0
BRDA:513,33,0,0
BRDA:513,33,1,0
BRDA:513,34,0,0
BRDA:513,34,1,0
BRDA:547,35,0,0
BRDA:547,35,1,0
BRDA:547,36,0,0
BRDA:547,36,1,0
BRF:74
BRH:5
end_of_record
TN:
SF:/Users/andeladeveloper/Desktop/more-recipes/More-Recipes/client/components/Navigation.jsx
FN:6,(anonymous_0)
FN:92,(anonymous_1)
FNF:2
FNH:1
FNDA:1,(anonymous_0)
FNDA:0,(anonymous_1)
DA:6,1
DA:7,1
DA:92,1
DA:96,1
DA:100,1
LF:5
LH:5
BRDA:30,0,0,1
BRDA:30,0,1,0
BRDA:37,1,0,1
BRDA:37,1,1,0
BRDA:37,2,0,1
BRDA:37,2,1,1
BRDA:49,3,0,1
BRDA:49,3,1,0
BRDA:49,4,0,1
BRDA:49,4,1,1
BRDA:59,5,0,0
BRDA:59,5,1,1
BRDA:69,6,0,0
BRDA:69,6,1,0
BRDA:75,7,0,0
BRDA:75,7,1,0
BRF:16
BRH:8
end_of_record
TN:
SF:/Users/andeladeveloper/Desktop/more-recipes/More-Recipes/client/store/reducers.js
FN:5,(anonymous_0)
FN:32,(anonymous_1)
FN:44,(anonymous_2)
FN:57,(anonymous_3)
FN:85,(anonymous_4)
FN:93,(anonymous_5)
FN:100,(anonymous_6)
FN:108,(anonymous_7)
FN:115,(anonymous_8)
FN:136,(anonymous_9)
FN:153,(anonymous_10)
FN:164,(anonymous_11)
FNF:12
FNH:12
FNDA:13,(anonymous_0)
FNDA:7,(anonymous_1)
FNDA:7,(anonymous_2)
FNDA:9,(anonymous_3)
FNDA:8,(anonymous_4)
FNDA:4,(anonymous_5)
FNDA:8,(anonymous_6)
FNDA:4,(anonymous_7)
FNDA:9,(anonymous_8)
FNDA:8,(anonymous_9)
FNDA:6,(anonymous_10)
FNDA:6,(anonymous_11)
DA:5,3
DA:6,13
DA:8,1
DA:17,1
DA:23,1
DA:28,10
DA:32,3
DA:33,7
DA:35,1
DA:40,6
DA:44,3
DA:45,7
DA:47,1
DA:52,6
DA:57,3
DA:58,9
DA:60,1
DA:63,1
DA:66,1
DA:72,1
DA:75,1
DA:81,6
DA:85,3
DA:86,8
DA:88,1
DA:93,4
DA:96,6
DA:100,3
DA:101,8
DA:103,1
DA:108,4
DA:111,6
DA:115,3
DA:116,9
DA:118,1
DA:123,1
DA:128,1
DA:129,1
DA:132,6
DA:136,3
DA:137,8
DA:139,1
DA:145,1
DA:149,6
DA:153,3
DA:154,6
DA:156,0
DA:160,6
DA:164,3
DA:165,6
DA:167,0
DA:173,0
DA:179,0
DA:185,0
DA:191,0
DA:197,0
DA:202,6
LF:57
LH:50
BRDA:5,0,0,6
BRDA:6,1,0,1
BRDA:6,1,1,1
BRDA:6,1,2,1
BRDA:6,1,3,10
BRDA:17,2,0,1
BRDA:17,2,1,0
BRDA:23,3,0,1
BRDA:23,3,1,0
BRDA:32,4,0,6
BRDA:33,5,0,1
BRDA:33,5,1,6
BRDA:35,6,0,1
BRDA:35,6,1,0
BRDA:44,7,0,6
BRDA:45,8,0,1
BRDA:45,8,1,6
BRDA:47,9,0,1
BRDA:47,9,1,0
BRDA:57,10,0,6
BRDA:58,11,0,1
BRDA:58,11,1,1
BRDA:58,11,2,1
BRDA:58,11,3,6
BRDA:63,12,0,1
BRDA:63,12,1,0
BRDA:72,13,0,1
BRDA:72,13,1,0
BRDA:85,14,0,6
BRDA:86,15,0,1
BRDA:86,15,1,1
BRDA:86,15,2,6
BRDA:88,16,0,1
BRDA:88,16,1,0
BRDA:100,17,0,6
BRDA:101,18,0,1
BRDA:101,18,1,1
BRDA:101,18,2,6
BRDA:103,19,0,1
BRDA:103,19,1,0
BRDA:115,20,0,6
BRDA:116,21,0,1
BRDA:116,21,1,1
BRDA:116,21,2,1
BRDA:116,21,3,6
BRDA:136,22,0,6
BRDA:137,23,0,1
BRDA:137,23,1,1
BRDA:137,23,2,6
BRDA:153,24,0,6
BRDA:154,25,0,0
BRDA:154,25,1,6
BRDA:164,26,0,6
BRDA:165,27,0,0
BRDA:165,27,1,0
BRDA:165,27,2,0
BRDA:165,27,3,0
BRDA:165,27,4,0
BRDA:165,27,5,0
BRDA:165,27,6,6
BRF:60
BRH:45
end_of_record
