TN:
SF:/Users/andeladeveloper/Desktop/more-recipes/More-Recipes/test-env.js
FN:2,(anonymous_0)
FN:3,(anonymous_1)
FN:4,(anonymous_2)
FN:5,(anonymous_3)
FN:8,(anonymous_4)
FN:9,(anonymous_5)
FN:10,(anonymous_6)
FN:11,(anonymous_7)
FN:14,(anonymous_8)
FN:15,(anonymous_9)
FNF:10
FNH:5
FNDA:0,(anonymous_0)
FNDA:12,(anonymous_1)
FNDA:0,(anonymous_2)
FNDA:20,(anonymous_3)
FNDA:4,(anonymous_4)
FNDA:4,(anonymous_5)
FNDA:0,(anonymous_6)
FNDA:16,(anonymous_7)
FNDA:0,(anonymous_8)
FNDA:0,(anonymous_9)
DA:1,27
DA:2,0
DA:3,12
DA:4,0
DA:5,20
DA:7,27
DA:8,4
DA:9,4
DA:10,0
DA:11,16
DA:13,27
DA:15,0
LF:12
LH:8
BRF:0
BRH:0
end_of_record
TN:
SF:/Users/andeladeveloper/Desktop/more-recipes/More-Recipes/client/constant.js
FNF:0
FNH:0
DA:1,26
LF:1
LH:1
BRF:0
BRH:0
end_of_record
TN:
SF:/Users/andeladeveloper/Desktop/more-recipes/More-Recipes/client/actions/recipe.js
FN:4,(anonymous_0)
FN:32,(anonymous_1)
FN:55,(anonymous_2)
FN:77,(anonymous_3)
FN:85,(anonymous_4)
FN:93,(anonymous_5)
FN:115,(anonymous_6)
FN:144,(anonymous_7)
FN:172,(anonymous_8)
FN:201,(anonymous_9)
FN:231,(anonymous_10)
FN:261,(anonymous_11)
FN:293,(anonymous_12)
FN:327,(anonymous_13)
FNF:14
FNH:14
FNDA:2,(anonymous_0)
FNDA:2,(anonymous_1)
FNDA:2,(anonymous_2)
FNDA:1,(anonymous_3)
FNDA:1,(anonymous_4)
FNDA:1,(anonymous_5)
FNDA:2,(anonymous_6)
FNDA:2,(anonymous_7)
FNDA:2,(anonymous_8)
FNDA:2,(anonymous_9)
FNDA:2,(anonymous_10)
FNDA:2,(anonymous_11)
FNDA:2,(anonymous_12)
FNDA:2,(anonymous_13)
DA:4,9
DA:5,2
DA:6,2
DA:7,2
DA:8,2
DA:14,1
DA:15,1
DA:20,1
DA:22,1
DA:23,1
DA:24,1
DA:32,9
DA:34,2
DA:35,1
DA:36,1
DA:44,1
DA:46,1
DA:55,9
DA:57,2
DA:58,1
DA:59,1
DA:67,1
DA:68,1
DA:77,9
DA:78,1
DA:79,1
DA:85,9
DA:86,1
DA:87,1
DA:93,9
DA:94,1
DA:97,1
DA:99,1
DA:100,1
DA:106,0
DA:109,1
DA:115,9
DA:116,2
DA:117,2
DA:118,2
DA:119,2
DA:121,2
DA:127,1
DA:132,1
DA:134,1
DA:135,1
DA:136,1
DA:144,9
DA:145,2
DA:146,2
DA:147,2
DA:149,2
DA:154,1
DA:155,1
DA:160,1
DA:162,1
DA:163,1
DA:164,1
DA:172,9
DA:173,2
DA:174,2
DA:175,2
DA:177,2
DA:183,1
DA:184,1
DA:189,1
DA:191,1
DA:192,1
DA:193,1
DA:201,9
DA:202,2
DA:203,2
DA:204,2
DA:206,2
DA:212,1
DA:213,1
DA:218,1
DA:220,1
DA:221,1
DA:222,1
DA:227,0
DA:231,9
DA:232,2
DA:233,2
DA:234,2
DA:236,2
DA:242,1
DA:243,1
DA:248,1
DA:250,1
DA:251,1
DA:252,1
DA:257,0
DA:261,9
DA:262,2
DA:263,2
DA:264,2
DA:265,2
DA:267,2
DA:273,1
DA:281,1
DA:283,1
DA:284,1
DA:285,1
DA:293,9
DA:294,2
DA:295,2
DA:296,2
DA:298,2
DA:303,1
DA:304,1
DA:309,1
DA:311,1
DA:312,1
DA:313,1
DA:318,0
DA:319,0
DA:327,9
DA:328,2
DA:329,2
DA:330,2
DA:332,2
DA:337,1
DA:338,1
DA:343,1
DA:345,1
DA:346,1
DA:347,1
LF:128
LH:123
BRDA:20,0,0,1
BRDA:20,0,1,0
BRDA:20,1,0,1
BRDA:20,1,1,1
BRDA:34,2,0,1
BRDA:34,2,1,1
BRDA:34,3,0,2
BRDA:34,3,1,1
BRDA:57,4,0,1
BRDA:57,4,1,1
BRDA:57,5,0,2
BRDA:57,5,1,1
BRDA:94,6,0,1
BRDA:94,6,1,0
BRDA:97,7,0,1
BRDA:97,7,1,0
BRDA:99,8,0,1
BRDA:99,8,1,0
BRDA:132,9,0,1
BRDA:132,9,1,0
BRDA:132,10,0,1
BRDA:132,10,1,1
BRDA:160,11,0,1
BRDA:160,11,1,0
BRDA:160,12,0,1
BRDA:160,12,1,1
BRDA:189,13,0,1
BRDA:189,13,1,0
BRDA:189,14,0,1
BRDA:189,14,1,1
BRDA:218,15,0,1
BRDA:218,15,1,0
BRDA:218,16,0,1
BRDA:218,16,1,1
BRDA:248,17,0,1
BRDA:248,17,1,0
BRDA:248,18,0,1
BRDA:248,18,1,1
BRDA:281,19,0,1
BRDA:281,19,1,0
BRDA:281,20,0,1
BRDA:281,20,1,1
BRDA:309,21,0,1
BRDA:309,21,1,0
BRDA:309,22,0,1
BRDA:309,22,1,1
BRDA:343,23,0,1
BRDA:343,23,1,0
BRDA:343,24,0,1
BRDA:343,24,1,1
BRF:50
BRH:38
end_of_record
TN:
SF:/Users/andeladeveloper/Desktop/more-recipes/More-Recipes/client/actions/review.js
FN:4,(anonymous_0)
FN:38,(anonymous_1)
FNF:2
FNH:2
FNDA:2,(anonymous_0)
FNDA:2,(anonymous_1)
DA:4,3
DA:5,2
DA:6,2
DA:7,2
DA:9,2
DA:15,1
DA:16,1
DA:21,1
DA:23,1
DA:24,1
DA:25,1
DA:30,0
DA:38,3
DA:39,2
DA:42,2
DA:47,1
DA:48,1
DA:50,0
DA:53,1
DA:58,1
DA:60,1
DA:61,1
DA:62,1
DA:67,0
LF:24
LH:21
BRDA:21,0,0,1
BRDA:21,0,1,0
BRDA:21,1,0,1
BRDA:21,1,1,1
BRDA:47,2,0,1
BRDA:47,2,1,0
BRDA:58,3,0,1
BRDA:58,3,1,0
BRDA:58,4,0,1
BRDA:58,4,1,1
BRF:10
BRH:7
end_of_record
TN:
SF:/Users/andeladeveloper/Desktop/more-recipes/More-Recipes/client/actions/user.js
FN:4,(anonymous_0)
FN:39,(anonymous_1)
FN:73,(anonymous_2)
FN:102,(anonymous_3)
FN:131,(anonymous_4)
FN:154,(anonymous_5)
FNF:6
FNH:6
FNDA:2,(anonymous_0)
FNDA:2,(anonymous_1)
FNDA:2,(anonymous_2)
FNDA:2,(anonymous_3)
FNDA:2,(anonymous_4)
FNDA:1,(anonymous_5)
DA:4,7
DA:5,2
DA:6,2
DA:10,1
DA:11,1
DA:12,1
DA:13,1
DA:14,1
DA:21,1
DA:23,1
DA:24,1
DA:25,1
DA:30,0
DA:31,0
DA:39,7
DA:40,2
DA:41,2
DA:45,1
DA:46,1
DA:47,1
DA:48,1
DA:55,1
DA:57,1
DA:58,1
DA:59,1
DA:64,0
DA:65,0
DA:73,7
DA:74,2
DA:75,2
DA:76,2
DA:77,2
DA:83,1
DA:84,1
DA:89,1
DA:91,1
DA:92,1
DA:93,1
DA:102,7
DA:103,2
DA:104,2
DA:105,2
DA:106,2
DA:113,1
DA:114,1
DA:119,1
DA:121,1
DA:122,1
DA:123,1
DA:131,7
DA:132,2
DA:133,2
DA:137,1
DA:142,1
DA:144,1
DA:145,1
DA:146,1
DA:154,7
DA:155,1
DA:156,1
DA:161,0
LF:61
LH:56
BRDA:21,0,0,1
BRDA:21,0,1,0
BRDA:21,1,0,1
BRDA:21,1,1,1
BRDA:55,2,0,1
BRDA:55,2,1,0
BRDA:55,3,0,1
BRDA:55,3,1,1
BRDA:89,4,0,1
BRDA:89,4,1,0
BRDA:89,5,0,1
BRDA:89,5,1,1
BRDA:119,6,0,1
BRDA:119,6,1,0
BRDA:119,7,0,1
BRDA:119,7,1,1
BRDA:142,8,0,1
BRDA:142,8,1,0
BRDA:142,9,0,1
BRDA:142,9,1,1
BRF:20
BRH:15
end_of_record
TN:
SF:/Users/andeladeveloper/Desktop/more-recipes/More-Recipes/client/auth/auth.js
FN:10,(anonymous_0)
FN:18,(anonymous_1)
FN:54,(anonymous_2)
FN:82,(anonymous_3)
FN:104,(anonymous_4)
FN:127,(anonymous_5)
FN:152,(anonymous_6)
FNF:7
FNH:7
FNDA:8,(anonymous_0)
FNDA:5,(anonymous_1)
FNDA:4,(anonymous_2)
FNDA:3,(anonymous_3)
FNDA:3,(anonymous_4)
FNDA:9,(anonymous_5)
FNDA:2,(anonymous_6)
DA:11,8
DA:19,5
DA:27,5
DA:28,1
DA:31,5
DA:32,1
DA:35,5
DA:36,1
DA:39,5
DA:40,1
DA:43,5
DA:44,1
DA:46,5
DA:55,4
DA:61,4
DA:62,1
DA:65,4
DA:66,1
DA:69,4
DA:70,1
DA:73,4
DA:83,3
DA:88,3
DA:89,1
DA:92,3
DA:93,2
DA:96,3
DA:105,3
DA:109,3
DA:110,1
DA:113,3
DA:114,1
DA:117,3
DA:118,1
DA:120,3
DA:128,9
DA:133,9
DA:134,2
DA:137,9
DA:138,2
DA:141,9
DA:142,2
DA:145,9
DA:153,2
DA:157,2
DA:158,1
DA:161,2
DA:165,8
LF:48
LH:48
BRDA:27,0,0,1
BRDA:27,0,1,4
BRDA:31,1,0,1
BRDA:31,1,1,4
BRDA:35,2,0,1
BRDA:35,2,1,4
BRDA:39,3,0,1
BRDA:39,3,1,4
BRDA:43,4,0,1
BRDA:43,4,1,4
BRDA:61,5,0,1
BRDA:61,5,1,3
BRDA:65,6,0,1
BRDA:65,6,1,3
BRDA:69,7,0,1
BRDA:69,7,1,3
BRDA:88,8,0,1
BRDA:88,8,1,2
BRDA:92,9,0,2
BRDA:92,9,1,1
BRDA:109,10,0,1
BRDA:109,10,1,2
BRDA:113,11,0,1
BRDA:113,11,1,2
BRDA:117,12,0,1
BRDA:117,12,1,2
BRDA:133,13,0,2
BRDA:133,13,1,7
BRDA:137,14,0,2
BRDA:137,14,1,7
BRDA:141,15,0,2
BRDA:141,15,1,7
BRDA:157,16,0,1
BRDA:157,16,1,1
BRF:34
BRH:34
end_of_record
TN:
SF:/Users/andeladeveloper/Desktop/more-recipes/More-Recipes/client/cards/RecipeCard.jsx
FN:6,(anonymous_0)
FNF:1
FNH:0
FNDA:0,(anonymous_0)
DA:6,3
DA:8,0
LF:2
LH:1
BRF:0
BRH:0
end_of_record
TN:
SF:/Users/andeladeveloper/Desktop/more-recipes/More-Recipes/client/components/Navigation.jsx
FN:6,(anonymous_0)
FN:146,(anonymous_1)
FNF:2
FNH:1
FNDA:1,(anonymous_0)
FNDA:0,(anonymous_1)
DA:6,2
DA:7,1
DA:146,2
DA:150,2
DA:157,2
LF:5
LH:5
BRDA:35,0,0,1
BRDA:35,0,1,0
BRDA:47,1,0,1
BRDA:47,1,1,0
BRDA:47,2,0,1
BRDA:47,2,1,1
BRDA:60,3,0,1
BRDA:60,3,1,0
BRDA:60,4,0,1
BRDA:60,4,1,1
BRDA:71,5,0,0
BRDA:71,5,1,1
BRDA:109,6,0,0
BRDA:109,6,1,0
BRDA:119,7,0,0
BRDA:119,7,1,0
BRF:16
BRH:8
end_of_record
TN:
SF:/Users/andeladeveloper/Desktop/more-recipes/More-Recipes/client/components/signin/SigninPage.jsx
FN:7,(anonymous_0)
FNF:1
FNH:1
FNDA:1,(anonymous_0)
DA:7,1
DA:8,1
DA:17,1
LF:3
LH:3
BRDA:10,0,0,0
BRDA:10,0,1,1
BRF:2
BRH:1
end_of_record
TN:
SF:/Users/andeladeveloper/Desktop/more-recipes/More-Recipes/client/containers/AddRecipeForm.jsx
FN:25,(anonymous_0)
FN:47,(anonymous_1)
FN:56,(anonymous_2)
FN:65,(anonymous_3)
FN:89,(anonymous_4)
FN:138,(anonymous_5)
FN:283,(anonymous_6)
FN:288,(anonymous_7)
FNF:8
FNH:6
FNDA:9,(anonymous_0)
FNDA:3,(anonymous_1)
FNDA:1,(anonymous_2)
FNDA:1,(anonymous_3)
FNDA:4,(anonymous_4)
FNDA:21,(anonymous_5)
FNDA:0,(anonymous_6)
FNDA:0,(anonymous_7)
DA:11,1
DA:26,9
DA:27,9
DA:28,9
DA:29,9
DA:30,9
DA:31,9
DA:48,3
DA:57,1
DA:66,1
DA:67,1
DA:68,1
DA:69,1
DA:70,1
DA:71,1
DA:72,1
DA:73,1
DA:79,1
DA:81,0
DA:90,4
DA:91,4
DA:92,4
DA:98,4
DA:100,4
DA:102,3
DA:108,1
DA:109,1
DA:111,1
DA:118,1
DA:120,1
DA:122,0
DA:123,0
DA:139,21
DA:140,21
DA:141,1
DA:143,21
DA:144,21
DA:271,1
DA:275,1
DA:283,1
DA:288,1
DA:289,0
DA:292,1
LF:43
LH:39
BRDA:100,0,0,3
BRDA:100,0,1,1
BRDA:100,1,0,4
BRDA:100,1,1,3
BRDA:100,1,2,2
BRDA:122,2,0,0
BRDA:122,2,1,0
BRDA:140,3,0,1
BRDA:140,3,1,20
BRDA:158,4,0,1
BRDA:158,4,1,20
BRDA:174,5,0,21
BRDA:174,5,1,0
BRDA:191,6,0,21
BRDA:191,6,1,1
BRDA:208,7,0,21
BRDA:208,7,1,1
BRDA:224,8,0,21
BRDA:224,8,1,1
BRDA:257,9,0,1
BRDA:257,9,1,20
BRF:21
BRH:18
end_of_record
TN:
SF:/Users/andeladeveloper/Desktop/more-recipes/More-Recipes/client/containers/AddReview.jsx
FN:15,(anonymous_0)
FN:32,(anonymous_1)
FN:40,(anonymous_2)
FN:49,(anonymous_3)
FN:76,(anonymous_4)
FN:114,(anonymous_5)
FN:129,(anonymous_6)
FN:133,(anonymous_7)
FNF:8
FNH:4
FNDA:4,(anonymous_0)
FNDA:1,(anonymous_1)
FNDA:0,(anonymous_2)
FNDA:2,(anonymous_3)
FNDA:8,(anonymous_4)
FNDA:0,(anonymous_5)
FNDA:0,(anonymous_6)
FNDA:0,(anonymous_7)
DA:16,4
DA:17,4
DA:18,4
DA:19,4
DA:20,4
DA:33,1
DA:41,0
DA:50,2
DA:51,2
DA:55,2
DA:57,2
DA:58,1
DA:61,1
DA:63,1
DA:64,0
DA:65,0
DA:66,0
DA:68,1
DA:69,1
DA:77,8
DA:113,1
DA:117,1
DA:129,1
DA:133,1
DA:134,0
DA:137,1
LF:26
LH:21
BRDA:57,0,0,1
BRDA:57,0,1,1
BRDA:63,1,0,0
BRDA:63,1,1,1
BRDA:91,2,0,8
BRDA:91,2,1,1
BRF:6
BRH:5
end_of_record
TN:
SF:/Users/andeladeveloper/Desktop/more-recipes/More-Recipes/client/containers/EditRecipeForm.jsx
FN:24,(anonymous_0)
FN:47,(anonymous_1)
FN:61,(anonymous_2)
FN:70,(anonymous_3)
FN:79,(anonymous_4)
FN:107,(anonymous_5)
FN:151,(anonymous_6)
FN:295,(anonymous_7)
FN:299,(anonymous_8)
FNF:9
FNH:7
FNDA:10,(anonymous_0)
FNDA:10,(anonymous_1)
FNDA:3,(anonymous_2)
FNDA:1,(anonymous_3)
FNDA:2,(anonymous_4)
FNDA:5,(anonymous_5)
FNDA:67,(anonymous_6)
FNDA:0,(anonymous_7)
FNDA:0,(anonymous_8)
DA:11,1
DA:25,10
DA:26,10
DA:27,10
DA:28,10
DA:29,10
DA:30,10
DA:48,10
DA:49,10
DA:50,10
DA:51,10
DA:52,10
DA:53,10
DA:54,10
DA:62,3
DA:71,1
DA:80,2
DA:81,2
DA:82,1
DA:84,1
DA:85,1
DA:86,1
DA:87,1
DA:88,1
DA:89,1
DA:90,1
DA:96,1
DA:97,1
DA:99,0
DA:108,5
DA:109,5
DA:110,5
DA:116,5
DA:118,5
DA:120,3
DA:127,2
DA:128,2
DA:129,2
DA:136,2
DA:137,2
DA:139,2
DA:140,2
DA:142,0
DA:143,0
DA:152,67
DA:153,67
DA:270,1
DA:274,1
DA:295,1
DA:299,1
DA:300,0
DA:304,1
LF:52
LH:48
BRDA:81,0,0,1
BRDA:81,0,1,1
BRDA:118,1,0,3
BRDA:118,1,1,2
BRDA:118,2,0,5
BRDA:118,2,1,4
BRDA:118,2,2,3
BRDA:142,3,0,0
BRDA:142,3,1,0
BRDA:166,4,0,54
BRDA:166,4,1,13
BRDA:172,5,0,67
BRDA:172,5,1,0
BRDA:189,6,0,67
BRDA:189,6,1,5
BRDA:206,7,0,67
BRDA:206,7,1,5
BRDA:223,8,0,67
BRDA:223,8,1,5
BRF:19
BRH:16
end_of_record
TN:
SF:/Users/andeladeveloper/Desktop/more-recipes/More-Recipes/client/containers/EditUserPasswordForm.jsx
FN:16,(anonymous_0)
FN:32,(anonymous_1)
FN:40,(anonymous_2)
FN:64,(anonymous_3)
FN:143,(anonymous_4)
FNF:5
FNH:4
FNDA:5,(anonymous_0)
FNDA:1,(anonymous_1)
FNDA:3,(anonymous_2)
FNDA:12,(anonymous_3)
FNDA:0,(anonymous_4)
DA:17,5
DA:18,5
DA:19,5
DA:20,5
DA:33,1
DA:41,3
DA:42,3
DA:46,3
DA:48,3
DA:49,2
DA:54,1
DA:55,1
DA:65,12
DA:127,1
DA:132,1
DA:143,1
DA:144,0
DA:147,1
LF:18
LH:17
BRDA:48,0,0,2
BRDA:48,0,1,1
BRDA:48,1,0,3
BRDA:48,1,1,2
BRDA:86,2,0,12
BRDA:86,2,1,1
BRDA:102,3,0,12
BRDA:102,3,1,2
BRF:8
BRH:8
end_of_record
TN:
SF:/Users/andeladeveloper/Desktop/more-recipes/More-Recipes/client/containers/EditUserProfileForm.jsx
FN:17,(anonymous_0)
FN:34,(anonymous_1)
FN:45,(anonymous_2)
FN:53,(anonymous_3)
FN:83,(anonymous_4)
FN:186,(anonymous_5)
FN:191,(anonymous_6)
FNF:7
FNH:5
FNDA:8,(anonymous_0)
FNDA:8,(anonymous_1)
FNDA:3,(anonymous_2)
FNDA:4,(anonymous_3)
FNDA:19,(anonymous_4)
FNDA:0,(anonymous_5)
FNDA:0,(anonymous_6)
DA:18,8
DA:19,8
DA:20,8
DA:21,8
DA:35,8
DA:36,8
DA:37,8
DA:38,8
DA:46,3
DA:54,4
DA:55,4
DA:61,4
DA:63,4
DA:65,3
DA:71,1
DA:73,1
DA:84,19
DA:161,1
DA:167,1
DA:186,1
DA:191,1
DA:192,0
DA:195,1
LF:23
LH:22
BRDA:63,0,0,3
BRDA:63,0,1,1
BRDA:63,1,0,4
BRDA:63,1,1,3
BRDA:63,1,2,2
BRDA:104,2,0,19
BRDA:104,2,1,1
BRDA:120,3,0,19
BRDA:120,3,1,1
BRDA:136,4,0,19
BRDA:136,4,1,1
BRF:11
BRH:11
end_of_record
TN:
SF:/Users/andeladeveloper/Desktop/more-recipes/More-Recipes/client/containers/Favourite.jsx
FN:19,(anonymous_0)
FN:29,(anonymous_1)
FN:37,(anonymous_2)
FN:45,(anonymous_3)
FN:55,(anonymous_4)
FN:62,(anonymous_5)
FN:63,(anonymous_6)
FN:71,(anonymous_7)
FN:79,(anonymous_8)
FN:144,(anonymous_9)
FN:211,(anonymous_10)
FN:217,(anonymous_11)
FNF:12
FNH:6
FNDA:3,(anonymous_0)
FNDA:3,(anonymous_1)
FNDA:0,(anonymous_2)
FNDA:0,(anonymous_3)
FNDA:1,(anonymous_4)
FNDA:0,(anonymous_5)
FNDA:0,(anonymous_6)
FNDA:3,(anonymous_7)
FNDA:2,(anonymous_8)
FNDA:3,(anonymous_9)
FNDA:0,(anonymous_10)
FNDA:0,(anonymous_11)
DA:20,3
DA:21,3
DA:22,3
DA:23,3
DA:24,3
DA:30,3
DA:38,0
DA:46,0
DA:47,0
DA:56,1
DA:57,1
DA:62,0
DA:63,0
DA:72,3
DA:73,3
DA:80,2
DA:145,3
DA:189,1
DA:193,1
DA:211,1
DA:217,1
DA:223,1
LF:22
LH:17
BRDA:73,0,0,1
BRDA:73,0,1,2
BRDA:160,1,0,2
BRDA:160,1,1,1
BRF:4
BRH:4
end_of_record
TN:
SF:/Users/andeladeveloper/Desktop/more-recipes/More-Recipes/client/containers/LatestRecipes.jsx
FN:15,(anonymous_0)
FN:22,(anonymous_1)
FN:24,(anonymous_2)
FN:32,(anonymous_3)
FN:65,(anonymous_4)
FN:69,(anonymous_5)
FNF:6
FNH:4
FNDA:1,(anonymous_0)
FNDA:1,(anonymous_1)
FNDA:1,(anonymous_2)
FNDA:1,(anonymous_3)
FNDA:0,(anonymous_4)
FNDA:0,(anonymous_5)
DA:16,1
DA:23,1
DA:24,1
DA:25,1
DA:33,1
DA:49,1
DA:65,1
DA:69,1
DA:75,1
LF:9
LH:9
BRF:0
BRH:0
end_of_record
TN:
SF:/Users/andeladeveloper/Desktop/more-recipes/More-Recipes/client/containers/PopularRecipes.jsx
FN:16,(anonymous_0)
FN:23,(anonymous_1)
FN:25,(anonymous_2)
FN:33,(anonymous_3)
FN:66,(anonymous_4)
FN:70,(anonymous_5)
FNF:6
FNH:4
FNDA:1,(anonymous_0)
FNDA:1,(anonymous_1)
FNDA:1,(anonymous_2)
FNDA:1,(anonymous_3)
FNDA:0,(anonymous_4)
FNDA:0,(anonymous_5)
DA:17,1
DA:24,1
DA:25,1
DA:26,1
DA:34,1
DA:50,1
DA:66,1
DA:70,1
DA:75,1
LF:9
LH:9
BRF:0
BRH:0
end_of_record
TN:
SF:/Users/andeladeveloper/Desktop/more-recipes/More-Recipes/client/containers/RecipeDetails.jsx
FN:16,(anonymous_0)
FN:27,(anonymous_1)
FN:37,(anonymous_2)
FN:52,(anonymous_3)
FN:67,(anonymous_4)
FN:82,(anonymous_5)
FN:174,(anonymous_6)
FN:179,(anonymous_7)
FNF:8
FNH:6
FNDA:4,(anonymous_0)
FNDA:4,(anonymous_1)
FNDA:1,(anonymous_2)
FNDA:1,(anonymous_3)
FNDA:1,(anonymous_4)
FNDA:4,(anonymous_5)
FNDA:0,(anonymous_6)
FNDA:0,(anonymous_7)
DA:17,4
DA:18,4
DA:19,4
DA:20,4
DA:21,4
DA:28,4
DA:29,4
DA:38,1
DA:39,1
DA:40,1
DA:41,0
DA:43,1
DA:44,1
DA:53,1
DA:54,1
DA:55,1
DA:56,0
DA:58,1
DA:59,1
DA:68,1
DA:69,1
DA:70,1
DA:71,0
DA:72,0
DA:74,1
DA:75,1
DA:83,4
DA:84,4
DA:142,1
DA:174,1
DA:179,1
DA:180,0
DA:186,1
LF:33
LH:28
BRDA:40,0,0,0
BRDA:40,0,1,1
BRDA:55,1,0,0
BRDA:55,1,1,1
BRDA:70,2,0,0
BRDA:70,2,1,1
BRF:6
BRH:3
end_of_record
TN:
SF:/Users/andeladeveloper/Desktop/more-recipes/More-Recipes/client/containers/RecipeReviews.jsx
FN:16,(anonymous_0)
FN:27,(anonymous_1)
FN:39,(anonymous_2)
FN:41,(anonymous_3)
FN:52,(anonymous_4)
FN:55,(anonymous_5)
FN:83,(anonymous_6)
FN:121,(anonymous_7)
FN:126,(anonymous_8)
FNF:9
FNH:7
FNDA:1,(anonymous_0)
FNDA:1,(anonymous_1)
FNDA:2,(anonymous_2)
FNDA:2,(anonymous_3)
FNDA:1,(anonymous_4)
FNDA:1,(anonymous_5)
FNDA:1,(anonymous_6)
FNDA:0,(anonymous_7)
FNDA:0,(anonymous_8)
DA:17,1
DA:18,1
DA:19,1
DA:20,1
DA:21,1
DA:28,1
DA:29,1
DA:30,1
DA:41,2
DA:42,2
DA:43,1
DA:44,1
DA:45,1
DA:53,1
DA:55,1
DA:56,1
DA:84,1
DA:97,1
DA:121,1
DA:126,1
DA:127,0
DA:130,1
LF:22
LH:21
BRDA:42,0,0,1
BRDA:42,0,1,1
BRDA:42,1,0,2
BRDA:42,1,1,1
BRDA:44,2,0,1
BRDA:44,2,1,0
BRDA:44,3,0,1
BRDA:44,3,1,1
BRF:8
BRH:7
end_of_record
TN:
SF:/Users/andeladeveloper/Desktop/more-recipes/More-Recipes/client/containers/RecipesCatalogue.jsx
FN:17,(anonymous_0)
FN:34,(anonymous_1)
FN:45,(anonymous_2)
FN:62,(anonymous_3)
FN:66,(anonymous_4)
FN:84,(anonymous_5)
FN:102,(anonymous_6)
FN:105,(anonymous_7)
FN:116,(anonymous_8)
FN:243,(anonymous_9)
FN:248,(anonymous_10)
FNF:11
FNH:8
FNDA:5,(anonymous_0)
FNDA:5,(anonymous_1)
FNDA:1,(anonymous_2)
FNDA:2,(anonymous_3)
FNDA:2,(anonymous_4)
FNDA:0,(anonymous_5)
FNDA:22,(anonymous_6)
FNDA:22,(anonymous_7)
FNDA:22,(anonymous_8)
FNDA:0,(anonymous_9)
FNDA:0,(anonymous_10)
DA:18,5
DA:19,5
DA:20,5
DA:21,5
DA:22,5
DA:23,5
DA:35,5
DA:36,5
DA:38,5
DA:46,1
DA:47,1
DA:50,1
DA:55,1
DA:63,2
DA:64,2
DA:67,2
DA:68,0
DA:73,2
DA:76,2
DA:85,0
DA:86,0
DA:87,0
DA:88,0
DA:89,0
DA:93,0
DA:96,0
DA:103,22
DA:104,22
DA:106,22
DA:117,22
DA:222,1
DA:226,1
DA:243,1
DA:248,1
DA:254,1
LF:35
LH:27
BRDA:67,0,0,0
BRDA:67,0,1,2
BRDA:88,1,0,0
BRDA:88,1,1,0
BRDA:104,2,0,22
BRDA:104,2,1,0
BRDA:193,3,0,22
BRDA:193,3,1,0
BRF:8
BRH:3
end_of_record
TN:
SF:/Users/andeladeveloper/Desktop/more-recipes/More-Recipes/client/containers/SigninForm.jsx
FN:17,(anonymous_0)
FN:33,(anonymous_1)
FN:44,(anonymous_2)
FN:54,(anonymous_3)
FN:73,(anonymous_4)
FN:171,(anonymous_5)
FN:176,(anonymous_6)
FNF:7
FNH:4
FNDA:6,(anonymous_0)
FNDA:0,(anonymous_1)
FNDA:2,(anonymous_2)
FNDA:3,(anonymous_3)
FNDA:13,(anonymous_4)
FNDA:0,(anonymous_5)
FNDA:0,(anonymous_6)
DA:18,6
DA:19,6
DA:20,6
DA:21,6
DA:34,0
DA:35,0
DA:45,2
DA:46,2
DA:55,3
DA:56,3
DA:60,3
DA:62,3
DA:63,2
DA:67,1
DA:74,13
DA:151,2
DA:156,2
DA:171,2
DA:176,2
DA:179,2
LF:20
LH:18
BRDA:34,0,0,0
BRDA:34,0,1,0
BRDA:62,1,0,2
BRDA:62,1,1,1
BRDA:62,2,0,3
BRDA:62,2,1,2
BRDA:93,3,0,13
BRDA:93,3,1,1
BRDA:109,4,0,13
BRDA:109,4,1,1
BRF:10
BRH:8
end_of_record
TN:
SF:/Users/andeladeveloper/Desktop/more-recipes/More-Recipes/client/containers/SignupForm.jsx
FN:15,(anonymous_0)
FN:37,(anonymous_1)
FN:48,(anonymous_2)
FN:57,(anonymous_3)
FN:86,(anonymous_4)
FN:96,(anonymous_5)
FN:190,(anonymous_6)
FN:214,(anonymous_7)
FNF:8
FNH:5
FNDA:11,(anonymous_0)
FNDA:0,(anonymous_1)
FNDA:5,(anonymous_2)
FNDA:5,(anonymous_3)
FNDA:25,(anonymous_4)
FNDA:5,(anonymous_5)
FNDA:0,(anonymous_6)
FNDA:0,(anonymous_7)
DA:16,11
DA:17,11
DA:18,11
DA:19,11
DA:20,11
DA:38,0
DA:39,0
DA:49,5
DA:50,5
DA:58,5
DA:59,5
DA:66,5
DA:68,5
DA:71,4
DA:80,1
DA:87,25
DA:96,5
DA:190,1
DA:194,1
DA:199,1
DA:214,1
DA:217,1
LF:22
LH:20
BRDA:38,0,0,0
BRDA:38,0,1,0
BRDA:68,1,0,4
BRDA:68,1,1,1
BRDA:68,2,0,5
BRDA:68,2,1,4
BRDA:68,2,2,3
BRDA:68,2,3,2
BRDA:68,2,4,1
BRDA:105,3,0,25
BRDA:105,3,1,1
BRDA:120,4,0,25
BRDA:120,4,1,1
BRDA:135,5,0,25
BRDA:135,5,1,1
BRDA:150,6,0,25
BRDA:150,6,1,1
BRDA:165,7,0,25
BRDA:165,7,1,1
BRF:19
BRH:17
end_of_record
TN:
SF:/Users/andeladeveloper/Desktop/more-recipes/More-Recipes/client/containers/UserRecipes.jsx
FN:17,(anonymous_0)
FN:26,(anonymous_1)
FN:34,(anonymous_2)
FN:44,(anonymous_3)
FN:51,(anonymous_4)
FN:52,(anonymous_5)
FN:60,(anonymous_6)
FN:68,(anonymous_7)
FN:142,(anonymous_8)
FN:177,(anonymous_9)
FN:181,(anonymous_10)
FNF:11
FNH:6
FNDA:3,(anonymous_0)
FNDA:3,(anonymous_1)
FNDA:0,(anonymous_2)
FNDA:1,(anonymous_3)
FNDA:0,(anonymous_4)
FNDA:0,(anonymous_5)
FNDA:3,(anonymous_6)
FNDA:2,(anonymous_7)
FNDA:3,(anonymous_8)
FNDA:0,(anonymous_9)
FNDA:0,(anonymous_10)
DA:18,3
DA:19,3
DA:20,3
DA:21,3
DA:27,3
DA:35,0
DA:45,1
DA:46,1
DA:51,0
DA:52,0
DA:61,3
DA:62,3
DA:69,2
DA:143,3
DA:160,1
DA:177,1
DA:181,1
DA:187,1
LF:18
LH:15
BRDA:62,0,0,1
BRDA:62,0,1,2
BRF:2
BRH:2
end_of_record
TN:
SF:/Users/andeladeveloper/Desktop/more-recipes/More-Recipes/client/reducers/favouriteRecipes.js
FN:3,(anonymous_0)
FN:17,(anonymous_1)
FNF:2
FNH:2
FNDA:3,(anonymous_0)
FNDA:4,(anonymous_1)
DA:3,1
DA:4,3
DA:6,1
DA:15,1
DA:17,4
DA:21,1
LF:6
LH:6
BRDA:3,0,0,0
BRDA:4,1,0,1
BRDA:4,1,1,1
BRDA:4,1,2,1
BRDA:6,2,0,1
BRDA:6,2,1,0
BRF:6
BRH:4
end_of_record
TN:
SF:/Users/andeladeveloper/Desktop/more-recipes/More-Recipes/client/reducers/latestRecipes.js
FN:3,(anonymous_0)
FNF:1
FNH:1
FNDA:2,(anonymous_0)
DA:3,1
DA:4,2
DA:6,1
DA:11,1
LF:4
LH:4
BRDA:3,0,0,0
BRDA:4,1,0,1
BRDA:4,1,1,1
BRDA:6,2,0,1
BRDA:6,2,1,0
BRF:5
BRH:3
end_of_record
TN:
SF:/Users/andeladeveloper/Desktop/more-recipes/More-Recipes/client/reducers/popularRecipes.js
FN:3,(anonymous_0)
FNF:1
FNH:1
FNDA:2,(anonymous_0)
DA:3,1
DA:4,2
DA:6,1
DA:11,1
LF:4
LH:4
BRDA:3,0,0,0
BRDA:4,1,0,1
BRDA:4,1,1,1
BRDA:6,2,0,1
BRDA:6,2,1,0
BRF:5
BRH:3
end_of_record
TN:
SF:/Users/andeladeveloper/Desktop/more-recipes/More-Recipes/client/reducers/recipes.js
FN:3,(anonymous_0)
FNF:1
FNH:1
FNDA:4,(anonymous_0)
DA:3,1
DA:4,4
DA:6,1
DA:15,1
DA:25,1
DA:34,1
LF:6
LH:6
BRDA:3,0,0,0
BRDA:4,1,0,1
BRDA:4,1,1,1
BRDA:4,1,2,1
BRDA:4,1,3,1
BRDA:15,2,0,1
BRDA:15,2,1,0
BRDA:25,3,0,1
BRDA:25,3,1,0
BRF:9
BRH:6
end_of_record
TN:
SF:/Users/andeladeveloper/Desktop/more-recipes/More-Recipes/client/reducers/reviews.js
FN:3,(anonymous_0)
FNF:1
FNH:1
FNDA:3,(anonymous_0)
DA:3,1
DA:4,3
DA:6,1
DA:12,1
DA:16,1
LF:5
LH:5
BRDA:3,0,0,0
BRDA:4,1,0,1
BRDA:4,1,1,1
BRDA:4,1,2,1
BRF:4
BRH:3
end_of_record
TN:
SF:/Users/andeladeveloper/Desktop/more-recipes/More-Recipes/client/reducers/singleRecipe.js
FN:3,(anonymous_0)
FNF:1
FNH:1
FNDA:4,(anonymous_0)
DA:3,1
DA:4,4
DA:6,1
DA:9,1
DA:12,1
DA:18,1
DA:21,1
DA:27,1
LF:8
LH:8
BRDA:3,0,0,0
BRDA:4,1,0,1
BRDA:4,1,1,1
BRDA:4,1,2,1
BRDA:4,1,3,1
BRDA:9,2,0,1
BRDA:9,2,1,0
BRDA:18,3,0,1
BRDA:18,3,1,0
BRF:9
BRH:6
end_of_record
TN:
SF:/Users/andeladeveloper/Desktop/more-recipes/More-Recipes/client/reducers/user.js
FN:3,(anonymous_0)
FNF:1
FNH:1
FNDA:4,(anonymous_0)
DA:3,1
DA:4,4
DA:6,1
DA:11,1
DA:16,1
DA:17,1
DA:21,1
LF:7
LH:7
BRDA:3,0,0,0
BRDA:4,1,0,1
BRDA:4,1,1,1
BRDA:4,1,2,1
BRDA:4,1,3,1
BRF:5
BRH:4
end_of_record
TN:
SF:/Users/andeladeveloper/Desktop/more-recipes/More-Recipes/client/reducers/userRecipes.js
FN:3,(anonymous_0)
FN:13,(anonymous_1)
FNF:2
FNH:2
FNDA:3,(anonymous_0)
FNDA:4,(anonymous_1)
DA:3,1
DA:4,3
DA:6,1
DA:11,1
DA:13,4
DA:17,1
LF:6
LH:6
BRDA:3,0,0,0
BRDA:4,1,0,1
BRDA:4,1,1,1
BRDA:4,1,2,1
BRDA:6,2,0,1
BRDA:6,2,1,0
BRF:6
BRH:4
end_of_record
